73 [3012] TRACE perfrun.launcher <> - ENTER: int wmain(int, __wchar_t **)
74 [3012] INFO perfrun.launcher <> - Launcher main begin
77 [3012] INFO perfrun.launcher <> - MessageCatalogInit finished
77 [3012] INFO perfrun.launcher <> - Launcher instance created
77 [3012] TRACE perfrun.launcher <> - ENTER: Start the collection
77 [3012] INFO perfrun.launcher <> - argc = 6; cmdline = E:\Program Files (x86)\IntelSWTools\Advisor 2019\bin64\advixe-runss.exe --ui-output-format xml --ui-output-fd 3332 --context-value-list 
77 [3012] TRACE perfrun.launcher <> - ENTER: Initialize the launcher
106 [3012] INFO perfrun.launcher <> - New signal handler callback was added
106 [3012] TRACE perfrun.launcher <> - ENTER: void runtool::CmdLineParser::declareOptions()
115 [3012] TRACE perfrun.launcher <> - EXIT:  void runtool::CmdLineParser::declareOptions()
115 [3012] INFO perfrun.launcher <> - plugin remoteplug has been added successfully
115 [3012] TRACE perfrun.system <> - ENTER: runtool::system::IController *runtool::system::IController::create()
115 [3012] TRACE perfrun.system <> - ENTER: runtool::system::Controller::Controller()
115 [3012] TRACE perfrun.system <> - EXIT:  runtool::system::Controller::Controller()
115 [3012] TRACE perfrun.system <> - EXIT:  runtool::system::IController *runtool::system::IController::create()
115 [3012] INFO perfrun.launcher <> - plugin system has been added successfully
115 [3012] INFO perfrun.launcher <> - plugin  has been added successfully
115 [3012] INFO perfrun.launcher <> - plugin  has been added successfully
115 [3012] INFO perfrun.launcher <> - plugin  has been added successfully
115 [3012] INFO perfrun.launcher <> - plugin  has been added successfully
115 [3012] INFO perfrun.launcher <> - plugin  has been added successfully
115 [3012] INFO perfrun.launcher <> - plugin  has been added successfully
115 [3012] INFO perfrun.launcher <> - plugin mrte has been added successfully
116 [3012] INFO perfrun.launcher <> - plugin  has been added successfully
116 [3012] INFO perfrun.launcher <> - plugin  has been added successfully
116 [3012] INFO perfrun.launcher <> - plugin  has been added successfully
116 [3012] INFO perfrun.launcher <> - plugin  has been added successfully
116 [3012] INFO perfrun.launcher <> - plugin  has been added successfully
116 [3012] INFO perfrun.launcher <> - plugin  has been added successfully
116 [3012] TRACE perfrun.tpss <> - ENTER: runtool::sdk::IController *runtool::tpss::IController::create()
116 [3012] TRACE perfrun.tpss <> - ENTER: create tpss controller
123 [3012] TRACE perfrun.tpss <> - EXIT:  create tpss controller
123 [3012] TRACE perfrun.tpss <> - EXIT:  runtool::sdk::IController *runtool::tpss::IController::create()
124 [3012] INFO perfrun.launcher <> - plugin tpss has been added successfully
124 [3012] INFO perfrun.launcher <> - plugin  has been added successfully
124 [3012] INFO perfrun.launcher <> - plugin  has been added successfully
124 [3012] INFO perfrun.launcher <> - plugin  has been added successfully
124 [3012] INFO perfrun.launcher <> - plugin  has been added successfully
124 [3012] INFO perfrun.launcher <> - plugin  has been added successfully
124 [3012] INFO perfrun.launcher <> - the option was added --interval: Specify an interval of data collection (for example, sampling) in milliseconds.
124 [3012] INFO perfrun.launcher <> - the option was added --follow-child: Profile process with or without children.
125 [3012] INFO perfrun.launcher <> - the option was added --gelding: BADMSG: perfrun1.launcher.plugin_manager::gelding
125 [3012] INFO perfrun.launcher <> - the option was added --time-source: Specify time source for measurement. Possible values: sys - wall clock time; tsc - time stamp counter; ext - time from an external source; auto - auto select accurate time source.
125 [3012] INFO perfrun.launcher <> - the option was added --stack: Enable or disable collection of stacks.
126 [3012] INFO perfrun.launcher <> - the option was added --stack-stitching: Enable or disable the stack stitching algorithm for Intel TBB-based applications.
126 [3012] INFO perfrun.launcher <> - the option was added --type: Specify type of data to be collected. For example, --type cpu:counters,waiting:nostack,io.
126 [3012] INFO perfrun.launcher <> - the option was added --mrte-mode: Specify Java/.NET/other managed runtime collection mode. Possible values: native - collect information only for native code; managed - collect information only for managed code; mixed - collect information for both managed and native code; auto - choose the mode based on binary type.
126 [3012] INFO perfrun.launcher <> - the option was added --mrte-mode-list: List supported Java/.NET/other managed runtime collection modes.
126 [3012] INFO perfrun.launcher <> - the option was added --mrte-type: Specify which managed runtimes to collect. Possible values: java - collect information for Java; dotnet - collect information for .NET; python - collect information for CPython. You can specify several values separated by comma.
127 [3012] INFO perfrun.launcher <> - the option was added --mrte-type-list: List supported Java/.NET/other managed runtime types.
127 [3012] INFO perfrun.launcher <> - the option was added --trace-strategy: Specify how to profile a process tree. <string> can be "<process>:trace:notrace" - profile the process but do not profile its children. Shorthand parameters: t - trace, nt - notrace. For example, "vtunedemo.exe:t:t".
127 [3012] INFO perfrun.launcher <> - the option was added --collector: BADMSG: perfrun1.launcher.plugin_manager::collector
127 [3012] INFO perfrun.launcher <> - the option was added --system-wide: Enable system-wide profiling. This mode may require additional permissions.
127 [3012] INFO perfrun.launcher <> - the option was added --kvm-guest: Enable KVM guest OS profiling.
127 [3012] INFO perfrun.launcher <> - the option was added --kvm-guest-kallsyms: Specify a local path to the /proc/kallsyms file copied from the guest OS for proper symbol resolution.
127 [3012] INFO perfrun.launcher <> - the option was added --kvm-guest-modules: Specify a local path to the /proc/modules file copied from the guest OS for proper symbol resolution.
127 [3012] INFO perfrun.launcher <> - the option was added --bandwidth-limits: Measure bandwidth limits
127 [3012] INFO perfrun.launcher <> - the option was added --bandwidth-strategy: Bandwidth limits determination specific properties (example: --bandwidth-strategy array-size=0,duration=500).
127 [3012] INFO perfrun.launcher <> - the option was added --bandwidth-config: List of benchmarks to run.
127 [3012] INFO perfrun.launcher <> - the option was added --system-collector-config: Specify subcollectors. Possible values: all, vdso, container, device-info, none.
128 [3012] INFO perfrun.launcher <> - the option was added --stackwalk: Specify stack unwinding method. Possible values: online - unwind stacks during collection; offline - unwind stacks after collection is finished.
128 [3012] INFO perfrun.launcher <> - the option was added --filter-include: Filter data during collection. Possible values: contended=<on|off> - filter out uncontended events; contended_nostack=<time> - filter out stacks for contended events that take less than <time> microseconds; wait=<time> - ignore transitions and blocks with wait time less than <time> microseconds; wait_nostack=<time> - filter out stacks for waits that take less than <time> microseconds.
128 [3012] INFO perfrun.launcher <> - the option was added --debug-pin: Debug PIN tool and runtime.
128 [3012] INFO perfrun.launcher <> - the option was added --debug-exception: Disallow the application to set own abnormal termination handler.
128 [3012] INFO perfrun.launcher <> - the option was added --trace-type: Specify the trace file granularity. Possible values: per-thread - per-thread trace file generation; per-process - per-process trace file generation.
128 [3012] INFO perfrun.launcher <> - the option was added --instrumentation-type: Specify type of instrumentation.
129 [3012] INFO perfrun.launcher <> - the option was added --guard-pulse-event: Enable handling of PulseEvent API in order not to miss signals made by the API during Hotspots collection.
129 [3012] INFO perfrun.launcher <> - the option was added --memory-strategy: Specify a minimal memory object size to be traced and a hash table size for faster objects search; for example: --memory-strategy obj-size-min=1024,hash-table-size=4096.
129 [3012] TRACE perfrun.launcher <> - Update configuration: tmp directory = E:\appdata\local\tmp\advixe-tmp-parham
130 [3012] TRACE perfrun.launcher <> - EXIT:  Initialize the launcher
130 [3012] INFO perfrun.launcher <> - create msngr2::ICliToolContext
130 [3012] TRACE perfrun.launcher <> - ENTER: void runtool::CmdLineParser::validateParseResult() const
130 [3012] TRACE perfrun.launcher <> - EXIT:  void runtool::CmdLineParser::validateParseResult() const
130 [3012] TRACE perfrun.launcher <> - ENTER: void runtool::CmdLineParser::populate(runtool::IConfiguration *) const
130 [3012] TRACE perfrun.launcher <> - Update configuration: action = context value list
130 [3012] TRACE perfrun.launcher <> - Update configuration: collection type = system-wide
130 [3012] TRACE perfrun.launcher <> - Update configuration: compression level = 2
130 [3012] TRACE perfrun.launcher <> - Update configuration: duration = 0 sec
130 [3012] TRACE perfrun.launcher <> - Update configuration: host ports = 4000,
131 [3012] TRACE perfrun.launcher <> - Update configuration: target ports = 4001,9321,
131 [3012] TRACE perfrun.launcher <> - Update configuration: data limit = 0 bytes
131 [3012] TRACE perfrun.launcher <> - Update configuration: disc space limit = 0 bytes
131 [3012] TRACE perfrun.launcher <> - Update configuration: return-app-exitcode = false
131 [3012] TRACE perfrun.launcher <> - Update configuration: result directory = r@@@
131 [3012] TRACE perfrun.launcher <> - [IN] option = follow-child; value = true !bool
131 [3012] TRACE perfrun.launcher <> - [IN] option = gelding; value = false !bool
131 [3012] TRACE perfrun.launcher <> - [IN] option = time-source; value = auto !ustring
131 [3012] TRACE perfrun.launcher <> - [IN] option = stack; value = true !bool
131 [3012] TRACE perfrun.launcher <> - [IN] option = stack-stitching; value = false !bool
131 [3012] TRACE perfrun.launcher <> - [IN] option = mrte-mode; value = native !ustring
131 [3012] TRACE perfrun.launcher <> - [IN] option = collector; value = sep !ustring
131 [3012] TRACE perfrun.launcher <> - [IN] option = system-wide; value = false !bool
131 [3012] TRACE perfrun.launcher <> - [IN] option = kvm-guest; value = false !bool
131 [3012] TRACE perfrun.launcher <> - [IN] option = bandwidth-limits; value = false !bool
131 [3012] TRACE perfrun.launcher <> - [IN] option = system-collector-config; value = all !ustring
131 [3012] TRACE perfrun.launcher <> - [IN] option = trace-type; value = per-thread !ustring
131 [3012] TRACE perfrun.launcher <> - [IN] option = instrumentation-type; value = pin !ustring
131 [3012] TRACE perfrun.launcher <> - [IN] option = guard-pulse-event; value = false !bool
131 [3012] TRACE perfrun.launcher <> - EXIT:  void runtool::CmdLineParser::populate(runtool::IConfiguration *) const
131 [11548] TRACE perfrun.tpss <> - ENTER: void runtool::tpss::Controller::setMessageChannel(runtool::sdk::IMessageChannel *)
131 [11548] TRACE perfrun.tpss <> - EXIT:  void runtool::tpss::Controller::setMessageChannel(runtool::sdk::IMessageChannel *)
131 [3012] INFO perfrun.launcher <> - create file finder object
131 [11548] TRACE perfrun.tpss <> - ENTER: void runtool::tpss::Controller::setRequestHandler(runtool::sdk::IRequestHandler *)
131 [11548] TRACE perfrun.tpss <> - EXIT:  void runtool::tpss::Controller::setRequestHandler(runtool::sdk::IRequestHandler *)
131 [3012] TRACE perfrun.launcher <> - Handle the user request: action = 12
131 [3012] TRACE perfrun.launcher <> - Do context-value-list action
132 [3012] INFO perfrun.launcher <> - Put into the variant bag the context value: name = targetOS; value = Windows
132 [3012] INFO perfrun.launcher <> - Put into the variant bag the context value: name = OS; value = Windows
132 [3012] INFO perfrun.launcher <> - Put into the variant bag the context value: name = OSBuildNumber; value = 17134
133 [3012] INFO perfrun.launcher <> - Put into the variant bag the context value: name = OSBitness; value = 64
133 [3012] INFO perfrun.launcher <> - Put into the variant bag the context value: name = isPtraceScopeLimited; value = false
133 [3012] INFO perfrun.launcher <> - Put into the variant bag the context value: name = isTSXAvailable; value = true
133 [3012] INFO perfrun.launcher <> - Put into the variant bag the context value: name = isHTEnabled; value = true
133 [3012] INFO perfrun.launcher <> - Put into the variant bag the context value: name = fpgaOnBoard; value = None
133 [3012] INFO perfrun.launcher <> - Put into the variant bag the context value: name = pciClassParts; value = 
134 [3012] INFO perfrun.launcher <> - Put into the variant bag the context value: name = isSGXAvailable; value = true
134 [3012] INFO perfrun.launcher <> - Put into the variant bag the context value: name = Hypervisor; value = None
134 [3012] INFO perfrun.launcher <> - Put into the variant bag the context value: name = PerfmonVersion; value = 4
134 [3012] INFO perfrun.launcher <> - Put into the variant bag the context value: name = isTPSSAvailable; value = true
134 [3012] INFO perfrun.launcher <> - Put into the variant bag the context value: name = isPytraceAvailable; value = true
134 [3012] INFO perfrun.launcher <> - Put into the variant bag the context value: name = isGENDebugInfoAvailable; value = true
134 [3012] INFO perfrun.launcher <> - Put into the variant bag the context value: name = isGTPinCollectionAvailable; value = ErrorNotSupported
134 [3012] TRACE perfrun.launcher <> - IMessenger: send variant bag
134 [3012] TRACE perfrun.launcher <> - IMessenger: send collection state with state = 3
134 [3012] INFO perfrun.launcher <> - Application exit code: 0
134 [3012] INFO perfrun.launcher <> - Exit code: 0
135 [3012] TRACE perfrun.launcher <> - EXIT:  Start the collection
135 [3012] TRACE perfrun.launcher <> - ENTER: Destroy the launcher...
135 [3012] TRACE perfrun.launcher <> - EXIT:  Destroy the launcher...
135 [3012] TRACE perfrun.launcher <> - PluginManagerProxy::doOperation thread was terminated.
135 [3012] TRACE perfrun.launcher <> - EXIT:  int wmain(int, __wchar_t **)
