<?xml version="1.0" encoding="utf-8" ?>
<!-- DO NOT EDIT THIS FILE -->

<log version='2.0' source='trc'>
	<msg id='1' display='false' source='trc'>
		<type>PROCESS_START</type>
		<severity>INFO</severity>
		<timestamp>Sun May 12 18:29:01 2019</timestamp>
		<arg name='process'>C:\Users\parham\documents\visual studio 2017\Projects\histogram\x64\Release\histogram.exe</arg>
		<arg name='pid'>9000</arg>
	</msg>
	<!-- Instrumentation filter's state:
    Patterns applicability:
        Generic loop pattern.....................: enabled
        Generic loop pattern (with dynamic jumps): enabled
        Known trip value loop pattern............: enabled
        Runtime final value loop pattern.........: enabled
        No initial IV loop pattern...............: enabled
        IV step only loop pattern................: enabled
        No entry loop pattern....................: enabled
    Clustered memory model (CMM) applicability:
        Generic loop pattern.....................: enabled
        Generic loop pattern (with dynamic jumps): enabled
        Known trip value loop pattern............: enabled
        Runtime final value loop pattern.........: enabled
        No initial IV loop pattern...............: enabled
        IV step only loop pattern................: enabled
        No entry loop pattern....................: disabled
 -->
	<!-- Callstack mode:
    filter modules.........: true
    filter routines........: true
    count loops............: false
    count flops............: false
    trace..................: false
    extended trace.........: false
    omp trace..............: false
    failures trace.........: false
    dump raw...............: false
    dump final.............: false
    dump all...............: false
    stack stitching........: true
    stl profiling..........: false
    aggressive frame switch: true
    unwind frame exit......: true
 -->
	<msg id='2' display='false' source='trc'>
		<type>PROCESS_ANALYSIS_MODE</type>
		<severity>INFO</severity>
		<timestamp>Sun May 12 18:29:01 2019</timestamp>
		<arg name='mode'>full</arg>
	</msg>
	<msg id='3' display='false' source='trc'>
		<type>LOAD_MODULE</type>
		<severity>INFO</severity>
		<timestamp>Sun May 12 18:29:01 2019</timestamp>
		<arg name='module'>C:\Users\parham\documents\visual studio 2017\Projects\histogram\x64\Release\histogram.exe</arg>
		<arg name='basement'>0x7ff776310000</arg>
		<arg name='ceiling'>0x7ff776317fff</arg>
	</msg>
	<!-- Instrumenting image: id = 1, name = C:\Users\parham\documents\visual studio 2017\Projects\histogram\x64\Release\histogram.exe -->
	<!-- Instrumenting loops in routine "categorize" -->
	<!-- Instrumenting loops in routine "main" -->
	<!-- Instrumenting loops in routine "categorize$omp$1" -->
	<msg id='4' display='false' source='trc'>
		<type>LOAD_MODULE</type>
		<severity>INFO</severity>
		<timestamp>Sun May 12 18:29:01 2019</timestamp>
		<arg name='module'>C:\WINDOWS\System32\KERNELBASE.dll</arg>
		<arg name='basement'>0x7ffbaa540000</arg>
		<arg name='ceiling'>0x7ffbaa7b2fff</arg>
	</msg>
	<!-- Instrumentation of C:\WINDOWS\System32\KERNELBASE.dll image skipped because of filter conditions [cs-mode]. -->
	<msg id='5' display='false' source='trc'>
		<type>LOAD_MODULE</type>
		<severity>INFO</severity>
		<timestamp>Sun May 12 18:29:01 2019</timestamp>
		<arg name='module'>C:\WINDOWS\System32\KERNEL32.DLL</arg>
		<arg name='basement'>0x7ffbac1f0000</arg>
		<arg name='ceiling'>0x7ffbac2a0fff</arg>
	</msg>
	<!-- Instrumentation of C:\WINDOWS\System32\KERNEL32.DLL image skipped because of filter conditions [cs-mode]. -->
	<msg id='6' display='false' source='trc'>
		<type>LOAD_MODULE</type>
		<severity>INFO</severity>
		<timestamp>Sun May 12 18:29:01 2019</timestamp>
		<arg name='module'>C:\WINDOWS\SYSTEM32\ntdll.dll</arg>
		<arg name='basement'>0x7ffbae170000</arg>
		<arg name='ceiling'>0x7ffbae350fff</arg>
	</msg>
	<!-- NtDelayExecution was replaced in ntdll.dll -->
	<!-- Instrumentation of C:\WINDOWS\SYSTEM32\ntdll.dll image skipped because of filter conditions. -->
	<msg id='7' display='false' source='trc'>
		<type>LOAD_MODULE</type>
		<severity>INFO</severity>
		<timestamp>Sun May 12 18:29:02 2019</timestamp>
		<arg name='module'>C:\WINDOWS\System32\ucrtbase.dll</arg>
		<arg name='basement'>0x7ffbaab70000</arg>
		<arg name='ceiling'>0x7ffbaac67fff</arg>
	</msg>
	<!-- Instrumentation of C:\WINDOWS\System32\ucrtbase.dll image skipped because of filter conditions [cs-mode]. -->
	<msg id='8' display='false' source='trc'>
		<type>LOAD_MODULE</type>
		<severity>INFO</severity>
		<timestamp>Sun May 12 18:29:02 2019</timestamp>
		<arg name='module'>C:\WINDOWS\SYSTEM32\VCOMP140.DLL</arg>
		<arg name='basement'>0x7ffb994d0000</arg>
		<arg name='ceiling'>0x7ffb994f7fff</arg>
	</msg>
	<!-- Instrumentation of C:\WINDOWS\SYSTEM32\VCOMP140.DLL image skipped because of filter conditions [cs-mode]. -->
	<msg id='9' display='false' source='trc'>
		<type>LOAD_MODULE</type>
		<severity>INFO</severity>
		<timestamp>Sun May 12 18:29:02 2019</timestamp>
		<arg name='module'>C:\WINDOWS\System32\USER32.dll</arg>
		<arg name='basement'>0x7ffbadfb0000</arg>
		<arg name='ceiling'>0x7ffbae13ffff</arg>
	</msg>
	<!-- Instrumentation of C:\WINDOWS\System32\USER32.dll image skipped because of filter conditions [cs-mode]. -->
	<msg id='10' display='false' source='trc'>
		<type>LOAD_MODULE</type>
		<severity>INFO</severity>
		<timestamp>Sun May 12 18:29:02 2019</timestamp>
		<arg name='module'>C:\WINDOWS\SYSTEM32\VCRUNTIME140.dll</arg>
		<arg name='basement'>0x7ffb9c120000</arg>
		<arg name='ceiling'>0x7ffb9c135fff</arg>
	</msg>
	<!-- Instrumentation of C:\WINDOWS\SYSTEM32\VCRUNTIME140.dll image skipped because of filter conditions [cs-mode]. -->
	<msg id='11' display='false' source='trc'>
		<type>LOAD_MODULE</type>
		<severity>INFO</severity>
		<timestamp>Sun May 12 18:29:02 2019</timestamp>
		<arg name='module'>C:\WINDOWS\System32\win32u.dll</arg>
		<arg name='basement'>0x7ffbaa9b0000</arg>
		<arg name='ceiling'>0x7ffbaa9cffff</arg>
	</msg>
	<!-- Instrumentation of C:\WINDOWS\System32\win32u.dll image skipped because of filter conditions [cs-mode]. -->
	<msg id='12' display='false' source='trc'>
		<type>LOAD_MODULE</type>
		<severity>INFO</severity>
		<timestamp>Sun May 12 18:29:02 2019</timestamp>
		<arg name='module'>C:\WINDOWS\System32\GDI32.dll</arg>
		<arg name='basement'>0x7ffbab830000</arg>
		<arg name='ceiling'>0x7ffbab857fff</arg>
	</msg>
	<!-- Instrumentation of C:\WINDOWS\System32\GDI32.dll image skipped because of filter conditions [cs-mode]. -->
	<msg id='13' display='false' source='trc'>
		<type>LOAD_MODULE</type>
		<severity>INFO</severity>
		<timestamp>Sun May 12 18:29:02 2019</timestamp>
		<arg name='module'>C:\WINDOWS\System32\gdi32full.dll</arg>
		<arg name='basement'>0x7ffbaa9d0000</arg>
		<arg name='ceiling'>0x7ffbaab61fff</arg>
	</msg>
	<!-- Instrumentation of C:\WINDOWS\System32\gdi32full.dll image skipped because of filter conditions [cs-mode]. -->
	<msg id='14' display='false' source='trc'>
		<type>LOAD_MODULE</type>
		<severity>INFO</severity>
		<timestamp>Sun May 12 18:29:02 2019</timestamp>
		<arg name='module'>C:\WINDOWS\System32\msvcp_win.dll</arg>
		<arg name='basement'>0x7ffbab4b0000</arg>
		<arg name='ceiling'>0x7ffbab54efff</arg>
	</msg>
	<!-- Instrumentation of C:\WINDOWS\System32\msvcp_win.dll image skipped because of filter conditions [cs-mode]. -->
	<msg id='15' display='false' source='trc'>
		<type>LOAD_MODULE</type>
		<severity>INFO</severity>
		<timestamp>Sun May 12 18:29:02 2019</timestamp>
		<arg name='module'>C:\WINDOWS\System32\IMM32.DLL</arg>
		<arg name='basement'>0x7ffbab920000</arg>
		<arg name='ceiling'>0x7ffbab94cfff</arg>
	</msg>
	<!-- Instrumentation of C:\WINDOWS\System32\IMM32.DLL image skipped because of filter conditions [cs-mode]. -->
	<msg id='16' display='false' source='trc'>
		<type>LOAD_MODULE</type>
		<severity>INFO</severity>
		<timestamp>Sun May 12 18:29:07 2019</timestamp>
		<arg name='module'>C:\WINDOWS\System32\kernel.appcore.dll</arg>
		<arg name='basement'>0x7ffbaa4c0000</arg>
		<arg name='ceiling'>0x7ffbaa4d0fff</arg>
	</msg>
	<!-- Instrumentation of C:\WINDOWS\System32\kernel.appcore.dll image skipped because of filter conditions [cs-mode]. -->
	<msg id='17' display='false' source='trc'>
		<type>LOAD_MODULE</type>
		<severity>INFO</severity>
		<timestamp>Sun May 12 18:29:07 2019</timestamp>
		<arg name='module'>C:\WINDOWS\System32\msvcrt.dll</arg>
		<arg name='basement'>0x7ffbabda0000</arg>
		<arg name='ceiling'>0x7ffbabe3dfff</arg>
	</msg>
	<!-- Instrumentation of C:\WINDOWS\System32\msvcrt.dll image skipped because of filter conditions [cs-mode]. -->
	<msg id='18' display='false' source='trc'>
		<type>LOAD_MODULE</type>
		<severity>INFO</severity>
		<timestamp>Sun May 12 18:29:07 2019</timestamp>
		<arg name='module'>C:\WINDOWS\System32\RPCRT4.dll</arg>
		<arg name='basement'>0x7ffbab660000</arg>
		<arg name='ceiling'>0x7ffbab783fff</arg>
	</msg>
	<!-- Instrumentation of C:\WINDOWS\System32\RPCRT4.dll image skipped because of filter conditions [cs-mode]. -->
	<msg id='19' display='false' source='trc'>
		<type>UNLOAD_MODULE</type>
		<severity>INFO</severity>
		<timestamp>Sun May 12 18:29:07 2019</timestamp>
		<arg name='module'>C:\Users\parham\documents\visual studio 2017\Projects\histogram\x64\Release\histogram.exe</arg>
	</msg>
	<msg id='20' display='false' source='trc'>
		<type>UNLOAD_MODULE</type>
		<severity>INFO</severity>
		<timestamp>Sun May 12 18:29:07 2019</timestamp>
		<arg name='module'>C:\WINDOWS\System32\KERNELBASE.dll</arg>
	</msg>
	<msg id='21' display='false' source='trc'>
		<type>UNLOAD_MODULE</type>
		<severity>INFO</severity>
		<timestamp>Sun May 12 18:29:07 2019</timestamp>
		<arg name='module'>C:\WINDOWS\System32\KERNEL32.DLL</arg>
	</msg>
	<msg id='22' display='false' source='trc'>
		<type>UNLOAD_MODULE</type>
		<severity>INFO</severity>
		<timestamp>Sun May 12 18:29:07 2019</timestamp>
		<arg name='module'>C:\WINDOWS\SYSTEM32\ntdll.dll</arg>
	</msg>
	<msg id='23' display='false' source='trc'>
		<type>UNLOAD_MODULE</type>
		<severity>INFO</severity>
		<timestamp>Sun May 12 18:29:07 2019</timestamp>
		<arg name='module'>C:\WINDOWS\System32\ucrtbase.dll</arg>
	</msg>
	<msg id='24' display='false' source='trc'>
		<type>UNLOAD_MODULE</type>
		<severity>INFO</severity>
		<timestamp>Sun May 12 18:29:07 2019</timestamp>
		<arg name='module'>C:\WINDOWS\SYSTEM32\VCOMP140.DLL</arg>
	</msg>
	<msg id='25' display='false' source='trc'>
		<type>UNLOAD_MODULE</type>
		<severity>INFO</severity>
		<timestamp>Sun May 12 18:29:07 2019</timestamp>
		<arg name='module'>C:\WINDOWS\System32\USER32.dll</arg>
	</msg>
	<msg id='26' display='false' source='trc'>
		<type>UNLOAD_MODULE</type>
		<severity>INFO</severity>
		<timestamp>Sun May 12 18:29:07 2019</timestamp>
		<arg name='module'>C:\WINDOWS\SYSTEM32\VCRUNTIME140.dll</arg>
	</msg>
	<msg id='27' display='false' source='trc'>
		<type>UNLOAD_MODULE</type>
		<severity>INFO</severity>
		<timestamp>Sun May 12 18:29:07 2019</timestamp>
		<arg name='module'>C:\WINDOWS\System32\win32u.dll</arg>
	</msg>
	<msg id='28' display='false' source='trc'>
		<type>UNLOAD_MODULE</type>
		<severity>INFO</severity>
		<timestamp>Sun May 12 18:29:07 2019</timestamp>
		<arg name='module'>C:\WINDOWS\System32\GDI32.dll</arg>
	</msg>
	<msg id='29' display='false' source='trc'>
		<type>UNLOAD_MODULE</type>
		<severity>INFO</severity>
		<timestamp>Sun May 12 18:29:07 2019</timestamp>
		<arg name='module'>C:\WINDOWS\System32\gdi32full.dll</arg>
	</msg>
	<msg id='30' display='false' source='trc'>
		<type>UNLOAD_MODULE</type>
		<severity>INFO</severity>
		<timestamp>Sun May 12 18:29:07 2019</timestamp>
		<arg name='module'>C:\WINDOWS\System32\msvcp_win.dll</arg>
	</msg>
	<msg id='31' display='false' source='trc'>
		<type>UNLOAD_MODULE</type>
		<severity>INFO</severity>
		<timestamp>Sun May 12 18:29:07 2019</timestamp>
		<arg name='module'>C:\WINDOWS\System32\IMM32.DLL</arg>
	</msg>
	<msg id='32' display='false' source='trc'>
		<type>UNLOAD_MODULE</type>
		<severity>INFO</severity>
		<timestamp>Sun May 12 18:29:07 2019</timestamp>
		<arg name='module'>C:\WINDOWS\System32\kernel.appcore.dll</arg>
	</msg>
	<msg id='33' display='false' source='trc'>
		<type>UNLOAD_MODULE</type>
		<severity>INFO</severity>
		<timestamp>Sun May 12 18:29:07 2019</timestamp>
		<arg name='module'>C:\WINDOWS\System32\msvcrt.dll</arg>
	</msg>
	<msg id='34' display='false' source='trc'>
		<type>UNLOAD_MODULE</type>
		<severity>INFO</severity>
		<timestamp>Sun May 12 18:29:07 2019</timestamp>
		<arg name='module'>C:\WINDOWS\System32\RPCRT4.dll</arg>
	</msg>
	<msg id='35' display='false' source='trc'>
		<type>PROCESS_FINISH</type>
		<severity>INFO</severity>
		<timestamp>Sun May 12 18:29:07 2019</timestamp>
		<arg name='process'>C:\Users\parham\documents\visual studio 2017\Projects\histogram\x64\Release\histogram.exe</arg>
		<arg name='pid'>9000</arg>
		<arg name='exitcode'>0x0</arg>
	</msg>
	<!-- Application exited with code 0 -->
</log>