<?xml version="1.0" encoding="UTF-8"?>
<feedback>
 <message severity="info">Analysis started...</message>
 <nop/>
 <message severity="info">Result file: C:\Users\parham\documents\visual studio 2017\Projects\histogram\histogram\My Inspector Results - histogram\r000mi3\r000mi3.inspxe </message>
 <nop/>
 <message severity="info">Analysis started for C:\Users\parham\documents\visual studio 2017\Projects\histogram\x64\Release\histogram.exe (pid = 3272) </message>
 <nop/>
 <message severity="info">Loaded module: C:\Users\parham\documents\visual studio 2017\Projects\histogram\x64\Release\histogram.exe, address range [0x7ff70fcd0000-0x7ff70fcd7fff] </message>
 <nop/>
 <message severity="info">Loaded module: C:\WINDOWS\System32\KERNELBASE.dll, address range [0x7ffbaa540000-0x7ffbaa7b2fff] </message>
 <nop/>
 <message severity="info">Loaded module: C:\WINDOWS\System32\KERNEL32.DLL, address range [0x7ffbac1f0000-0x7ffbac2a0fff] </message>
 <nop/>
 <message severity="info">Loaded module: C:\WINDOWS\SYSTEM32\ntdll.dll, address range [0x7ffbae170000-0x7ffbae350fff] </message>
 <nop/>
 <message severity="info">Loaded module: C:\WINDOWS\SYSTEM32\VCRUNTIME140.dll, address range [0x7ffb9c120000-0x7ffb9c135fff] </message>
 <nop/>
 <message severity="info">Loaded module: C:\WINDOWS\SYSTEM32\VCOMP140.DLL, address range [0x7ffb9e630000-0x7ffb9e657fff] </message>
 <nop/>
 <message severity="info">Process C:\Users\parham\documents\visual studio 2017\Projects\histogram\x64\Release\histogram.exe exited with code 0. Leak analysis starting. Please wait... </message>
 <nop/>
 <message severity="info">Unloaded module: C:\Users\parham\documents\visual studio 2017\Projects\histogram\x64\Release\histogram.exe </message>
 <nop/>
 <message severity="info">Unloaded module: C:\WINDOWS\System32\KERNELBASE.dll </message>
 <nop/>
 <message severity="info">Unloaded module: C:\WINDOWS\System32\KERNEL32.DLL </message>
 <nop/>
 <message severity="info">Unloaded module: C:\WINDOWS\SYSTEM32\ntdll.dll </message>
 <nop/>
 <message severity="info">Unloaded module: C:\WINDOWS\SYSTEM32\VCRUNTIME140.dll </message>
 <nop/>
 <message severity="info">Unloaded module: C:\WINDOWS\SYSTEM32\VCOMP140.DLL </message>
 <nop/>
 <message severity="info">Completed analysis for C:\Users\parham\documents\visual studio 2017\Projects\histogram\x64\Release\histogram.exe </message>
 <nop/>
</feedback>
