<?xml version="1.0" encoding="utf-8" ?>
<!-- DO NOT EDIT THIS FILE -->

<log version='2.0' source='mc'>
	<!-- Successfully loaded CCRT at address 0x65e90000 - 0x65eff000 -->
	<!-- Successfully loaded MC at address 0x63fc0000 - 0x64c68000 -->
	<!-- Analysis started for C:\Users\parham\documents\visual studio 2017\Projects\histogram\x64\Release\histogram.exe, pid = 4088 -->
	<msg id='1' source='mc'>
		<type>EXEC_OF_INTEREST</type>
		<severity>INFO</severity>
		<timestamp>Sun May 12 18:26:53 2019</timestamp>
		<arg name='path'>C:\Users\parham\documents\visual studio 2017\Projects\histogram\x64\Release\histogram.exe</arg>
		<arg name='pid'>4088</arg>
	</msg>
	<!-- Command line: E:\Program Files (x86)\IntelSWTools\Inspector 2019\bin32\pin -xyzzy -mesgoff console -xyzzy -bridge_save_x87 0 -bridge_save_mxcsr 0 -follow_execv -error_file C:\Users\parham\documents\visual studio 2017\Projects\histogram\histogram\My Inspector Results - histogram\r001mi2\data.0\pin_error.log -logfile C:\Users\parham\documents\visual studio 2017\Projects\histogram\histogram\My Inspector Results - histogram\r001mi2\data.0\pin.log -xyzzy -region_max_inss 500 -p64 E:\Program Files (x86)\IntelSWTools\Inspector 2019\bin64\pin -t64 E:\Program Files (x86)\IntelSWTools\Inspector 2019\bin64\memchkr.dll -t E:\Program Files (x86)\IntelSWTools\Inspector 2019\bin32\memchkr.dll -no-analyze-stack -check-invalid-access -leak-check-on-exit -leak-check-on-demand -enable-memory-growth -leak-check-report-reachable -check-resource-leaks -freelist-vol 0 -leak-maximum 100000 -guard-zone-size 0 -stack-depth 8 -heartbeat 1 -mrte-mode auto -working-dir C:\Users\parham\documents\visual studio 2017\Projects\histogram\histogram\My Inspector Results - histogram\r001mi2\data.0 -log mc_histogram.log -result histogram - C:\Users\parham\documents\visual studio 2017\Projects\histogram\x64\Release\histogram.exe  -->
	<!-- mc's options are the following:  -->
	<!-- -help                              false -->
	<!-- -verbose                           false -->
	<!-- -xyzzy                             false -->
	<!-- -version                           false -->
	<!-- -help-all                          false -->
	<!-- -xyzzy-all                         false -->
	<!-- -report-all-instances              false -->
	<!-- -check-for-padded-structures       true -->
	<!-- -check-for-bitfields               true -->
	<!-- -analyze-stack                     false -->
	<!-- -access-checks                     false -->
	<!-- -check-uninit-read                 false -->
	<!-- -check-invalid-access              true -->
	<!-- -advanced-uninit-read              false -->
	<!-- -track-origins                     true -->
	<!-- -duplicate-uninits                 false -->
	<!-- -bss-initialized                   true -->
	<!-- -align-alloc-size                  false -->
	<!-- -report-uninit-read                false -->
	<!-- -ignore-system-libraries           false -->
	<!-- -gen-suppressions                  false -->
	<!-- -leak-check-on-exit                true -->
	<!-- -leak-check-on-demand              true -->
	<!-- -leak-check-uses-baseline          true -->
	<!-- -enable-memory-growth              true -->
	<!-- -leak-check-report-reachable       true -->
	<!-- -leak-check-full                   true -->
	<!-- -check-resource-leaks              true -->
	<!-- -trace-children                    false -->
	<!-- -enable-poke                       false -->
	<!-- -jit-mode-anyway                   false -->
	<!-- -disable-probe-mode-mismatches-64  true -->
	<!-- -aggressive-callstack-caching      false -->
	<!-- -suppress-breakpoints              false -->
	<!-- -monitor-memory                    false -->
	<!-- -freelist-vol                      0 -->
	<!-- -leak-maximum                      100000 -->
	<!-- -guard-zone-size                   0 -->
	<!-- -stack-depth                       8 -->
	<!-- -heartbeat                         1 -->
	<!-- -breakpoint-file                   (null) -->
	<!-- -config-file                       (null) -->
	<!-- -log                               mc_histogram.log -->
	<!-- -ignore-commands                   (null),  -->
	<!-- -ignore-modules                    (null),  -->
	<!-- -ignore-symbols                    (null),  -->
	<!-- -module-of-interest                (null),  -->
	<!-- -executable-of-interest            (null),  -->
	<!-- -working-dir                       C:\Users\parham\documents\visual studio 2017\Projects\histogram\histogram\My Inspector Results - histogram\r001mi2\data.0 -->
	<!-- -result                            histogram -->
	<!-- -exclude-module                    (null),  -->
	<!-- -include-module                    (null),  -->
	<!-- -only-exec-commands                (null),  -->
	<!-- -suppressions                      (null),  -->
	<!-- -debug                             none -->
	<!-- -shared-mem-name                   (null) -->
	<!-- -poke-function                     (null),  -->
	<!-- -analysis-mode                     (null) -->
	<!-- -disable-gatekeeping               false -->
	<!-- -ignore-os-allocators              false -->
	<!-- -mrte-mode                         auto -->
	<!-- probe mode: no -->
	<!-- invalid access: yes -->
	<!-- uninit read: no -->
	<!-- track origin: no -->
	<!-- Module loaded C:\Users\parham\documents\visual studio 2017\Projects\histogram\x64\Release\histogram.exe, address range [0x00007ff776310000-0x00007ff776317fff] -->
	<msg id='2' source='mc'>
		<type>MODULE_LOAD</type>
		<severity>INFO</severity>
		<timestamp>Sun May 12 18:26:53 2019</timestamp>
		<arg name='path'>C:\Users\parham\documents\visual studio 2017\Projects\histogram\x64\Release\histogram.exe</arg>
		<arg name='addr1'>0x7ff776310000</arg>
		<arg name='addr2'>0x7ff776317fff</arg>
	</msg>
	<!-- Module loaded C:\WINDOWS\System32\KERNELBASE.dll, address range [0x00007ffbaa540000-0x00007ffbaa7b2fff] -->
	<msg id='3' source='mc'>
		<type>MODULE_LOAD</type>
		<severity>INFO</severity>
		<timestamp>Sun May 12 18:26:53 2019</timestamp>
		<arg name='path'>C:\WINDOWS\System32\KERNELBASE.dll</arg>
		<arg name='addr1'>0x7ffbaa540000</arg>
		<arg name='addr2'>0x7ffbaa7b2fff</arg>
	</msg>
	<!-- Module loaded C:\WINDOWS\System32\KERNEL32.DLL, address range [0x00007ffbac1f0000-0x00007ffbac2a0fff] -->
	<msg id='4' source='mc'>
		<type>MODULE_LOAD</type>
		<severity>INFO</severity>
		<timestamp>Sun May 12 18:26:53 2019</timestamp>
		<arg name='path'>C:\WINDOWS\System32\KERNEL32.DLL</arg>
		<arg name='addr1'>0x7ffbac1f0000</arg>
		<arg name='addr2'>0x7ffbac2a0fff</arg>
	</msg>
	<!-- Module loaded C:\WINDOWS\SYSTEM32\ntdll.dll, address range [0x00007ffbae170000-0x00007ffbae350fff] -->
	<msg id='5' source='mc'>
		<type>MODULE_LOAD</type>
		<severity>INFO</severity>
		<timestamp>Sun May 12 18:26:53 2019</timestamp>
		<arg name='path'>C:\WINDOWS\SYSTEM32\ntdll.dll</arg>
		<arg name='addr1'>0x7ffbae170000</arg>
		<arg name='addr2'>0x7ffbae350fff</arg>
	</msg>
	<!-- DIAG: 1 -->
	<!-- DIAG: 2 -->
	<!-- DIAG: 3 -->
	<!-- DIAG: 4 -->
	<!-- Module loaded C:\WINDOWS\SYSTEM32\VCRUNTIME140.dll, address range [0x00007ffb9c120000-0x00007ffb9c135fff] -->
	<msg id='6' source='mc'>
		<type>MODULE_LOAD</type>
		<severity>INFO</severity>
		<timestamp>Sun May 12 18:26:54 2019</timestamp>
		<arg name='path'>C:\WINDOWS\SYSTEM32\VCRUNTIME140.dll</arg>
		<arg name='addr1'>0x7ffb9c120000</arg>
		<arg name='addr2'>0x7ffb9c135fff</arg>
	</msg>
	<!-- Module loaded C:\WINDOWS\SYSTEM32\VCOMP140.DLL, address range [0x00007ffba7ac0000-0x00007ffba7ae7fff] -->
	<msg id='7' source='mc'>
		<type>MODULE_LOAD</type>
		<severity>INFO</severity>
		<timestamp>Sun May 12 18:26:54 2019</timestamp>
		<arg name='path'>C:\WINDOWS\SYSTEM32\VCOMP140.DLL</arg>
		<arg name='addr1'>0x7ffba7ac0000</arg>
		<arg name='addr2'>0x7ffba7ae7fff</arg>
	</msg>
	<!-- Heartbeat, tids = 10388,7448,13940,11540, syscallStatus = 0,1,1,1, calls = 2412760,363,525,213 -->
	<msg id='8' display='false' source='mc'>
		<type>HEARTBEAT</type>
		<severity>INFO</severity>
		<timestamp>Sun May 12 18:26:56 2019</timestamp>
		<arg name='tids'>10388,7448,13940,11540</arg>
		<arg name='syscalls'>0,1,1,1</arg>
		<arg name='calls'>2412760,363,525,213</arg>
	</msg>
	<!-- Heartbeat, tids = 10388,7448,13940,11540, syscallStatus = 0,1,1,1, calls = 4208845,0,0,0 -->
	<msg id='9' display='false' source='mc'>
		<type>HEARTBEAT</type>
		<severity>INFO</severity>
		<timestamp>Sun May 12 18:26:57 2019</timestamp>
		<arg name='tids'>10388,7448,13940,11540</arg>
		<arg name='syscalls'>0,1,1,1</arg>
		<arg name='calls'>4208845,0,0,0</arg>
	</msg>
	<!-- Heartbeat, tids = 10388,7448,13940,11540, syscallStatus = 0,1,1,1, calls = 4248105,0,0,0 -->
	<msg id='10' display='false' source='mc'>
		<type>HEARTBEAT</type>
		<severity>INFO</severity>
		<timestamp>Sun May 12 18:26:58 2019</timestamp>
		<arg name='tids'>10388,7448,13940,11540</arg>
		<arg name='syscalls'>0,1,1,1</arg>
		<arg name='calls'>4248105,0,0,0</arg>
	</msg>
	<!-- Heartbeat, tids = 10388,7448,13940,11540, syscallStatus = 0,1,1,1, calls = 4187445,0,0,0 -->
	<msg id='11' display='false' source='mc'>
		<type>HEARTBEAT</type>
		<severity>INFO</severity>
		<timestamp>Sun May 12 18:26:59 2019</timestamp>
		<arg name='tids'>10388,7448,13940,11540</arg>
		<arg name='syscalls'>0,1,1,1</arg>
		<arg name='calls'>4187445,0,0,0</arg>
	</msg>
	<!-- Heartbeat, tids = 10388,7448,13940,11540, syscallStatus = 0,1,1,1, calls = 4137771,0,0,0 -->
	<msg id='12' display='false' source='mc'>
		<type>HEARTBEAT</type>
		<severity>INFO</severity>
		<timestamp>Sun May 12 18:27:00 2019</timestamp>
		<arg name='tids'>10388,7448,13940,11540</arg>
		<arg name='syscalls'>0,1,1,1</arg>
		<arg name='calls'>4137771,0,0,0</arg>
	</msg>
	<!-- Heartbeat, tids = 10388,7448,13940,11540, syscallStatus = 0,1,1,1, calls = 4201010,0,0,0 -->
	<msg id='13' display='false' source='mc'>
		<type>HEARTBEAT</type>
		<severity>INFO</severity>
		<timestamp>Sun May 12 18:27:01 2019</timestamp>
		<arg name='tids'>10388,7448,13940,11540</arg>
		<arg name='syscalls'>0,1,1,1</arg>
		<arg name='calls'>4201010,0,0,0</arg>
	</msg>
	<!-- Heartbeat, tids = 10388,7448,13940,11540, syscallStatus = 0,1,1,1, calls = 4282601,0,0,0 -->
	<msg id='14' display='false' source='mc'>
		<type>HEARTBEAT</type>
		<severity>INFO</severity>
		<timestamp>Sun May 12 18:27:02 2019</timestamp>
		<arg name='tids'>10388,7448,13940,11540</arg>
		<arg name='syscalls'>0,1,1,1</arg>
		<arg name='calls'>4282601,0,0,0</arg>
	</msg>
	<!-- Heartbeat, tids = 10388,7448,13940,11540, syscallStatus = 0,1,1,1, calls = 4262899,0,0,0 -->
	<msg id='15' display='false' source='mc'>
		<type>HEARTBEAT</type>
		<severity>INFO</severity>
		<timestamp>Sun May 12 18:27:03 2019</timestamp>
		<arg name='tids'>10388,7448,13940,11540</arg>
		<arg name='syscalls'>0,1,1,1</arg>
		<arg name='calls'>4262899,0,0,0</arg>
	</msg>
	<!-- Heartbeat, tids = 10388,7448,13940,11540, syscallStatus = 0,1,1,1, calls = 4195352,0,0,0 -->
	<msg id='16' display='false' source='mc'>
		<type>HEARTBEAT</type>
		<severity>INFO</severity>
		<timestamp>Sun May 12 18:27:04 2019</timestamp>
		<arg name='tids'>10388,7448,13940,11540</arg>
		<arg name='syscalls'>0,1,1,1</arg>
		<arg name='calls'>4195352,0,0,0</arg>
	</msg>
	<!-- Heartbeat, tids = 10388,7448,13940,11540, syscallStatus = 0,1,1,1, calls = 4226907,0,0,0 -->
	<msg id='17' display='false' source='mc'>
		<type>HEARTBEAT</type>
		<severity>INFO</severity>
		<timestamp>Sun May 12 18:27:05 2019</timestamp>
		<arg name='tids'>10388,7448,13940,11540</arg>
		<arg name='syscalls'>0,1,1,1</arg>
		<arg name='calls'>4226907,0,0,0</arg>
	</msg>
	<!-- Heartbeat, tids = 10388,7448,13940,11540, syscallStatus = 0,1,1,1, calls = 4369286,0,0,0 -->
	<msg id='18' display='false' source='mc'>
		<type>HEARTBEAT</type>
		<severity>INFO</severity>
		<timestamp>Sun May 12 18:27:06 2019</timestamp>
		<arg name='tids'>10388,7448,13940,11540</arg>
		<arg name='syscalls'>0,1,1,1</arg>
		<arg name='calls'>4369286,0,0,0</arg>
	</msg>
	<!-- Heartbeat, tids = 10388,7448,13940,11540, syscallStatus = 0,1,1,1, calls = 4292124,0,0,0 -->
	<msg id='19' display='false' source='mc'>
		<type>HEARTBEAT</type>
		<severity>INFO</severity>
		<timestamp>Sun May 12 18:27:07 2019</timestamp>
		<arg name='tids'>10388,7448,13940,11540</arg>
		<arg name='syscalls'>0,1,1,1</arg>
		<arg name='calls'>4292124,0,0,0</arg>
	</msg>
	<!-- Heartbeat, tids = 10388,7448,13940,11540, syscallStatus = 0,1,1,1, calls = 4180470,0,0,0 -->
	<msg id='20' display='false' source='mc'>
		<type>HEARTBEAT</type>
		<severity>INFO</severity>
		<timestamp>Sun May 12 18:27:08 2019</timestamp>
		<arg name='tids'>10388,7448,13940,11540</arg>
		<arg name='syscalls'>0,1,1,1</arg>
		<arg name='calls'>4180470,0,0,0</arg>
	</msg>
	<!-- Heartbeat, tids = 10388,7448,13940,11540, syscallStatus = 0,1,1,1, calls = 4243302,0,0,0 -->
	<msg id='21' display='false' source='mc'>
		<type>HEARTBEAT</type>
		<severity>INFO</severity>
		<timestamp>Sun May 12 18:27:09 2019</timestamp>
		<arg name='tids'>10388,7448,13940,11540</arg>
		<arg name='syscalls'>0,1,1,1</arg>
		<arg name='calls'>4243302,0,0,0</arg>
	</msg>
	<!-- Heartbeat, tids = 10388,7448,13940,11540, syscallStatus = 0,1,1,1, calls = 4285495,0,0,0 -->
	<msg id='22' display='false' source='mc'>
		<type>HEARTBEAT</type>
		<severity>INFO</severity>
		<timestamp>Sun May 12 18:27:10 2019</timestamp>
		<arg name='tids'>10388,7448,13940,11540</arg>
		<arg name='syscalls'>0,1,1,1</arg>
		<arg name='calls'>4285495,0,0,0</arg>
	</msg>
	<!-- Heartbeat, tids = 10388,7448,13940,11540, syscallStatus = 0,1,1,1, calls = 4238679,0,0,0 -->
	<msg id='23' display='false' source='mc'>
		<type>HEARTBEAT</type>
		<severity>INFO</severity>
		<timestamp>Sun May 12 18:27:11 2019</timestamp>
		<arg name='tids'>10388,7448,13940,11540</arg>
		<arg name='syscalls'>0,1,1,1</arg>
		<arg name='calls'>4238679,0,0,0</arg>
	</msg>
	<!-- Heartbeat, tids = 10388,7448,13940,11540, syscallStatus = 0,1,1,1, calls = 3921625,0,0,0 -->
	<msg id='24' display='false' source='mc'>
		<type>HEARTBEAT</type>
		<severity>INFO</severity>
		<timestamp>Sun May 12 18:27:12 2019</timestamp>
		<arg name='tids'>10388,7448,13940,11540</arg>
		<arg name='syscalls'>0,1,1,1</arg>
		<arg name='calls'>3921625,0,0,0</arg>
	</msg>
	<!-- Heartbeat, tids = 10388,7448,13940,11540, syscallStatus = 0,1,1,1, calls = 3945136,0,0,0 -->
	<msg id='25' display='false' source='mc'>
		<type>HEARTBEAT</type>
		<severity>INFO</severity>
		<timestamp>Sun May 12 18:27:13 2019</timestamp>
		<arg name='tids'>10388,7448,13940,11540</arg>
		<arg name='syscalls'>0,1,1,1</arg>
		<arg name='calls'>3945136,0,0,0</arg>
	</msg>
	<!-- Heartbeat, tids = 10388,7448,13940,11540, syscallStatus = 0,1,1,1, calls = 3999206,0,0,0 -->
	<msg id='26' display='false' source='mc'>
		<type>HEARTBEAT</type>
		<severity>INFO</severity>
		<timestamp>Sun May 12 18:27:14 2019</timestamp>
		<arg name='tids'>10388,7448,13940,11540</arg>
		<arg name='syscalls'>0,1,1,1</arg>
		<arg name='calls'>3999206,0,0,0</arg>
	</msg>
	<!-- Heartbeat, tids = 10388,7448,13940,11540, syscallStatus = 0,1,1,1, calls = 4241511,0,0,0 -->
	<msg id='27' display='false' source='mc'>
		<type>HEARTBEAT</type>
		<severity>INFO</severity>
		<timestamp>Sun May 12 18:27:15 2019</timestamp>
		<arg name='tids'>10388,7448,13940,11540</arg>
		<arg name='syscalls'>0,1,1,1</arg>
		<arg name='calls'>4241511,0,0,0</arg>
	</msg>
	<!-- Heartbeat, tids = 10388,7448,13940,11540, syscallStatus = 0,1,1,1, calls = 4356240,0,0,0 -->
	<msg id='28' display='false' source='mc'>
		<type>HEARTBEAT</type>
		<severity>INFO</severity>
		<timestamp>Sun May 12 18:27:16 2019</timestamp>
		<arg name='tids'>10388,7448,13940,11540</arg>
		<arg name='syscalls'>0,1,1,1</arg>
		<arg name='calls'>4356240,0,0,0</arg>
	</msg>
	<!-- Heartbeat, tids = 10388,7448,13940,11540, syscallStatus = 0,1,1,1, calls = 4254736,0,0,0 -->
	<msg id='29' display='false' source='mc'>
		<type>HEARTBEAT</type>
		<severity>INFO</severity>
		<timestamp>Sun May 12 18:27:17 2019</timestamp>
		<arg name='tids'>10388,7448,13940,11540</arg>
		<arg name='syscalls'>0,1,1,1</arg>
		<arg name='calls'>4254736,0,0,0</arg>
	</msg>
	<!-- Heartbeat, tids = 10388,7448,13940,11540, syscallStatus = 0,1,1,1, calls = 4321420,0,0,0 -->
	<msg id='30' display='false' source='mc'>
		<type>HEARTBEAT</type>
		<severity>INFO</severity>
		<timestamp>Sun May 12 18:27:18 2019</timestamp>
		<arg name='tids'>10388,7448,13940,11540</arg>
		<arg name='syscalls'>0,1,1,1</arg>
		<arg name='calls'>4321420,0,0,0</arg>
	</msg>
	<!-- Heartbeat, tids = 10388,7448,13940,11540, syscallStatus = 0,1,1,1, calls = 4304613,0,0,0 -->
	<msg id='31' display='false' source='mc'>
		<type>HEARTBEAT</type>
		<severity>INFO</severity>
		<timestamp>Sun May 12 18:27:19 2019</timestamp>
		<arg name='tids'>10388,7448,13940,11540</arg>
		<arg name='syscalls'>0,1,1,1</arg>
		<arg name='calls'>4304613,0,0,0</arg>
	</msg>
	<!-- Heartbeat, tids = 10388,7448,13940,11540, syscallStatus = 0,1,1,1, calls = 4204923,0,0,0 -->
	<msg id='32' display='false' source='mc'>
		<type>HEARTBEAT</type>
		<severity>INFO</severity>
		<timestamp>Sun May 12 18:27:20 2019</timestamp>
		<arg name='tids'>10388,7448,13940,11540</arg>
		<arg name='syscalls'>0,1,1,1</arg>
		<arg name='calls'>4204923,0,0,0</arg>
	</msg>
	<!-- Heartbeat, tids = 10388,7448,13940,11540, syscallStatus = 0,1,1,1, calls = 4027594,0,0,0 -->
	<msg id='33' display='false' source='mc'>
		<type>HEARTBEAT</type>
		<severity>INFO</severity>
		<timestamp>Sun May 12 18:27:21 2019</timestamp>
		<arg name='tids'>10388,7448,13940,11540</arg>
		<arg name='syscalls'>0,1,1,1</arg>
		<arg name='calls'>4027594,0,0,0</arg>
	</msg>
	<!-- Heartbeat, tids = 10388,7448,13940,11540, syscallStatus = 0,1,1,1, calls = 4253824,0,0,0 -->
	<msg id='34' display='false' source='mc'>
		<type>HEARTBEAT</type>
		<severity>INFO</severity>
		<timestamp>Sun May 12 18:27:22 2019</timestamp>
		<arg name='tids'>10388,7448,13940,11540</arg>
		<arg name='syscalls'>0,1,1,1</arg>
		<arg name='calls'>4253824,0,0,0</arg>
	</msg>
	<!-- Heartbeat, tids = 10388,7448,13940,11540, syscallStatus = 0,1,1,1, calls = 4265163,0,0,0 -->
	<msg id='35' display='false' source='mc'>
		<type>HEARTBEAT</type>
		<severity>INFO</severity>
		<timestamp>Sun May 12 18:27:23 2019</timestamp>
		<arg name='tids'>10388,7448,13940,11540</arg>
		<arg name='syscalls'>0,1,1,1</arg>
		<arg name='calls'>4265163,0,0,0</arg>
	</msg>
	<!-- Heartbeat, tids = 10388,7448,13940,11540, syscallStatus = 0,1,1,1, calls = 4355854,0,0,0 -->
	<msg id='36' display='false' source='mc'>
		<type>HEARTBEAT</type>
		<severity>INFO</severity>
		<timestamp>Sun May 12 18:27:24 2019</timestamp>
		<arg name='tids'>10388,7448,13940,11540</arg>
		<arg name='syscalls'>0,1,1,1</arg>
		<arg name='calls'>4355854,0,0,0</arg>
	</msg>
	<!-- Heartbeat, tids = 10388,7448,13940,11540, syscallStatus = 0,1,1,1, calls = 4342137,0,0,0 -->
	<msg id='37' display='false' source='mc'>
		<type>HEARTBEAT</type>
		<severity>INFO</severity>
		<timestamp>Sun May 12 18:27:25 2019</timestamp>
		<arg name='tids'>10388,7448,13940,11540</arg>
		<arg name='syscalls'>0,1,1,1</arg>
		<arg name='calls'>4342137,0,0,0</arg>
	</msg>
	<!-- Heartbeat, tids = 10388,7448,13940,11540, syscallStatus = 0,1,1,1, calls = 4243403,0,0,0 -->
	<msg id='38' display='false' source='mc'>
		<type>HEARTBEAT</type>
		<severity>INFO</severity>
		<timestamp>Sun May 12 18:27:26 2019</timestamp>
		<arg name='tids'>10388,7448,13940,11540</arg>
		<arg name='syscalls'>0,1,1,1</arg>
		<arg name='calls'>4243403,0,0,0</arg>
	</msg>
	<!-- Heartbeat, tids = 10388,7448,13940,11540, syscallStatus = 0,1,1,1, calls = 3924938,0,0,0 -->
	<msg id='39' display='false' source='mc'>
		<type>HEARTBEAT</type>
		<severity>INFO</severity>
		<timestamp>Sun May 12 18:27:27 2019</timestamp>
		<arg name='tids'>10388,7448,13940,11540</arg>
		<arg name='syscalls'>0,1,1,1</arg>
		<arg name='calls'>3924938,0,0,0</arg>
	</msg>
	<!-- Heartbeat, tids = 10388,7448,13940,11540, syscallStatus = 0,1,1,1, calls = 4176656,0,0,0 -->
	<msg id='40' display='false' source='mc'>
		<type>HEARTBEAT</type>
		<severity>INFO</severity>
		<timestamp>Sun May 12 18:27:28 2019</timestamp>
		<arg name='tids'>10388,7448,13940,11540</arg>
		<arg name='syscalls'>0,1,1,1</arg>
		<arg name='calls'>4176656,0,0,0</arg>
	</msg>
	<!-- Heartbeat, tids = 10388,7448,13940,11540, syscallStatus = 0,1,1,1, calls = 4197057,0,0,0 -->
	<msg id='41' display='false' source='mc'>
		<type>HEARTBEAT</type>
		<severity>INFO</severity>
		<timestamp>Sun May 12 18:27:29 2019</timestamp>
		<arg name='tids'>10388,7448,13940,11540</arg>
		<arg name='syscalls'>0,1,1,1</arg>
		<arg name='calls'>4197057,0,0,0</arg>
	</msg>
	<!-- Heartbeat, tids = 10388,7448,13940,11540, syscallStatus = 0,1,1,1, calls = 4076488,0,0,0 -->
	<msg id='42' display='false' source='mc'>
		<type>HEARTBEAT</type>
		<severity>INFO</severity>
		<timestamp>Sun May 12 18:27:30 2019</timestamp>
		<arg name='tids'>10388,7448,13940,11540</arg>
		<arg name='syscalls'>0,1,1,1</arg>
		<arg name='calls'>4076488,0,0,0</arg>
	</msg>
	<!-- Heartbeat, tids = 10388,7448,13940,11540, syscallStatus = 0,1,1,1, calls = 3783853,0,0,0 -->
	<msg id='43' display='false' source='mc'>
		<type>HEARTBEAT</type>
		<severity>INFO</severity>
		<timestamp>Sun May 12 18:27:31 2019</timestamp>
		<arg name='tids'>10388,7448,13940,11540</arg>
		<arg name='syscalls'>0,1,1,1</arg>
		<arg name='calls'>3783853,0,0,0</arg>
	</msg>
	<!-- Heartbeat, tids = 10388,7448,13940,11540, syscallStatus = 0,1,1,1, calls = 3995751,0,0,0 -->
	<msg id='44' display='false' source='mc'>
		<type>HEARTBEAT</type>
		<severity>INFO</severity>
		<timestamp>Sun May 12 18:27:32 2019</timestamp>
		<arg name='tids'>10388,7448,13940,11540</arg>
		<arg name='syscalls'>0,1,1,1</arg>
		<arg name='calls'>3995751,0,0,0</arg>
	</msg>
	<!-- Heartbeat, tids = 10388,7448,13940,11540, syscallStatus = 0,1,1,1, calls = 4034759,0,0,0 -->
	<msg id='45' display='false' source='mc'>
		<type>HEARTBEAT</type>
		<severity>INFO</severity>
		<timestamp>Sun May 12 18:27:33 2019</timestamp>
		<arg name='tids'>10388,7448,13940,11540</arg>
		<arg name='syscalls'>0,1,1,1</arg>
		<arg name='calls'>4034759,0,0,0</arg>
	</msg>
	<!-- Heartbeat, tids = 10388,7448,13940,11540, syscallStatus = 0,1,1,1, calls = 4441578,0,0,0 -->
	<msg id='46' display='false' source='mc'>
		<type>HEARTBEAT</type>
		<severity>INFO</severity>
		<timestamp>Sun May 12 18:27:34 2019</timestamp>
		<arg name='tids'>10388,7448,13940,11540</arg>
		<arg name='syscalls'>0,1,1,1</arg>
		<arg name='calls'>4441578,0,0,0</arg>
	</msg>
	<!-- Heartbeat, tids = 10388,7448,13940,11540, syscallStatus = 0,1,1,1, calls = 4404780,0,0,0 -->
	<msg id='47' display='false' source='mc'>
		<type>HEARTBEAT</type>
		<severity>INFO</severity>
		<timestamp>Sun May 12 18:27:35 2019</timestamp>
		<arg name='tids'>10388,7448,13940,11540</arg>
		<arg name='syscalls'>0,1,1,1</arg>
		<arg name='calls'>4404780,0,0,0</arg>
	</msg>
	<!-- Heartbeat, tids = 10388,7448,13940,11540, syscallStatus = 0,1,1,1, calls = 4462496,0,0,0 -->
	<msg id='48' display='false' source='mc'>
		<type>HEARTBEAT</type>
		<severity>INFO</severity>
		<timestamp>Sun May 12 18:27:36 2019</timestamp>
		<arg name='tids'>10388,7448,13940,11540</arg>
		<arg name='syscalls'>0,1,1,1</arg>
		<arg name='calls'>4462496,0,0,0</arg>
	</msg>
	<!-- Heartbeat, tids = 10388,7448,13940,11540, syscallStatus = 0,1,1,1, calls = 4458490,0,0,0 -->
	<msg id='49' display='false' source='mc'>
		<type>HEARTBEAT</type>
		<severity>INFO</severity>
		<timestamp>Sun May 12 18:27:37 2019</timestamp>
		<arg name='tids'>10388,7448,13940,11540</arg>
		<arg name='syscalls'>0,1,1,1</arg>
		<arg name='calls'>4458490,0,0,0</arg>
	</msg>
	<!-- Heartbeat, tids = 10388,7448,13940,11540, syscallStatus = 0,1,1,1, calls = 4416005,0,0,0 -->
	<msg id='50' display='false' source='mc'>
		<type>HEARTBEAT</type>
		<severity>INFO</severity>
		<timestamp>Sun May 12 18:27:38 2019</timestamp>
		<arg name='tids'>10388,7448,13940,11540</arg>
		<arg name='syscalls'>0,1,1,1</arg>
		<arg name='calls'>4416005,0,0,0</arg>
	</msg>
	<!-- Heartbeat, tids = 10388,7448,13940,11540, syscallStatus = 0,1,1,1, calls = 4509777,0,0,0 -->
	<msg id='51' display='false' source='mc'>
		<type>HEARTBEAT</type>
		<severity>INFO</severity>
		<timestamp>Sun May 12 18:27:39 2019</timestamp>
		<arg name='tids'>10388,7448,13940,11540</arg>
		<arg name='syscalls'>0,1,1,1</arg>
		<arg name='calls'>4509777,0,0,0</arg>
	</msg>
	<!-- Heartbeat, tids = 10388,7448,13940,11540, syscallStatus = 0,1,1,1, calls = 4480225,0,0,0 -->
	<msg id='52' display='false' source='mc'>
		<type>HEARTBEAT</type>
		<severity>INFO</severity>
		<timestamp>Sun May 12 18:27:40 2019</timestamp>
		<arg name='tids'>10388,7448,13940,11540</arg>
		<arg name='syscalls'>0,1,1,1</arg>
		<arg name='calls'>4480225,0,0,0</arg>
	</msg>
	<!-- Heartbeat, tids = 10388,7448,13940,11540, syscallStatus = 0,1,1,1, calls = 4321064,0,0,0 -->
	<msg id='53' display='false' source='mc'>
		<type>HEARTBEAT</type>
		<severity>INFO</severity>
		<timestamp>Sun May 12 18:27:41 2019</timestamp>
		<arg name='tids'>10388,7448,13940,11540</arg>
		<arg name='syscalls'>0,1,1,1</arg>
		<arg name='calls'>4321064,0,0,0</arg>
	</msg>
	<!-- Heartbeat, tids = 10388,7448,13940,11540, syscallStatus = 0,1,1,1, calls = 4476796,0,0,0 -->
	<msg id='54' display='false' source='mc'>
		<type>HEARTBEAT</type>
		<severity>INFO</severity>
		<timestamp>Sun May 12 18:27:42 2019</timestamp>
		<arg name='tids'>10388,7448,13940,11540</arg>
		<arg name='syscalls'>0,1,1,1</arg>
		<arg name='calls'>4476796,0,0,0</arg>
	</msg>
	<!-- Heartbeat, tids = 10388,7448,13940,11540, syscallStatus = 0,1,1,1, calls = 4610962,0,0,0 -->
	<msg id='55' display='false' source='mc'>
		<type>HEARTBEAT</type>
		<severity>INFO</severity>
		<timestamp>Sun May 12 18:27:43 2019</timestamp>
		<arg name='tids'>10388,7448,13940,11540</arg>
		<arg name='syscalls'>0,1,1,1</arg>
		<arg name='calls'>4610962,0,0,0</arg>
	</msg>
	<!-- Heartbeat, tids = 10388,7448,13940,11540, syscallStatus = 0,1,1,1, calls = 4471939,0,0,0 -->
	<msg id='56' display='false' source='mc'>
		<type>HEARTBEAT</type>
		<severity>INFO</severity>
		<timestamp>Sun May 12 18:27:44 2019</timestamp>
		<arg name='tids'>10388,7448,13940,11540</arg>
		<arg name='syscalls'>0,1,1,1</arg>
		<arg name='calls'>4471939,0,0,0</arg>
	</msg>
	<!-- Heartbeat, tids = 10388,7448,13940,11540, syscallStatus = 0,1,1,1, calls = 4552411,0,0,0 -->
	<msg id='57' display='false' source='mc'>
		<type>HEARTBEAT</type>
		<severity>INFO</severity>
		<timestamp>Sun May 12 18:27:45 2019</timestamp>
		<arg name='tids'>10388,7448,13940,11540</arg>
		<arg name='syscalls'>0,1,1,1</arg>
		<arg name='calls'>4552411,0,0,0</arg>
	</msg>
	<!-- Heartbeat, tids = 10388,7448,13940,11540, syscallStatus = 0,1,1,1, calls = 4355458,0,0,0 -->
	<msg id='58' display='false' source='mc'>
		<type>HEARTBEAT</type>
		<severity>INFO</severity>
		<timestamp>Sun May 12 18:27:46 2019</timestamp>
		<arg name='tids'>10388,7448,13940,11540</arg>
		<arg name='syscalls'>0,1,1,1</arg>
		<arg name='calls'>4355458,0,0,0</arg>
	</msg>
	<!-- Heartbeat, tids = 10388,7448,13940,11540, syscallStatus = 0,1,1,1, calls = 4457845,0,0,0 -->
	<msg id='59' display='false' source='mc'>
		<type>HEARTBEAT</type>
		<severity>INFO</severity>
		<timestamp>Sun May 12 18:27:47 2019</timestamp>
		<arg name='tids'>10388,7448,13940,11540</arg>
		<arg name='syscalls'>0,1,1,1</arg>
		<arg name='calls'>4457845,0,0,0</arg>
	</msg>
	<!-- Heartbeat, tids = 10388,7448,13940,11540, syscallStatus = 0,1,1,1, calls = 4280821,0,0,0 -->
	<msg id='60' display='false' source='mc'>
		<type>HEARTBEAT</type>
		<severity>INFO</severity>
		<timestamp>Sun May 12 18:27:48 2019</timestamp>
		<arg name='tids'>10388,7448,13940,11540</arg>
		<arg name='syscalls'>0,1,1,1</arg>
		<arg name='calls'>4280821,0,0,0</arg>
	</msg>
	<!-- Heartbeat, tids = 10388,7448,13940,11540, syscallStatus = 0,1,1,1, calls = 4491578,0,0,0 -->
	<msg id='61' display='false' source='mc'>
		<type>HEARTBEAT</type>
		<severity>INFO</severity>
		<timestamp>Sun May 12 18:27:49 2019</timestamp>
		<arg name='tids'>10388,7448,13940,11540</arg>
		<arg name='syscalls'>0,1,1,1</arg>
		<arg name='calls'>4491578,0,0,0</arg>
	</msg>
	<!-- Heartbeat, tids = 10388,7448,13940,11540, syscallStatus = 0,1,1,1, calls = 4405570,0,0,0 -->
	<msg id='62' display='false' source='mc'>
		<type>HEARTBEAT</type>
		<severity>INFO</severity>
		<timestamp>Sun May 12 18:27:50 2019</timestamp>
		<arg name='tids'>10388,7448,13940,11540</arg>
		<arg name='syscalls'>0,1,1,1</arg>
		<arg name='calls'>4405570,0,0,0</arg>
	</msg>
	<!-- Heartbeat, tids = 10388,7448,13940,11540, syscallStatus = 0,1,1,1, calls = 4442569,0,0,0 -->
	<msg id='63' display='false' source='mc'>
		<type>HEARTBEAT</type>
		<severity>INFO</severity>
		<timestamp>Sun May 12 18:27:51 2019</timestamp>
		<arg name='tids'>10388,7448,13940,11540</arg>
		<arg name='syscalls'>0,1,1,1</arg>
		<arg name='calls'>4442569,0,0,0</arg>
	</msg>
	<!-- Heartbeat, tids = 10388,7448,13940,11540, syscallStatus = 0,1,1,1, calls = 4359571,0,0,0 -->
	<msg id='64' display='false' source='mc'>
		<type>HEARTBEAT</type>
		<severity>INFO</severity>
		<timestamp>Sun May 12 18:27:52 2019</timestamp>
		<arg name='tids'>10388,7448,13940,11540</arg>
		<arg name='syscalls'>0,1,1,1</arg>
		<arg name='calls'>4359571,0,0,0</arg>
	</msg>
	<!-- Heartbeat, tids = 10388,7448,13940,11540, syscallStatus = 0,1,1,1, calls = 4540090,0,0,0 -->
	<msg id='65' display='false' source='mc'>
		<type>HEARTBEAT</type>
		<severity>INFO</severity>
		<timestamp>Sun May 12 18:27:53 2019</timestamp>
		<arg name='tids'>10388,7448,13940,11540</arg>
		<arg name='syscalls'>0,1,1,1</arg>
		<arg name='calls'>4540090,0,0,0</arg>
	</msg>
	<!-- Heartbeat, tids = 10388,7448,13940,11540, syscallStatus = 0,1,1,1, calls = 4210930,0,0,0 -->
	<msg id='66' display='false' source='mc'>
		<type>HEARTBEAT</type>
		<severity>INFO</severity>
		<timestamp>Sun May 12 18:27:54 2019</timestamp>
		<arg name='tids'>10388,7448,13940,11540</arg>
		<arg name='syscalls'>0,1,1,1</arg>
		<arg name='calls'>4210930,0,0,0</arg>
	</msg>
	<!-- DIAG: 5 -->
	<!-- DIAG: 6 -->
	<!-- Heartbeat, tids = 10388,7448, syscallStatus = 0,1, calls = 4241419,0 -->
	<msg id='67' display='false' source='mc'>
		<type>HEARTBEAT</type>
		<severity>INFO</severity>
		<timestamp>Sun May 12 18:27:55 2019</timestamp>
		<arg name='tids'>10388,7448</arg>
		<arg name='syscalls'>0,1</arg>
		<arg name='calls'>4241419,0</arg>
	</msg>
	<!-- Heartbeat, tids = 10388,7448, syscallStatus = 0,1, calls = 4327237,0 -->
	<msg id='68' display='false' source='mc'>
		<type>HEARTBEAT</type>
		<severity>INFO</severity>
		<timestamp>Sun May 12 18:27:56 2019</timestamp>
		<arg name='tids'>10388,7448</arg>
		<arg name='syscalls'>0,1</arg>
		<arg name='calls'>4327237,0</arg>
	</msg>
	<!-- Heartbeat, tids = 10388,7448, syscallStatus = 0,1, calls = 4294045,0 -->
	<msg id='69' display='false' source='mc'>
		<type>HEARTBEAT</type>
		<severity>INFO</severity>
		<timestamp>Sun May 12 18:27:57 2019</timestamp>
		<arg name='tids'>10388,7448</arg>
		<arg name='syscalls'>0,1</arg>
		<arg name='calls'>4294045,0</arg>
	</msg>
	<!-- Heartbeat, tids = 10388,7448, syscallStatus = 0,1, calls = 4339005,0 -->
	<msg id='70' display='false' source='mc'>
		<type>HEARTBEAT</type>
		<severity>INFO</severity>
		<timestamp>Sun May 12 18:27:58 2019</timestamp>
		<arg name='tids'>10388,7448</arg>
		<arg name='syscalls'>0,1</arg>
		<arg name='calls'>4339005,0</arg>
	</msg>
	<!-- Heartbeat, tids = 10388,7448, syscallStatus = 0,1, calls = 4088060,0 -->
	<msg id='71' display='false' source='mc'>
		<type>HEARTBEAT</type>
		<severity>INFO</severity>
		<timestamp>Sun May 12 18:27:59 2019</timestamp>
		<arg name='tids'>10388,7448</arg>
		<arg name='syscalls'>0,1</arg>
		<arg name='calls'>4088060,0</arg>
	</msg>
	<!-- Heartbeat, tids = 10388,7448, syscallStatus = 0,1, calls = 4235554,0 -->
	<msg id='72' display='false' source='mc'>
		<type>HEARTBEAT</type>
		<severity>INFO</severity>
		<timestamp>Sun May 12 18:28:00 2019</timestamp>
		<arg name='tids'>10388,7448</arg>
		<arg name='syscalls'>0,1</arg>
		<arg name='calls'>4235554,0</arg>
	</msg>
	<!-- DIAG: 7 -->
	<!-- DIAG: 8 -->
	<!-- DIAG: 9 -->
	<!-- Process C:\Users\parham\documents\visual studio 2017\Projects\histogram\x64\Release\histogram.exe exited with code 0. Leak analysis starting - this may take a while. -->
	<msg id='73' source='mc'>
		<type>PROCESS_COMPLETE</type>
		<severity>INFO</severity>
		<timestamp>Sun May 12 18:28:00 2019</timestamp>
		<arg name='path'>C:\Users\parham\documents\visual studio 2017\Projects\histogram\x64\Release\histogram.exe</arg>
		<arg name='code'>0</arg>
	</msg>
	<!-- DIAG: 10 -->
	<!-- Module unloaded C:\Users\parham\documents\visual studio 2017\Projects\histogram\x64\Release\histogram.exe -->
	<msg id='74' source='mc'>
		<type>MODULE_UNLOAD</type>
		<severity>INFO</severity>
		<timestamp>Sun May 12 18:28:00 2019</timestamp>
		<arg name='path'>C:\Users\parham\documents\visual studio 2017\Projects\histogram\x64\Release\histogram.exe</arg>
	</msg>
	<!-- Module unloaded C:\WINDOWS\System32\KERNELBASE.dll -->
	<msg id='75' source='mc'>
		<type>MODULE_UNLOAD</type>
		<severity>INFO</severity>
		<timestamp>Sun May 12 18:28:00 2019</timestamp>
		<arg name='path'>C:\WINDOWS\System32\KERNELBASE.dll</arg>
	</msg>
	<!-- Module unloaded C:\WINDOWS\System32\KERNEL32.DLL -->
	<msg id='76' source='mc'>
		<type>MODULE_UNLOAD</type>
		<severity>INFO</severity>
		<timestamp>Sun May 12 18:28:00 2019</timestamp>
		<arg name='path'>C:\WINDOWS\System32\KERNEL32.DLL</arg>
	</msg>
	<!-- Module unloaded C:\WINDOWS\SYSTEM32\ntdll.dll -->
	<msg id='77' source='mc'>
		<type>MODULE_UNLOAD</type>
		<severity>INFO</severity>
		<timestamp>Sun May 12 18:28:00 2019</timestamp>
		<arg name='path'>C:\WINDOWS\SYSTEM32\ntdll.dll</arg>
	</msg>
	<!-- Module unloaded C:\WINDOWS\SYSTEM32\VCRUNTIME140.dll -->
	<msg id='78' source='mc'>
		<type>MODULE_UNLOAD</type>
		<severity>INFO</severity>
		<timestamp>Sun May 12 18:28:00 2019</timestamp>
		<arg name='path'>C:\WINDOWS\SYSTEM32\VCRUNTIME140.dll</arg>
	</msg>
	<!-- Module unloaded C:\WINDOWS\SYSTEM32\VCOMP140.DLL -->
	<msg id='79' source='mc'>
		<type>MODULE_UNLOAD</type>
		<severity>INFO</severity>
		<timestamp>Sun May 12 18:28:00 2019</timestamp>
		<arg name='path'>C:\WINDOWS\SYSTEM32\VCOMP140.DLL</arg>
	</msg>
	<!-- DIAG: 11 -->
	<!-- DIAG: 12 -->
	<!-- DIAG: 13 -->
	<!-- DIAG: 14 -->
	<!-- DIAG: 15 -->
	<!-- DIAG: 16 -->
	<!-- DIAG: 17 -->
	<!-- Analysis completed for C:\Users\parham\documents\visual studio 2017\Projects\histogram\x64\Release\histogram.exe -->
	<msg id='80' source='mc'>
		<type>ANALYSIS_COMPLETE</type>
		<severity>INFO</severity>
		<timestamp>Sun May 12 18:28:00 2019</timestamp>
		<arg name='path'>C:\Users\parham\documents\visual studio 2017\Projects\histogram\x64\Release\histogram.exe</arg>
	</msg>