98 [12848] TRACE perfrun.launcher <> - ENTER: int wmain(int, __wchar_t **)
98 [12848] INFO perfrun.launcher <> - Launcher main begin
102 [12848] INFO perfrun.launcher <> - MessageCatalogInit finished
102 [12848] INFO perfrun.launcher <> - Launcher instance created
102 [12848] TRACE perfrun.launcher <> - ENTER: Start the collection
102 [12848] INFO perfrun.launcher <> - argc = 7; cmdline = E:\Program Files (x86)\IntelSWTools\Advisor 2019\bin64\advixe-runss.exe --ui-output-format xml --ui-output-fd 2396 --option-file C:\Users\parham\documents\visual studio 2017\Projects\histogram\histogram\My Advisor Results - histogram\e000\hs000\config\runss.options 
102 [12848] TRACE perfrun.launcher <> - ENTER: Initialize the launcher
136 [12848] INFO perfrun.launcher <> - New signal handler callback was added
136 [12848] TRACE perfrun.launcher <> - ENTER: void runtool::CmdLineParser::declareOptions()
144 [12848] TRACE perfrun.launcher <> - EXIT:  void runtool::CmdLineParser::declareOptions()
144 [12848] INFO perfrun.launcher <> - plugin remoteplug has been added successfully
144 [12848] TRACE perfrun.system <> - ENTER: runtool::system::IController *runtool::system::IController::create()
144 [12848] TRACE perfrun.system <> - ENTER: runtool::system::Controller::Controller()
144 [12848] TRACE perfrun.system <> - EXIT:  runtool::system::Controller::Controller()
144 [12848] TRACE perfrun.system <> - EXIT:  runtool::system::IController *runtool::system::IController::create()
144 [12848] INFO perfrun.launcher <> - plugin system has been added successfully
144 [12848] INFO perfrun.launcher <> - plugin  has been added successfully
144 [12848] INFO perfrun.launcher <> - plugin  has been added successfully
144 [12848] INFO perfrun.launcher <> - plugin  has been added successfully
144 [12848] INFO perfrun.launcher <> - plugin  has been added successfully
144 [12848] INFO perfrun.launcher <> - plugin  has been added successfully
144 [12848] INFO perfrun.launcher <> - plugin  has been added successfully
144 [12848] INFO perfrun.launcher <> - plugin mrte has been added successfully
144 [12848] INFO perfrun.launcher <> - plugin  has been added successfully
144 [12848] INFO perfrun.launcher <> - plugin  has been added successfully
144 [12848] INFO perfrun.launcher <> - plugin  has been added successfully
163 [12848] INFO perfrun.launcher <> - plugin  has been added successfully
163 [12848] INFO perfrun.launcher <> - plugin  has been added successfully
163 [12848] INFO perfrun.launcher <> - plugin  has been added successfully
163 [12848] TRACE perfrun.tpss <> - ENTER: runtool::sdk::IController *runtool::tpss::IController::create()
163 [12848] TRACE perfrun.tpss <> - ENTER: create tpss controller
171 [12848] TRACE perfrun.tpss <> - EXIT:  create tpss controller
171 [12848] TRACE perfrun.tpss <> - EXIT:  runtool::sdk::IController *runtool::tpss::IController::create()
171 [12848] INFO perfrun.launcher <> - plugin tpss has been added successfully
171 [12848] INFO perfrun.launcher <> - plugin  has been added successfully
171 [12848] INFO perfrun.launcher <> - plugin  has been added successfully
172 [12848] INFO perfrun.launcher <> - plugin  has been added successfully
172 [12848] INFO perfrun.launcher <> - plugin  has been added successfully
172 [12848] INFO perfrun.launcher <> - plugin  has been added successfully
172 [12848] INFO perfrun.launcher <> - the option was added --interval: Specify an interval of data collection (for example, sampling) in milliseconds.
172 [12848] INFO perfrun.launcher <> - the option was added --follow-child: Profile process with or without children.
172 [12848] INFO perfrun.launcher <> - the option was added --gelding: BADMSG: perfrun1.launcher.plugin_manager::gelding
173 [12848] INFO perfrun.launcher <> - the option was added --time-source: Specify time source for measurement. Possible values: sys - wall clock time; tsc - time stamp counter; ext - time from an external source; auto - auto select accurate time source.
173 [12848] INFO perfrun.launcher <> - the option was added --stack: Enable or disable collection of stacks.
173 [12848] INFO perfrun.launcher <> - the option was added --stack-stitching: Enable or disable the stack stitching algorithm for Intel TBB-based applications.
173 [12848] INFO perfrun.launcher <> - the option was added --type: Specify type of data to be collected. For example, --type cpu:counters,waiting:nostack,io.
173 [12848] INFO perfrun.launcher <> - the option was added --mrte-mode: Specify Java/.NET/other managed runtime collection mode. Possible values: native - collect information only for native code; managed - collect information only for managed code; mixed - collect information for both managed and native code; auto - choose the mode based on binary type.
174 [12848] INFO perfrun.launcher <> - the option was added --mrte-mode-list: List supported Java/.NET/other managed runtime collection modes.
174 [12848] INFO perfrun.launcher <> - the option was added --mrte-type: Specify which managed runtimes to collect. Possible values: java - collect information for Java; dotnet - collect information for .NET; python - collect information for CPython. You can specify several values separated by comma.
174 [12848] INFO perfrun.launcher <> - the option was added --mrte-type-list: List supported Java/.NET/other managed runtime types.
174 [12848] INFO perfrun.launcher <> - the option was added --trace-strategy: Specify how to profile a process tree. <string> can be "<process>:trace:notrace" - profile the process but do not profile its children. Shorthand parameters: t - trace, nt - notrace. For example, "vtunedemo.exe:t:t".
174 [12848] INFO perfrun.launcher <> - the option was added --collector: BADMSG: perfrun1.launcher.plugin_manager::collector
174 [12848] INFO perfrun.launcher <> - the option was added --system-wide: Enable system-wide profiling. This mode may require additional permissions.
174 [12848] INFO perfrun.launcher <> - the option was added --kvm-guest: Enable KVM guest OS profiling.
175 [12848] INFO perfrun.launcher <> - the option was added --kvm-guest-kallsyms: Specify a local path to the /proc/kallsyms file copied from the guest OS for proper symbol resolution.
175 [12848] INFO perfrun.launcher <> - the option was added --kvm-guest-modules: Specify a local path to the /proc/modules file copied from the guest OS for proper symbol resolution.
175 [12848] INFO perfrun.launcher <> - the option was added --bandwidth-limits: Measure bandwidth limits
175 [12848] INFO perfrun.launcher <> - the option was added --bandwidth-strategy: Bandwidth limits determination specific properties (example: --bandwidth-strategy array-size=0,duration=500).
175 [12848] INFO perfrun.launcher <> - the option was added --bandwidth-config: List of benchmarks to run.
175 [12848] INFO perfrun.launcher <> - the option was added --system-collector-config: Specify subcollectors. Possible values: all, vdso, container, device-info, none.
175 [12848] INFO perfrun.launcher <> - the option was added --stackwalk: Specify stack unwinding method. Possible values: online - unwind stacks during collection; offline - unwind stacks after collection is finished.
175 [12848] INFO perfrun.launcher <> - the option was added --filter-include: Filter data during collection. Possible values: contended=<on|off> - filter out uncontended events; contended_nostack=<time> - filter out stacks for contended events that take less than <time> microseconds; wait=<time> - ignore transitions and blocks with wait time less than <time> microseconds; wait_nostack=<time> - filter out stacks for waits that take less than <time> microseconds.
176 [12848] INFO perfrun.launcher <> - the option was added --debug-pin: Debug PIN tool and runtime.
176 [12848] INFO perfrun.launcher <> - the option was added --debug-exception: Disallow the application to set own abnormal termination handler.
176 [12848] INFO perfrun.launcher <> - the option was added --trace-type: Specify the trace file granularity. Possible values: per-thread - per-thread trace file generation; per-process - per-process trace file generation.
176 [12848] INFO perfrun.launcher <> - the option was added --instrumentation-type: Specify type of instrumentation.
176 [12848] INFO perfrun.launcher <> - the option was added --guard-pulse-event: Enable handling of PulseEvent API in order not to miss signals made by the API during Hotspots collection.
176 [12848] INFO perfrun.launcher <> - the option was added --memory-strategy: Specify a minimal memory object size to be traced and a hash table size for faster objects search; for example: --memory-strategy obj-size-min=1024,hash-table-size=4096.
177 [12848] TRACE perfrun.launcher <> - Update configuration: tmp directory = E:\appdata\local\tmp\advixe-tmp-parham
177 [12848] TRACE perfrun.launcher <> - EXIT:  Initialize the launcher
178 [12848] TRACE perfrun.launcher <> - ENTER: void runtool::CmdLineParser::parseOptionFile(const std::basic_string<__wchar_t, std::char_traits<__wchar_t>, std::allocator<__wchar_t>> &)
203 [12848] TRACE perfrun.launcher <> - EXIT:  void runtool::CmdLineParser::parseOptionFile(const std::basic_string<__wchar_t, std::char_traits<__wchar_t>, std::allocator<__wchar_t>> &)
204 [12848] INFO perfrun.launcher <> - create msngr2::ICliToolContext
214 [12848] TRACE perfrun.launcher <> - ENTER: void runtool::CmdLineParser::validateParseResult() const
214 [12848] TRACE perfrun.launcher <> - EXIT:  void runtool::CmdLineParser::validateParseResult() const
214 [12848] TRACE perfrun.launcher <> - ENTER: void runtool::CmdLineParser::populate(runtool::IConfiguration *) const
214 [12848] TRACE perfrun.launcher <> - Update configuration: action = start
214 [12848] TRACE perfrun.launcher <> - Update configuration: collection type = launcher
214 [12848] TRACE perfrun.launcher <> - Update configuration: compression level = 2
214 [12848] TRACE perfrun.launcher <> - Update configuration: duration = 0 sec
214 [12848] TRACE perfrun.launcher <> - Update configuration: host ports = 4000,
214 [12848] TRACE perfrun.launcher <> - Update configuration: target ports = 4001,9321,
214 [12848] TRACE perfrun.launcher <> - Update configuration: data limit = 524288000 bytes
214 [12848] TRACE perfrun.launcher <> - Update configuration: disc space limit = 0 bytes
237 [12848] TRACE perfrun.launcher <> - Update configuration: return-app-exitcode = true
237 [12848] TRACE perfrun.launcher <> - Update configuration: result directory = C:\Users\parham\documents\visual studio 2017\Projects\histogram\histogram\My Advisor Results - histogram\e000\hs000
237 [12848] TRACE perfrun.launcher <> - Update configuration: application = C:\Users\parham\documents\visual studio 2017\Projects\histogram\x64\Release\histogram.exe
237 [12848] TRACE perfrun.launcher <> - [IN] option = interval; value = 10 !u32_t
237 [12848] TRACE perfrun.launcher <> - [IN] option = follow-child; value = true !bool
237 [12848] TRACE perfrun.launcher <> - [IN] option = gelding; value = false !bool
237 [12848] TRACE perfrun.launcher <> - [IN] option = time-source; value = auto !ustring
237 [12848] TRACE perfrun.launcher <> - [IN] option = stack; value = true !bool
237 [12848] TRACE perfrun.launcher <> - [IN] option = stack-stitching; value = true !bool
237 [12848] TRACE perfrun.launcher <> - [IN] option = type; value = cpu:stack !ustring
237 [12848] TRACE perfrun.launcher <> - [IN] option = mrte-mode; value = auto !ustring
237 [12848] TRACE perfrun.launcher <> - [IN] option = mrte-type; value = java !ustring
238 [12848] TRACE perfrun.launcher <> - [IN] option = mrte-type; value = dotnet !ustring
238 [12848] TRACE perfrun.launcher <> - [IN] option = mrte-type; value = python !ustring
238 [12848] TRACE perfrun.launcher <> - [IN] option = trace-strategy; value = ld-linux.so.2:notrace:notrace !ustring
238 [12848] TRACE perfrun.launcher <> - [IN] option = trace-strategy; value = ld-linux-x86-64.so.2:notrace:notrace !ustring
238 [12848] TRACE perfrun.launcher <> - [IN] option = collector; value = sep !ustring
238 [12848] TRACE perfrun.launcher <> - [IN] option = system-wide; value = false !bool
238 [12848] TRACE perfrun.launcher <> - [IN] option = kvm-guest; value = false !bool
238 [12848] TRACE perfrun.launcher <> - [IN] option = bandwidth-limits; value = false !bool
238 [12848] TRACE perfrun.launcher <> - [IN] option = system-collector-config; value = all !ustring
238 [12848] TRACE perfrun.launcher <> - [IN] option = stackwalk; value = offline !ustring
238 [12848] TRACE perfrun.launcher <> - [IN] option = trace-type; value = per-thread !ustring
238 [12848] TRACE perfrun.launcher <> - [IN] option = instrumentation-type; value = pin !ustring
238 [12848] TRACE perfrun.launcher <> - [IN] option = guard-pulse-event; value = false !bool
238 [12848] TRACE perfrun.launcher <> - EXIT:  void runtool::CmdLineParser::populate(runtool::IConfiguration *) const
238 [3116] TRACE perfrun.tpss <> - ENTER: void runtool::tpss::Controller::setMessageChannel(runtool::sdk::IMessageChannel *)
238 [3116] TRACE perfrun.tpss <> - EXIT:  void runtool::tpss::Controller::setMessageChannel(runtool::sdk::IMessageChannel *)
238 [12848] INFO perfrun.launcher <> - create file finder object
238 [3116] TRACE perfrun.tpss <> - ENTER: void runtool::tpss::Controller::setRequestHandler(runtool::sdk::IRequestHandler *)
238 [3116] TRACE perfrun.tpss <> - EXIT:  void runtool::tpss::Controller::setRequestHandler(runtool::sdk::IRequestHandler *)
238 [12848] TRACE perfrun.launcher <> - Handle the user request: action = 0
238 [12848] TRACE perfrun.launcher <> - ENTER: int runtool::Launcher::doStart()
238 [12848] TRACE perfrun.launcher <> - ENTER: void runtool::Launcher::prepareLaunch()
238 [12848] TRACE perfrun.launcher <> - ENTER: void runtool::Launcher::prepareResultDirectory()
239 [12848] INFO perfrun.launcher <> - create a result directory: pattern = C:\Users\parham\documents\visual studio 2017\Projects\histogram\histogram\My Advisor Results - histogram\e000\hs000 pid = 4294967295
270 [12848] TRACE perfrun.launcher <> - Update configuration: result directory = C:\Users\parham\documents\visual studio 2017\Projects\histogram\histogram\My Advisor Results - histogram\e000\hs000
270 [12848] INFO perfrun.launcher <> - create data directory = C:\Users\parham\documents\visual studio 2017\Projects\histogram\histogram\My Advisor Results - histogram\e000\hs000\data.0
276 [12848] TRACE perfrun.launcher <> - Update configuration: data directory = C:\Users\parham\documents\visual studio 2017\Projects\histogram\histogram\My Advisor Results - histogram\e000\hs000\data.0
276 [12848] TRACE perfrun.launcher <> - EXIT:  void runtool::Launcher::prepareResultDirectory()
276 [12848] INFO perfrun.launcher <> - Creating the master collection flag
286 [12848] INFO perfrun.launcher <> - Done creating the master collection flag
286 [12848] TRACE perfrun.launcher <> - IMessenger: send collection state with state = 11
286 [3116] TRACE perfrun.launcher <> - Update configuration: follow child = 1
286 [3116] TRACE perfrun.launcher <> - Update configuration: time source = 0
286 [3116] TRACE perfrun.launcher <> - Update configuration: stack = 1
286 [3116] TRACE perfrun.launcher <> - Update configuration: gelding = 0
286 [3116] TRACE perfrun.launcher <> - Update configuration: stack stitching = 1
286 [3116] INFO perfrun.launcher <> - plugin [remoteplug] was disabled because it doesn't support the given collection type.
287 [3116] TRACE perfrun.system <> - ENTER: int runtool::system::Controller::initialize(runtool::sdk::IConfiguration *)
287 [3116] TRACE perfrun.system <> - ENTER: int runtool::system::TraceWriter::initialize(runtool::sdk::IConfiguration *, runtool::system::TraceWriter::Settings *)
287 [3116] DEBUG perfrun.sdk <> - DataDirectory set: C:\Users\parham\documents\visual studio 2017\Projects\histogram\histogram\My Advisor Results - histogram\e000\hs000\data.0
287 [3116] TRACE perfrun.sdk <> - set the compression level: 2
288 [3116] TRACE perfrun.sdk <> - ENTER: runtool::sdk::TraceFile::TraceFile(tpss_tmu_creator *, unsigned int, const std::basic_string<__wchar_t, std::char_traits<__wchar_t>, std::allocator<__wchar_t>> &, bool)
288 [3116] INFO perfrun.sdk <> - Allocating TMU :C:\Users\parham\documents\visual studio 2017\Projects\histogram\histogram\My Advisor Results - histogram\e000\hs000\data.0\systemcollector-8808-Parham.sc
288 [3116] TRACE perfrun.sdk <> - EXIT:  runtool::sdk::TraceFile::TraceFile(tpss_tmu_creator *, unsigned int, const std::basic_string<__wchar_t, std::char_traits<__wchar_t>, std::allocator<__wchar_t>> &, bool)
288 [3116] TRACE perfrun.system <> - EXIT:  int runtool::system::TraceWriter::initialize(runtool::sdk::IConfiguration *, runtool::system::TraceWriter::Settings *)
288 [3116] TRACE perfrun.system <> - EXIT:  int runtool::system::Controller::initialize(runtool::sdk::IConfiguration *)
288 [3116] INFO perfrun.launcher <> - plugin [] was disabled because it doesn't support the given collection type.
288 [3116] INFO perfrun.launcher <> - plugin [] was disabled because it doesn't support the given collection type.
288 [3116] INFO perfrun.launcher <> - plugin [] was disabled because it doesn't support the given collection type.
288 [3116] INFO perfrun.launcher <> - plugin [] was disabled because it doesn't support the given collection type.
288 [3116] INFO perfrun.launcher <> - plugin [] was disabled because it doesn't support the given collection type.
288 [3116] INFO perfrun.launcher <> - plugin [] was disabled because it doesn't support the given collection type.
289 [3116] TRACE perfrun.mrte <> - ENTER: int runtool::mrte::Controller::initialize(runtool::sdk::IConfiguration *)
289 [3116] TRACE perfrun.mrte <> - EXIT:  int runtool::mrte::Controller::initialize(runtool::sdk::IConfiguration *)
289 [3116] INFO perfrun.launcher <> - plugin [mrte] was disabled because it doesn't support the given collection type.
289 [3116] INFO perfrun.launcher <> - plugin [] was disabled because it doesn't support the given collection type.
289 [3116] INFO perfrun.launcher <> - plugin [] was disabled because it doesn't support the given collection type.
289 [3116] INFO perfrun.launcher <> - plugin [] was disabled because it doesn't support the given collection type.
289 [3116] INFO perfrun.launcher <> - plugin [] was disabled because it doesn't support the given collection type.
289 [3116] INFO perfrun.launcher <> - plugin [] was disabled because it doesn't support the given collection type.
289 [3116] INFO perfrun.launcher <> - plugin [] was disabled because it doesn't support the given collection type.
289 [3116] TRACE perfrun.tpss <> - ENTER: int runtool::tpss::Controller::initialize(runtool::sdk::IConfiguration *)
289 [3116] INFO perfrun.tpss <> - initialize tpss controller
289 [3116] TRACE perfrun.tpss <> - ENTER: bool runtool::tpss::Controller::configureCollectionMode(const std::basic_string<__wchar_t, std::char_traits<__wchar_t>, std::allocator<__wchar_t>> &)
289 [3116] INFO perfrun.tpss <> - configure collection mode: value = cpu:stack
289 [3116] TRACE perfrun.tpss <> - EXIT:  bool runtool::tpss::Controller::configureCollectionMode(const std::basic_string<__wchar_t, std::char_traits<__wchar_t>, std::allocator<__wchar_t>> &)
289 [3116] TRACE perfrun.tpss <> - ENTER: tpss::trace_file_t runtool::tpss::castTraceFileType(const gen_helpers2::variant_t &)
289 [3116] TRACE perfrun.tpss <> - EXIT:  tpss::trace_file_t runtool::tpss::castTraceFileType(const gen_helpers2::variant_t &)
289 [3116] INFO perfrun.tpss <> - default obj-size-min=1024
289 [3116] INFO perfrun.tpss <> - default hash-table-size=0
289 [3116] TRACE perfrun.tpss <> - EXIT:  int runtool::tpss::Controller::initialize(runtool::sdk::IConfiguration *)
289 [3116] INFO perfrun.launcher <> - plugin [] was disabled because it doesn't support the given collection type.
289 [3116] INFO perfrun.launcher <> - plugin [] was disabled because it doesn't support the given collection type.
289 [3116] INFO perfrun.launcher <> - plugin [] was disabled because it doesn't support the given collection type.
289 [3116] INFO perfrun.launcher <> - plugin [] was disabled because it doesn't support the given collection type.
289 [3116] INFO perfrun.launcher <> - plugin [] was disabled because it doesn't support the given collection type.
290 [12848] TRACE perfrun.launcher <> - RpcServer was created
290 [12848] TRACE perfrun.launcher <> - RpcServer: setup all handlers at once
290 [12848] TRACE perfrun.launcher <> - RpcServer: setup a handler for ICancelRequest
290 [12848] TRACE perfrun.launcher <> - RpcServer: setup a handler for IPauseRequest
290 [12848] TRACE perfrun.launcher <> - RpcServer: setup a handler for IResumeRequest
290 [12848] TRACE perfrun.launcher <> - RpcServer: setup a handler for IStopRequest
290 [12848] TRACE perfrun.launcher <> - RpcServer: setup a handler for IStatusRequest
290 [12848] TRACE perfrun.launcher <> - RpcServer: setup a handler for IDetachRequest
290 [12848] TRACE perfrun.launcher <> - RpcServer: setup a handler for IMarkRequest
290 [12848] TRACE perfrun.launcher <> - RpcServer: setup a handler for IConfigureRequest
290 [12848] TRACE perfrun.launcher <> - RpcServer: setup a handler for ICommunicateRequest
290 [12848] TRACE perfrun.launcher <> - RpcServer: setup a handler for IPluginEventRequest
290 [12848] INFO perfrun.launcher <> - RpcServer: run RPC server to handle requests
291 [1932] TRACE perfrun.launcher <> - ENTER: RpcServer: the main loop handles RPC requests  from clients
292 [12848] DEBUG perfrun.launcher <> - RpcServer: wrote information about the RPC server into the IPC file
295 [12848] TRACE perfrun.launcher <> - EXIT:  void runtool::Launcher::prepareLaunch()
295 [12848] TRACE perfrun.sdk <> - ENTER: bool runtool::sdk::IProcessUtil::checkExecutableFile(const std::basic_string<__wchar_t, std::char_traits<__wchar_t>, std::allocator<__wchar_t>> &)
303 [12848] INFO perfrun.sdk <> - IProcessUtil: the given executable 'C:\Users\parham\documents\visual studio 2017\Projects\histogram\x64\Release\histogram.exe' is valid.
303 [12848] TRACE perfrun.sdk <> - EXIT:  bool runtool::sdk::IProcessUtil::checkExecutableFile(const std::basic_string<__wchar_t, std::char_traits<__wchar_t>, std::allocator<__wchar_t>> &)
303 [12848] INFO perfrun.launcher <> - Launcher: command line to start before modification = C:\Users\parham\documents\visual studio 2017\Projects\histogram\x64\Release\histogram.exe
303 [3116] TRACE perfrun.tpss <> - ENTER: void runtool::tpss::Controller::modifyCommandLine(std::basic_string<__wchar_t, std::char_traits<__wchar_t>, std::allocator<__wchar_t>> &) const
306 [3116] TRACE perfrun.tpss <> - EXIT:  void runtool::tpss::Controller::modifyCommandLine(std::basic_string<__wchar_t, std::char_traits<__wchar_t>, std::allocator<__wchar_t>> &) const
306 [12848] INFO perfrun.launcher <> - Launcher: command line to start after modification = E:\Program Files (x86)\IntelSWTools\Advisor 2019\bin64\pin.exe -error_file C:\Users\parham\documents\visual studio 2017\Projects\histogram\histogram\My Advisor Results - histogram\e000\hs000\data.0\pinerr.tpsslog -detach_reattach -probe -follow_execv -p32 E:\Program Files (x86)\IntelSWTools\Advisor 2019\bin32\pin.exe -p64 E:\Program Files (x86)\IntelSWTools\Advisor 2019\bin64\pin.exe -t64 E:\Program Files (x86)\IntelSWTools\Advisor 2019\bin64\tpsstool.dll -t E:\Program Files (x86)\IntelSWTools\Advisor 2019\bin32\tpsstool.dll -server_name tpss_ipc.8808 -prd_dir E:\Program Files (x86)\IntelSWTools\Advisor 2019 -- C:\Users\parham\documents\visual studio 2017\Projects\histogram\x64\Release\histogram.exe
306 [12848] INFO perfrun.launcher <> - ProcessCreator object was created
306 [12848] TRACE perfrun.launcher <> - ENTER: unsigned int runtool::ProcessCreator::start(bool)
353 [12848] TRACE perfrun.launcher <> - EXIT:  unsigned int runtool::ProcessCreator::start(bool)
353 [12848] INFO perfrun.launcher <> - Launcher: the process was started in suspend mode
353 [3116] TRACE perfrun.system <> - ENTER: void runtool::system::Controller::onEvent(runtool::sdk::collection_state_t)
353 [3116] TRACE perfrun.system <> - EXIT:  void runtool::system::Controller::onEvent(runtool::sdk::collection_state_t)
353 [3116] TRACE perfrun.system <> - ENTER: bool runtool::system::Controller::start(unsigned int)
353 [3116] TRACE perfrun.system <> - ENTER: bool runtool::system::getVideoAdapters(std::vector<runtool::system::gpu_adapter_t, std::allocator<runtool::system::gpu_adapter_t>> &)
460 [3116] TRACE perfrun.system <> - EXIT:  bool runtool::system::getVideoAdapters(std::vector<runtool::system::gpu_adapter_t, std::allocator<runtool::system::gpu_adapter_t>> &)
461 [3116] TRACE perfrun.system <> - EXIT:  bool runtool::system::Controller::start(unsigned int)
461 [3116] TRACE perfrun.tpss <> - ENTER: bool runtool::tpss::Controller::start(unsigned int)
461 [3116] INFO perfrun.tpss <> - start tpss controller for pid #8580
512 [3116] TRACE perfrun.tpss <> - EXIT:  bool runtool::tpss::Controller::start(unsigned int)
512 [3116] TRACE perfrun.system <> - ENTER: void runtool::system::Controller::onEvent(runtool::sdk::collection_state_t)
512 [3116] TRACE perfrun.system <> - EXIT:  void runtool::system::Controller::onEvent(runtool::sdk::collection_state_t)
512 [12848] INFO perfrun.launcher <> - Launcher: all plugins were started
512 [12848] TRACE perfrun.launcher <> - IMessenger: send collection state with state = 1
512 [12848] TRACE perfrun.launcher <> - ENTER: void runtool::Launcher::setupResumeAfterCallback()
512 [12848] TRACE perfrun.launcher <> - EXIT:  void runtool::Launcher::setupResumeAfterCallback()
512 [12848] TRACE perfrun.launcher <> - ENTER: void runtool::Launcher::setupHardStopCallbacks()
512 [12848] INFO perfrun.launcher <> - DirectoryMonitor object was created
512 [12848] INFO perfrun.launcher <> - DirectoryMonitor: a callback was added
512 [12848] INFO perfrun.launcher <> - DirectoryMonitor was started with pingTime = 1000
512 [12848] INFO perfrun.launcher <> - DeadlineTimer is going to be constructed
512 [12848] INFO perfrun.launcher <> - DeadlineTimer: a callback was added
513 [12848] TRACE perfrun.launcher <> - EXIT:  void runtool::Launcher::setupHardStopCallbacks()
513 [12848] TRACE perfrun.launcher <> - ENTER: void runtool::Launcher::setupDurationCallback(bool)
513 [12848] TRACE perfrun.launcher <> - EXIT:  void runtool::Launcher::setupDurationCallback(bool)
520 [12848] TRACE perfrun.launcher <> - ENTER: void runtool::ProcessCreator::resume()
520 [12848] DEBUG perfrun.launcher <> - ProcessCreator: the process with pid = 8580 is resumed
520 [12848] TRACE perfrun.launcher <> - EXIT:  void runtool::ProcessCreator::resume()
520 [12848] INFO perfrun.launcher <> - Launcher: resume the profiled application and  wait its termination or stop command
520 [12848] TRACE perfrun.launcher <> - ENTER: int runtool::ProcessCreator::wait()
1514 [1920] TRACE perfrun.launcher <> - ENTER: void runtool::DeadlineTimer::notify(const boost::system::error_code &)
1514 [1920] TRACE perfrun.launcher <> - ENTER: void runtool::DirectoryMonitor::notifyAll()
1514 [1920] TRACE perfrun.sdk <> - ENTER: void runtool::sdk::getFilesFromDirectoryByExt(const std::basic_string<__wchar_t, std::char_traits<__wchar_t>, std::allocator<__wchar_t>> &, const std::basic_string<__wchar_t, std::char_traits<__wchar_t>, std::allocator<__wchar_t>> &, std::list<std::basic_string<__wchar_t, std::char_traits<__wchar_t>, std::allocator<__wchar_t>>, std::allocator<std::basic_string<__wchar_t, std::char_traits<__wchar_t>, std::allocator<__wchar_t>>>> &)
1518 [1920] TRACE perfrun.sdk <> - EXIT:  void runtool::sdk::getFilesFromDirectoryByExt(const std::basic_string<__wchar_t, std::char_traits<__wchar_t>, std::allocator<__wchar_t>> &, const std::basic_string<__wchar_t, std::char_traits<__wchar_t>, std::allocator<__wchar_t>> &, std::list<std::basic_string<__wchar_t, std::char_traits<__wchar_t>, std::allocator<__wchar_t>>, std::allocator<std::basic_string<__wchar_t, std::char_traits<__wchar_t>, std::allocator<__wchar_t>>>> &)
1519 [1920] DEBUG perfrun.launcher <> - DirectoryInfo: total size of monitored paths is 0 bytes
1519 [1920] TRACE perfrun.launcher <> - EXIT:  void runtool::DirectoryMonitor::notifyAll()
1519 [1920] TRACE perfrun.launcher <> - EXIT:  void runtool::DeadlineTimer::notify(const boost::system::error_code &)
2519 [1920] TRACE perfrun.launcher <> - ENTER: void runtool::DeadlineTimer::notify(const boost::system::error_code &)
2519 [1920] TRACE perfrun.launcher <> - ENTER: void runtool::DirectoryMonitor::notifyAll()
2519 [1920] TRACE perfrun.sdk <> - ENTER: void runtool::sdk::getFilesFromDirectoryByExt(const std::basic_string<__wchar_t, std::char_traits<__wchar_t>, std::allocator<__wchar_t>> &, const std::basic_string<__wchar_t, std::char_traits<__wchar_t>, std::allocator<__wchar_t>> &, std::list<std::basic_string<__wchar_t, std::char_traits<__wchar_t>, std::allocator<__wchar_t>>, std::allocator<std::basic_string<__wchar_t, std::char_traits<__wchar_t>, std::allocator<__wchar_t>>>> &)
2522 [1920] TRACE perfrun.sdk <> - EXIT:  void runtool::sdk::getFilesFromDirectoryByExt(const std::basic_string<__wchar_t, std::char_traits<__wchar_t>, std::allocator<__wchar_t>> &, const std::basic_string<__wchar_t, std::char_traits<__wchar_t>, std::allocator<__wchar_t>> &, std::list<std::basic_string<__wchar_t, std::char_traits<__wchar_t>, std::allocator<__wchar_t>>, std::allocator<std::basic_string<__wchar_t, std::char_traits<__wchar_t>, std::allocator<__wchar_t>>>> &)
2523 [1920] DEBUG perfrun.launcher <> - DirectoryInfo: total size of monitored paths is 0 bytes
2523 [1920] TRACE perfrun.launcher <> - EXIT:  void runtool::DirectoryMonitor::notifyAll()
2523 [1920] TRACE perfrun.launcher <> - EXIT:  void runtool::DeadlineTimer::notify(const boost::system::error_code &)
2863 [12848] TRACE perfrun.launcher <> - EXIT:  int runtool::ProcessCreator::wait()
2863 [12848] INFO perfrun.launcher <> - Launcher: the profiled application was terminated  with exit code = 0
2863 [12848] TRACE perfrun.launcher <> - ENTER: void runtool::Launcher::waitForSlaves(const std::basic_string<__wchar_t, std::char_traits<__wchar_t>, std::allocator<__wchar_t>> &)
2863 [12848] TRACE perfrun.sdk <> - ENTER: void runtool::sdk::getFilesFromDirectoryByExt(const std::basic_string<__wchar_t, std::char_traits<__wchar_t>, std::allocator<__wchar_t>> &, const std::basic_string<__wchar_t, std::char_traits<__wchar_t>, std::allocator<__wchar_t>> &, std::list<std::basic_string<__wchar_t, std::char_traits<__wchar_t>, std::allocator<__wchar_t>>, std::allocator<std::basic_string<__wchar_t, std::char_traits<__wchar_t>, std::allocator<__wchar_t>>>> &)
2867 [12848] TRACE perfrun.sdk <> - EXIT:  void runtool::sdk::getFilesFromDirectoryByExt(const std::basic_string<__wchar_t, std::char_traits<__wchar_t>, std::allocator<__wchar_t>> &, const std::basic_string<__wchar_t, std::char_traits<__wchar_t>, std::allocator<__wchar_t>> &, std::list<std::basic_string<__wchar_t, std::char_traits<__wchar_t>, std::allocator<__wchar_t>>, std::allocator<std::basic_string<__wchar_t, std::char_traits<__wchar_t>, std::allocator<__wchar_t>>>> &)
2867 [12848] TRACE perfrun.launcher <> - EXIT:  void runtool::Launcher::waitForSlaves(const std::basic_string<__wchar_t, std::char_traits<__wchar_t>, std::allocator<__wchar_t>> &)
2867 [3116] TRACE perfrun.system <> - ENTER: void runtool::system::Controller::onEvent(runtool::sdk::collection_state_t)
2867 [3116] TRACE perfrun.system <> - EXIT:  void runtool::system::Controller::onEvent(runtool::sdk::collection_state_t)
2867 [3116] TRACE perfrun.system <> - ENTER: bool runtool::system::Controller::stop()
2884 [3116] TRACE perfrun.system <> - EXIT:  bool runtool::system::Controller::stop()
2884 [3116] TRACE perfrun.tpss <> - ENTER: bool runtool::tpss::Controller::stop()
2884 [3116] INFO perfrun.tpss <> - stop tpss controller
2885 [3116] TRACE perfrun.tpss <> - EXIT:  bool runtool::tpss::Controller::stop()
2885 [3116] TRACE perfrun.system <> - ENTER: void runtool::system::Controller::onEvent(runtool::sdk::collection_state_t)
2885 [3116] TRACE perfrun.sdk <> - ENTER: void runtool::sdk::TraceFile::close(boost::system::error_code &)
2885 [3116] INFO perfrun.sdk <> - De-allocating TMU: C:\Users\parham\documents\visual studio 2017\Projects\histogram\histogram\My Advisor Results - histogram\e000\hs000\data.0\systemcollector-8808-Parham.sc
2900 [3116] TRACE perfrun.sdk <> - EXIT:  void runtool::sdk::TraceFile::close(boost::system::error_code &)
2900 [3116] INFO perfrun.system <> - closed the system trace file: C:\Users\parham\documents\visual studio 2017\Projects\histogram\histogram\My Advisor Results - histogram\e000\hs000\data.0\systemcollector-8808-Parham.sc
2900 [3116] TRACE perfrun.system <> - EXIT:  void runtool::system::Controller::onEvent(runtool::sdk::collection_state_t)
2900 [12848] TRACE perfrun.launcher <> - ENTER: void runtool::ProcessSetMonitor<unsigned int>::stop<>()
2900 [12848] TRACE perfrun.launcher <> - EXIT:  void runtool::ProcessSetMonitor<unsigned int>::stop<>()
2900 [12848] TRACE perfrun.launcher <> - ENTER: void runtool::ProcessCreator::stop()
2900 [12848] TRACE perfrun.launcher <> - EXIT:  void runtool::ProcessCreator::stop()
2900 [12848] INFO perfrun.launcher <> - Launcher: all plugins were stopped.
2900 [12848] TRACE perfrun.launcher <> - ENTER: void runtool::Launcher::resetDurationCallback()
2901 [12848] TRACE perfrun.launcher <> - EXIT:  void runtool::Launcher::resetDurationCallback()
2901 [12848] TRACE perfrun.launcher <> - ENTER: void runtool::Launcher::resetResumeAfterCallback()
2901 [12848] TRACE perfrun.launcher <> - EXIT:  void runtool::Launcher::resetResumeAfterCallback()
2901 [12848] TRACE perfrun.launcher <> - ENTER: void runtool::Launcher::resetHardStopCallbacks()
2901 [12848] INFO perfrun.launcher <> - DeadlineTimer is going to be destroyed
2901 [12848] INFO perfrun.launcher <> - DirectoryMonitor object was destroyed
2901 [12848] TRACE perfrun.launcher <> - EXIT:  void runtool::Launcher::resetHardStopCallbacks()
2901 [12848] WARN perfrun.launcher <> - Stop command is ignored because it is received when collection is already stopped, at file: vcs\perfrun1\launcher\src\command_handler.cpp:212
2901 [12848] TRACE perfrun.launcher <> - ENTER: void runtool::Launcher::shutdownLaunch()
2901 [12848] TRACE perfrun.launcher <> - ENTER: void runtool::Launcher::resetDurationCallback()
2901 [12848] TRACE perfrun.launcher <> - EXIT:  void runtool::Launcher::resetDurationCallback()
2901 [12848] TRACE perfrun.launcher <> - ENTER: void runtool::Launcher::resetResumeAfterCallback()
2901 [12848] TRACE perfrun.launcher <> - EXIT:  void runtool::Launcher::resetResumeAfterCallback()
2901 [12848] TRACE perfrun.launcher <> - ENTER: void runtool::Launcher::resetHardStopCallbacks()
2901 [12848] TRACE perfrun.launcher <> - EXIT:  void runtool::Launcher::resetHardStopCallbacks()
2902 [12848] TRACE perfrun.launcher <> - ENTER: void runtool::Launcher::waitForSlaves(const std::basic_string<__wchar_t, std::char_traits<__wchar_t>, std::allocator<__wchar_t>> &)
2902 [12848] TRACE perfrun.sdk <> - ENTER: void runtool::sdk::getFilesFromDirectoryByExt(const std::basic_string<__wchar_t, std::char_traits<__wchar_t>, std::allocator<__wchar_t>> &, const std::basic_string<__wchar_t, std::char_traits<__wchar_t>, std::allocator<__wchar_t>> &, std::list<std::basic_string<__wchar_t, std::char_traits<__wchar_t>, std::allocator<__wchar_t>>, std::allocator<std::basic_string<__wchar_t, std::char_traits<__wchar_t>, std::allocator<__wchar_t>>>> &)
2905 [12848] TRACE perfrun.sdk <> - EXIT:  void runtool::sdk::getFilesFromDirectoryByExt(const std::basic_string<__wchar_t, std::char_traits<__wchar_t>, std::allocator<__wchar_t>> &, const std::basic_string<__wchar_t, std::char_traits<__wchar_t>, std::allocator<__wchar_t>> &, std::list<std::basic_string<__wchar_t, std::char_traits<__wchar_t>, std::allocator<__wchar_t>>, std::allocator<std::basic_string<__wchar_t, std::char_traits<__wchar_t>, std::allocator<__wchar_t>>>> &)
2905 [12848] TRACE perfrun.launcher <> - EXIT:  void runtool::Launcher::waitForSlaves(const std::basic_string<__wchar_t, std::char_traits<__wchar_t>, std::allocator<__wchar_t>> &)
2905 [12848] TRACE perfrun.launcher <> - EXIT:  void runtool::Launcher::shutdownLaunch()
2906 [12848] TRACE perfrun.launcher <> - EXIT:  int runtool::Launcher::doStart()
2906 [12848] TRACE perfrun.launcher <> - IMessenger: send collection state with state = 3
2906 [12848] INFO perfrun.launcher <> - Application exit code: 0
2906 [12848] INFO perfrun.launcher <> - Exit code: 0
2906 [12848] TRACE perfrun.launcher <> - ENTER: void runtool::RpcServer::stop()
2925 [12848] TRACE perfrun.launcher <> - ENTER: Send RPC request
2926 [1932] TRACE perfrun.launcher <> - ENTER: Receive RPC request
2926 [1932] TRACE perfrun.launcher <> - request was received: size = 43; message = 22 serialization::archive 10 0 0 10 0 0 0 0
2926 [12848] TRACE perfrun.launcher <> - request was sent: size = 43; message = 22 serialization::archive 10 0 0 10 0 0 0 0
2926 [12848] TRACE perfrun.launcher <> - EXIT:  Send RPC request
2926 [1932] TRACE perfrun.launcher <> - EXIT:  Receive RPC request
2926 [1932] TRACE perfrun.launcher <> - EXIT:  RpcServer: the main loop handles RPC requests  from clients
2926 [12848] TRACE perfrun.launcher <> - EXIT:  void runtool::RpcServer::stop()
2926 [12848] TRACE perfrun.launcher <> - EXIT:  Start the collection
2926 [12848] TRACE perfrun.launcher <> - ENTER: Destroy the launcher...
2926 [12848] TRACE perfrun.launcher <> - EXIT:  Destroy the launcher...
2926 [12848] TRACE perfrun.launcher <> - ENTER: runtool::RpcServer::~RpcServer()
2926 [12848] TRACE perfrun.launcher <> - ENTER: void runtool::RpcServer::stop()
2926 [12848] TRACE perfrun.launcher <> - EXIT:  void runtool::RpcServer::stop()
2926 [12848] TRACE perfrun.launcher <> - EXIT:  runtool::RpcServer::~RpcServer()
2926 [12848] TRACE perfrun.launcher <> - ENTER: runtool::ProcessCreator::~ProcessCreator()
2926 [12848] TRACE perfrun.launcher <> - ENTER: void runtool::ProcessCreator::stop()
2926 [12848] TRACE perfrun.launcher <> - EXIT:  void runtool::ProcessCreator::stop()
2926 [12848] TRACE perfrun.launcher <> - EXIT:  runtool::ProcessCreator::~ProcessCreator()
2927 [12848] TRACE perfrun.launcher <> - PluginManagerProxy::doOperation thread was terminated.
2929 [12848] TRACE perfrun.launcher <> - EXIT:  int wmain(int, __wchar_t **)
