<?xml version="1.0" encoding="utf-8"?>
<log version="1.0" tool="runtool">

<msg id="1" tool="runtool">
  <type>log-start</type>
  <arg>2019/05/12 18:11:07</arg>
</msg>
<msg id="2" tool="runtool">
  <type>collector-starts</type>
</msg>
<msg id="3" tool="runtool">
  <type>marker-file</type>
  <arg>C:\Users\parham\documents\visual studio 2017\Projects\histogram\histogram\My Inspector Results - histogram\r000mi3\r000mi3.inspxe</arg>
</msg>
<msg id="4" tool="mc">
  <type>EXEC_OF_INTEREST</type>
  <arg>C:\Users\parham\documents\visual studio 2017\Projects\histogram\x64\Release\histogram.exe</arg>
  <arg>3272</arg>
  <severity>INFO</severity>
  <timestamp>Sun May 12 18:11:09 2019</timestamp>
</msg>
<msg id="5" tool="mc">
  <type>MODULE_LOAD</type>
  <arg>C:\Users\parham\documents\visual studio 2017\Projects\histogram\x64\Release\histogram.exe</arg>
  <arg>0x7ff70fcd0000</arg>
  <arg>0x7ff70fcd7fff</arg>
  <severity>INFO</severity>
  <timestamp>Sun May 12 18:11:09 2019</timestamp>
</msg>
<msg id="6" tool="mc">
  <type>MODULE_LOAD</type>
  <arg>C:\WINDOWS\System32\KERNELBASE.dll</arg>
  <arg>0x7ffbaa540000</arg>
  <arg>0x7ffbaa7b2fff</arg>
  <severity>INFO</severity>
  <timestamp>Sun May 12 18:11:09 2019</timestamp>
</msg>
<msg id="7" tool="mc">
  <type>MODULE_LOAD</type>
  <arg>C:\WINDOWS\System32\KERNEL32.DLL</arg>
  <arg>0x7ffbac1f0000</arg>
  <arg>0x7ffbac2a0fff</arg>
  <severity>INFO</severity>
  <timestamp>Sun May 12 18:11:10 2019</timestamp>
</msg>
<msg id="8" tool="mc">
  <type>MODULE_LOAD</type>
  <arg>C:\WINDOWS\SYSTEM32\ntdll.dll</arg>
  <arg>0x7ffbae170000</arg>
  <arg>0x7ffbae350fff</arg>
  <severity>INFO</severity>
  <timestamp>Sun May 12 18:11:10 2019</timestamp>
</msg>
<msg id="9" tool="mc">
  <type>MODULE_LOAD</type>
  <arg>C:\WINDOWS\SYSTEM32\VCRUNTIME140.dll</arg>
  <arg>0x7ffb9c120000</arg>
  <arg>0x7ffb9c135fff</arg>
  <severity>INFO</severity>
  <timestamp>Sun May 12 18:11:11 2019</timestamp>
</msg>
<msg id="10" tool="mc">
  <type>MODULE_LOAD</type>
  <arg>C:\WINDOWS\SYSTEM32\VCOMP140.DLL</arg>
  <arg>0x7ffb9e630000</arg>
  <arg>0x7ffb9e657fff</arg>
  <severity>INFO</severity>
  <timestamp>Sun May 12 18:11:11 2019</timestamp>
</msg>
<msg id="11" tool="mc">
  <type>HEARTBEAT</type>
  <arg>6568,9412,6256,3872</arg>
  <arg>0,1,1,1</arg>
  <arg>2488476,373,493,218</arg>
  <severity>INFO</severity>
  <timestamp>Sun May 12 18:11:12 2019</timestamp>
</msg>
<msg id="12" tool="mc">
  <type>HEARTBEAT</type>
  <arg>6568,9412,6256,3872</arg>
  <arg>0,1,1,1</arg>
  <arg>4399080,0,0,0</arg>
  <severity>INFO</severity>
  <timestamp>Sun May 12 18:11:13 2019</timestamp>
</msg>
<msg id="13" tool="mc">
  <type>HEARTBEAT</type>
  <arg>6568,9412,6256,3872</arg>
  <arg>0,1,1,1</arg>
  <arg>4442147,0,0,0</arg>
  <severity>INFO</severity>
  <timestamp>Sun May 12 18:11:14 2019</timestamp>
</msg>
<msg id="14" tool="mc">
  <type>HEARTBEAT</type>
  <arg>6568,9412,6256,3872</arg>
  <arg>0,1,1,1</arg>
  <arg>4354424,0,0,0</arg>
  <severity>INFO</severity>
  <timestamp>Sun May 12 18:11:15 2019</timestamp>
</msg>
<msg id="15" tool="mc">
  <type>HEARTBEAT</type>
  <arg>6568,9412,6256,3872</arg>
  <arg>0,1,1,1</arg>
  <arg>4336181,0,0,0</arg>
  <severity>INFO</severity>
  <timestamp>Sun May 12 18:11:16 2019</timestamp>
</msg>
<msg id="16" tool="mc">
  <type>HEARTBEAT</type>
  <arg>6568,9412,6256,3872</arg>
  <arg>0,1,1,1</arg>
  <arg>4169824,0,0,0</arg>
  <severity>INFO</severity>
  <timestamp>Sun May 12 18:11:17 2019</timestamp>
</msg>
<msg id="17" tool="mc">
  <type>HEARTBEAT</type>
  <arg>6568,9412,6256,3872</arg>
  <arg>0,1,1,1</arg>
  <arg>4334672,0,0,0</arg>
  <severity>INFO</severity>
  <timestamp>Sun May 12 18:11:18 2019</timestamp>
</msg>
<msg id="18" tool="mc">
  <type>HEARTBEAT</type>
  <arg>6568,9412,6256,3872</arg>
  <arg>0,1,1,1</arg>
  <arg>4295749,0,0,0</arg>
  <severity>INFO</severity>
  <timestamp>Sun May 12 18:11:19 2019</timestamp>
</msg>
<msg id="19" tool="mc">
  <type>HEARTBEAT</type>
  <arg>6568,9412,6256,3872</arg>
  <arg>0,1,1,1</arg>
  <arg>4267566,0,0,0</arg>
  <severity>INFO</severity>
  <timestamp>Sun May 12 18:11:20 2019</timestamp>
</msg>
<msg id="20" tool="mc">
  <type>HEARTBEAT</type>
  <arg>6568,9412,6256,3872</arg>
  <arg>0,1,1,1</arg>
  <arg>4123632,0,0,0</arg>
  <severity>INFO</severity>
  <timestamp>Sun May 12 18:11:21 2019</timestamp>
</msg>
<msg id="21" tool="mc">
  <type>HEARTBEAT</type>
  <arg>6568,9412,6256,3872</arg>
  <arg>0,1,1,1</arg>
  <arg>4318715,0,0,0</arg>
  <severity>INFO</severity>
  <timestamp>Sun May 12 18:11:22 2019</timestamp>
</msg>
<msg id="22" tool="mc">
  <type>HEARTBEAT</type>
  <arg>6568,9412,6256,3872</arg>
  <arg>0,1,1,1</arg>
  <arg>4297628,0,0,0</arg>
  <severity>INFO</severity>
  <timestamp>Sun May 12 18:11:23 2019</timestamp>
</msg>
<msg id="23" tool="mc">
  <type>HEARTBEAT</type>
  <arg>6568,9412,6256,3872</arg>
  <arg>0,1,1,1</arg>
  <arg>4314931,0,0,0</arg>
  <severity>INFO</severity>
  <timestamp>Sun May 12 18:11:24 2019</timestamp>
</msg>
<msg id="24" tool="mc">
  <type>HEARTBEAT</type>
  <arg>6568,9412,6256,3872</arg>
  <arg>0,1,1,1</arg>
  <arg>4313005,0,0,0</arg>
  <severity>INFO</severity>
  <timestamp>Sun May 12 18:11:25 2019</timestamp>
</msg>
<msg id="25" tool="mc">
  <type>HEARTBEAT</type>
  <arg>6568,9412,6256,3872</arg>
  <arg>0,1,1,1</arg>
  <arg>4251903,0,0,0</arg>
  <severity>INFO</severity>
  <timestamp>Sun May 12 18:11:26 2019</timestamp>
</msg>
<msg id="26" tool="mc">
  <type>HEARTBEAT</type>
  <arg>6568,9412,6256,3872</arg>
  <arg>0,1,1,1</arg>
  <arg>4272079,0,0,0</arg>
  <severity>INFO</severity>
  <timestamp>Sun May 12 18:11:27 2019</timestamp>
</msg>
<msg id="27" tool="mc">
  <type>HEARTBEAT</type>
  <arg>6568,9412,6256,3872</arg>
  <arg>0,1,1,1</arg>
  <arg>4324362,0,0,0</arg>
  <severity>INFO</severity>
  <timestamp>Sun May 12 18:11:28 2019</timestamp>
</msg>
<msg id="28" tool="mc">
  <type>HEARTBEAT</type>
  <arg>6568,9412,6256,3872</arg>
  <arg>0,1,1,1</arg>
  <arg>4285236,0,0,0</arg>
  <severity>INFO</severity>
  <timestamp>Sun May 12 18:11:29 2019</timestamp>
</msg>
<msg id="29" tool="mc">
  <type>HEARTBEAT</type>
  <arg>6568,9412,6256,3872</arg>
  <arg>0,1,1,1</arg>
  <arg>4321882,0,0,0</arg>
  <severity>INFO</severity>
  <timestamp>Sun May 12 18:11:30 2019</timestamp>
</msg>
<msg id="30" tool="mc">
  <type>HEARTBEAT</type>
  <arg>6568,9412,6256,3872</arg>
  <arg>0,1,1,1</arg>
  <arg>4178966,0,0,0</arg>
  <severity>INFO</severity>
  <timestamp>Sun May 12 18:11:31 2019</timestamp>
</msg>
<msg id="31" tool="mc">
  <type>HEARTBEAT</type>
  <arg>6568,9412,6256,3872</arg>
  <arg>0,1,1,1</arg>
  <arg>4309024,0,0,0</arg>
  <severity>INFO</severity>
  <timestamp>Sun May 12 18:11:32 2019</timestamp>
</msg>
<msg id="32" tool="mc">
  <type>HEARTBEAT</type>
  <arg>6568,9412,6256,3872</arg>
  <arg>0,1,1,1</arg>
  <arg>4365594,0,0,0</arg>
  <severity>INFO</severity>
  <timestamp>Sun May 12 18:11:33 2019</timestamp>
</msg>
<msg id="33" tool="mc">
  <type>HEARTBEAT</type>
  <arg>6568,9412,6256,3872</arg>
  <arg>0,1,1,1</arg>
  <arg>4356679,0,0,0</arg>
  <severity>INFO</severity>
  <timestamp>Sun May 12 18:11:34 2019</timestamp>
</msg>
<msg id="34" tool="mc">
  <type>HEARTBEAT</type>
  <arg>6568,9412,6256,3872</arg>
  <arg>0,1,1,1</arg>
  <arg>4332358,0,0,0</arg>
  <severity>INFO</severity>
  <timestamp>Sun May 12 18:11:35 2019</timestamp>
</msg>
<msg id="35" tool="mc">
  <type>HEARTBEAT</type>
  <arg>6568,9412,6256,3872</arg>
  <arg>0,1,1,1</arg>
  <arg>4202853,0,0,0</arg>
  <severity>INFO</severity>
  <timestamp>Sun May 12 18:11:36 2019</timestamp>
</msg>
<msg id="36" tool="mc">
  <type>HEARTBEAT</type>
  <arg>6568,9412,6256,3872</arg>
  <arg>0,1,1,1</arg>
  <arg>4183201,0,0,0</arg>
  <severity>INFO</severity>
  <timestamp>Sun May 12 18:11:37 2019</timestamp>
</msg>
<msg id="37" tool="mc">
  <type>HEARTBEAT</type>
  <arg>6568,9412,6256,3872</arg>
  <arg>0,1,1,1</arg>
  <arg>4361105,0,0,0</arg>
  <severity>INFO</severity>
  <timestamp>Sun May 12 18:11:38 2019</timestamp>
</msg>
<msg id="38" tool="mc">
  <type>HEARTBEAT</type>
  <arg>6568,9412,6256,3872</arg>
  <arg>0,1,1,1</arg>
  <arg>4273850,0,0,0</arg>
  <severity>INFO</severity>
  <timestamp>Sun May 12 18:11:39 2019</timestamp>
</msg>
<msg id="39" tool="mc">
  <type>HEARTBEAT</type>
  <arg>6568,9412,6256,3872</arg>
  <arg>0,1,1,1</arg>
  <arg>4215219,0,0,0</arg>
  <severity>INFO</severity>
  <timestamp>Sun May 12 18:11:40 2019</timestamp>
</msg>
<msg id="40" tool="mc">
  <type>HEARTBEAT</type>
  <arg>6568,9412,6256,3872</arg>
  <arg>0,1,1,1</arg>
  <arg>4262832,0,0,0</arg>
  <severity>INFO</severity>
  <timestamp>Sun May 12 18:11:41 2019</timestamp>
</msg>
<msg id="41" tool="mc">
  <type>HEARTBEAT</type>
  <arg>6568,9412,6256,3872</arg>
  <arg>0,1,1,1</arg>
  <arg>4268593,0,0,0</arg>
  <severity>INFO</severity>
  <timestamp>Sun May 12 18:11:42 2019</timestamp>
</msg>
<msg id="42" tool="mc">
  <type>HEARTBEAT</type>
  <arg>6568,9412,6256,3872</arg>
  <arg>0,1,1,1</arg>
  <arg>4264997,0,0,0</arg>
  <severity>INFO</severity>
  <timestamp>Sun May 12 18:11:43 2019</timestamp>
</msg>
<msg id="43" tool="mc">
  <type>HEARTBEAT</type>
  <arg>6568,9412,6256,3872</arg>
  <arg>0,1,1,1</arg>
  <arg>4441177,0,0,0</arg>
  <severity>INFO</severity>
  <timestamp>Sun May 12 18:11:44 2019</timestamp>
</msg>
<msg id="44" tool="mc">
  <type>HEARTBEAT</type>
  <arg>6568,9412,6256,3872</arg>
  <arg>0,1,1,1</arg>
  <arg>4492140,0,0,0</arg>
  <severity>INFO</severity>
  <timestamp>Sun May 12 18:11:45 2019</timestamp>
</msg>
<msg id="45" tool="mc">
  <type>HEARTBEAT</type>
  <arg>6568,9412,6256,3872</arg>
  <arg>0,1,1,1</arg>
  <arg>4563510,0,0,0</arg>
  <severity>INFO</severity>
  <timestamp>Sun May 12 18:11:46 2019</timestamp>
</msg>
<msg id="46" tool="mc">
  <type>HEARTBEAT</type>
  <arg>6568,9412,6256,3872</arg>
  <arg>0,1,1,1</arg>
  <arg>4377238,0,0,0</arg>
  <severity>INFO</severity>
  <timestamp>Sun May 12 18:11:47 2019</timestamp>
</msg>
<msg id="47" tool="mc">
  <type>HEARTBEAT</type>
  <arg>6568,9412,6256,3872</arg>
  <arg>0,1,1,1</arg>
  <arg>4432774,0,0,0</arg>
  <severity>INFO</severity>
  <timestamp>Sun May 12 18:11:48 2019</timestamp>
</msg>
<msg id="48" tool="mc">
  <type>HEARTBEAT</type>
  <arg>6568,9412,6256,3872</arg>
  <arg>0,1,1,1</arg>
  <arg>4387838,0,0,0</arg>
  <severity>INFO</severity>
  <timestamp>Sun May 12 18:11:49 2019</timestamp>
</msg>
<msg id="49" tool="mc">
  <type>HEARTBEAT</type>
  <arg>6568,9412,6256,3872</arg>
  <arg>0,1,1,1</arg>
  <arg>4516909,0,0,0</arg>
  <severity>INFO</severity>
  <timestamp>Sun May 12 18:11:50 2019</timestamp>
</msg>
<msg id="50" tool="mc">
  <type>HEARTBEAT</type>
  <arg>6568,9412,6256,3872</arg>
  <arg>0,1,1,1</arg>
  <arg>4431061,0,0,0</arg>
  <severity>INFO</severity>
  <timestamp>Sun May 12 18:11:51 2019</timestamp>
</msg>
<msg id="51" tool="mc">
  <type>HEARTBEAT</type>
  <arg>6568,9412,6256,3872</arg>
  <arg>0,1,1,1</arg>
  <arg>4419503,0,0,0</arg>
  <severity>INFO</severity>
  <timestamp>Sun May 12 18:11:52 2019</timestamp>
</msg>
<msg id="52" tool="mc">
  <type>HEARTBEAT</type>
  <arg>6568,9412,6256,3872</arg>
  <arg>0,1,1,1</arg>
  <arg>4374681,0,0,0</arg>
  <severity>INFO</severity>
  <timestamp>Sun May 12 18:11:53 2019</timestamp>
</msg>
<msg id="53" tool="mc">
  <type>HEARTBEAT</type>
  <arg>6568,9412,6256,3872</arg>
  <arg>0,1,1,1</arg>
  <arg>4518757,0,0,0</arg>
  <severity>INFO</severity>
  <timestamp>Sun May 12 18:11:54 2019</timestamp>
</msg>
<msg id="54" tool="mc">
  <type>HEARTBEAT</type>
  <arg>6568,9412,6256,3872</arg>
  <arg>0,1,1,1</arg>
  <arg>4478078,0,0,0</arg>
  <severity>INFO</severity>
  <timestamp>Sun May 12 18:11:55 2019</timestamp>
</msg>
<msg id="55" tool="mc">
  <type>HEARTBEAT</type>
  <arg>6568,9412,6256,3872</arg>
  <arg>0,1,1,1</arg>
  <arg>4337752,0,0,0</arg>
  <severity>INFO</severity>
  <timestamp>Sun May 12 18:11:56 2019</timestamp>
</msg>
<msg id="56" tool="mc">
  <type>HEARTBEAT</type>
  <arg>6568,9412,6256,3872</arg>
  <arg>0,1,1,1</arg>
  <arg>3915063,0,0,0</arg>
  <severity>INFO</severity>
  <timestamp>Sun May 12 18:11:57 2019</timestamp>
</msg>
<msg id="57" tool="mc">
  <type>HEARTBEAT</type>
  <arg>6568,9412,6256,3872</arg>
  <arg>0,1,1,1</arg>
  <arg>4157701,0,0,0</arg>
  <severity>INFO</severity>
  <timestamp>Sun May 12 18:11:58 2019</timestamp>
</msg>
<msg id="58" tool="mc">
  <type>HEARTBEAT</type>
  <arg>6568,9412,6256,3872</arg>
  <arg>0,1,1,1</arg>
  <arg>4218967,0,0,0</arg>
  <severity>INFO</severity>
  <timestamp>Sun May 12 18:11:59 2019</timestamp>
</msg>
<msg id="59" tool="mc">
  <type>HEARTBEAT</type>
  <arg>6568,9412,6256,3872</arg>
  <arg>0,1,1,1</arg>
  <arg>4189424,0,0,0</arg>
  <severity>INFO</severity>
  <timestamp>Sun May 12 18:12:00 2019</timestamp>
</msg>
<msg id="60" tool="mc">
  <type>HEARTBEAT</type>
  <arg>6568,9412,6256,3872</arg>
  <arg>0,1,1,1</arg>
  <arg>4174951,0,0,0</arg>
  <severity>INFO</severity>
  <timestamp>Sun May 12 18:12:01 2019</timestamp>
</msg>
<msg id="61" tool="mc">
  <type>HEARTBEAT</type>
  <arg>6568,9412,6256,3872</arg>
  <arg>0,1,1,1</arg>
  <arg>4342320,0,0,0</arg>
  <severity>INFO</severity>
  <timestamp>Sun May 12 18:12:02 2019</timestamp>
</msg>
<msg id="62" tool="mc">
  <type>HEARTBEAT</type>
  <arg>6568,9412,6256,3872</arg>
  <arg>0,1,1,1</arg>
  <arg>4109461,0,0,0</arg>
  <severity>INFO</severity>
  <timestamp>Sun May 12 18:12:03 2019</timestamp>
</msg>
<msg id="63" tool="mc">
  <type>HEARTBEAT</type>
  <arg>6568,9412,6256,3872</arg>
  <arg>0,1,1,1</arg>
  <arg>4005331,0,0,0</arg>
  <severity>INFO</severity>
  <timestamp>Sun May 12 18:12:04 2019</timestamp>
</msg>
<msg id="64" tool="mc">
  <type>HEARTBEAT</type>
  <arg>6568,9412,6256,3872</arg>
  <arg>0,1,1,1</arg>
  <arg>4093095,0,0,0</arg>
  <severity>INFO</severity>
  <timestamp>Sun May 12 18:12:05 2019</timestamp>
</msg>
<msg id="65" tool="mc">
  <type>HEARTBEAT</type>
  <arg>6568,9412,6256,3872</arg>
  <arg>0,1,1,1</arg>
  <arg>4154858,0,0,0</arg>
  <severity>INFO</severity>
  <timestamp>Sun May 12 18:12:06 2019</timestamp>
</msg>
<msg id="66" tool="mc">
  <type>HEARTBEAT</type>
  <arg>6568,9412,6256,3872</arg>
  <arg>0,1,1,1</arg>
  <arg>4223499,0,0,0</arg>
  <severity>INFO</severity>
  <timestamp>Sun May 12 18:12:07 2019</timestamp>
</msg>
<msg id="67" tool="mc">
  <type>HEARTBEAT</type>
  <arg>6568,9412,6256,3872</arg>
  <arg>0,1,1,1</arg>
  <arg>4367646,0,0,0</arg>
  <severity>INFO</severity>
  <timestamp>Sun May 12 18:12:08 2019</timestamp>
</msg>
<msg id="68" tool="mc">
  <type>HEARTBEAT</type>
  <arg>6568,9412,6256,3872</arg>
  <arg>0,1,1,1</arg>
  <arg>4171547,0,0,0</arg>
  <severity>INFO</severity>
  <timestamp>Sun May 12 18:12:09 2019</timestamp>
</msg>
<msg id="69" tool="mc">
  <type>HEARTBEAT</type>
  <arg>6568,9412,6256,3872</arg>
  <arg>0,1,1,1</arg>
  <arg>4395637,0,0,0</arg>
  <severity>INFO</severity>
  <timestamp>Sun May 12 18:12:10 2019</timestamp>
</msg>
<msg id="70" tool="mc">
  <type>HEARTBEAT</type>
  <arg>6568,9412</arg>
  <arg>0,1</arg>
  <arg>4416720,0</arg>
  <severity>INFO</severity>
  <timestamp>Sun May 12 18:12:11 2019</timestamp>
</msg>
<msg id="71" tool="mc">
  <type>HEARTBEAT</type>
  <arg>6568,9412</arg>
  <arg>0,1</arg>
  <arg>3711147,0</arg>
  <severity>INFO</severity>
  <timestamp>Sun May 12 18:12:12 2019</timestamp>
</msg>
<msg id="72" tool="mc">
  <type>HEARTBEAT</type>
  <arg>6568,9412</arg>
  <arg>0,1</arg>
  <arg>3918657,0</arg>
  <severity>INFO</severity>
  <timestamp>Sun May 12 18:12:13 2019</timestamp>
</msg>
<msg id="73" tool="mc">
  <type>HEARTBEAT</type>
  <arg>6568,9412</arg>
  <arg>0,1</arg>
  <arg>4440297,0</arg>
  <severity>INFO</severity>
  <timestamp>Sun May 12 18:12:14 2019</timestamp>
</msg>
<msg id="74" tool="mc">
  <type>HEARTBEAT</type>
  <arg>6568,9412</arg>
  <arg>0,1</arg>
  <arg>4266768,0</arg>
  <severity>INFO</severity>
  <timestamp>Sun May 12 18:12:15 2019</timestamp>
</msg>
<msg id="75" tool="mc">
  <type>HEARTBEAT</type>
  <arg>6568,9412</arg>
  <arg>0,1</arg>
  <arg>4280834,0</arg>
  <severity>INFO</severity>
  <timestamp>Sun May 12 18:12:16 2019</timestamp>
</msg>
<msg id="76" tool="mc">
  <type>HEARTBEAT</type>
  <arg>6568,9412</arg>
  <arg>0,1</arg>
  <arg>3763604,0</arg>
  <severity>INFO</severity>
  <timestamp>Sun May 12 18:12:17 2019</timestamp>
</msg>
<msg id="77" tool="mc">
  <type>HEARTBEAT</type>
  <arg>6568,9412</arg>
  <arg>0,1</arg>
  <arg>3818580,0</arg>
  <severity>INFO</severity>
  <timestamp>Sun May 12 18:12:18 2019</timestamp>
</msg>
<msg id="78" tool="mc">
  <type>HEARTBEAT</type>
  <arg>6568,9412</arg>
  <arg>0,1</arg>
  <arg>3665162,0</arg>
  <severity>INFO</severity>
  <timestamp>Sun May 12 18:12:19 2019</timestamp>
</msg>
<msg id="79" tool="mc">
  <type>HEARTBEAT</type>
  <arg>6568,9412</arg>
  <arg>0,1</arg>
  <arg>3394183,0</arg>
  <severity>INFO</severity>
  <timestamp>Sun May 12 18:12:20 2019</timestamp>
</msg>
<msg id="80" tool="mc">
  <type>HEARTBEAT</type>
  <arg>6568,9412</arg>
  <arg>0,1</arg>
  <arg>3646896,0</arg>
  <severity>INFO</severity>
  <timestamp>Sun May 12 18:12:21 2019</timestamp>
</msg>
<msg id="81" tool="mc">
  <type>HEARTBEAT</type>
  <arg>6568,9412</arg>
  <arg>0,1</arg>
  <arg>3809278,0</arg>
  <severity>INFO</severity>
  <timestamp>Sun May 12 18:12:22 2019</timestamp>
</msg>
<msg id="82" tool="mc">
  <type>HEARTBEAT</type>
  <arg>6568,9412</arg>
  <arg>0,1</arg>
  <arg>3981379,0</arg>
  <severity>INFO</severity>
  <timestamp>Sun May 12 18:12:23 2019</timestamp>
</msg>
<msg id="83" tool="mc">
  <type>HEARTBEAT</type>
  <arg>6568,9412</arg>
  <arg>0,1</arg>
  <arg>4066488,0</arg>
  <severity>INFO</severity>
  <timestamp>Sun May 12 18:12:24 2019</timestamp>
</msg>
<msg id="84" tool="mc">
  <type>HEARTBEAT</type>
  <arg>6568,9412</arg>
  <arg>0,1</arg>
  <arg>3990416,0</arg>
  <severity>INFO</severity>
  <timestamp>Sun May 12 18:12:25 2019</timestamp>
</msg>
<msg id="85" tool="mc">
  <type>HEARTBEAT</type>
  <arg>6568,9412</arg>
  <arg>0,1</arg>
  <arg>4239437,0</arg>
  <severity>INFO</severity>
  <timestamp>Sun May 12 18:12:26 2019</timestamp>
</msg>
<msg id="86" tool="mc">
  <type>HEARTBEAT</type>
  <arg>6568,9412</arg>
  <arg>0,1</arg>
  <arg>4142596,0</arg>
  <severity>INFO</severity>
  <timestamp>Sun May 12 18:12:27 2019</timestamp>
</msg>
<msg id="87" tool="mc">
  <type>HEARTBEAT</type>
  <arg>6568,9412</arg>
  <arg>0,1</arg>
  <arg>4150832,0</arg>
  <severity>INFO</severity>
  <timestamp>Sun May 12 18:12:28 2019</timestamp>
</msg>
<msg id="88" tool="mc">
  <type>HEARTBEAT</type>
  <arg>6568,9412</arg>
  <arg>0,1</arg>
  <arg>4181626,0</arg>
  <severity>INFO</severity>
  <timestamp>Sun May 12 18:12:29 2019</timestamp>
</msg>
<msg id="89" tool="mc">
  <type>HEARTBEAT</type>
  <arg>6568,9412</arg>
  <arg>0,1</arg>
  <arg>4188735,0</arg>
  <severity>INFO</severity>
  <timestamp>Sun May 12 18:12:30 2019</timestamp>
</msg>
<msg id="90" tool="mc">
  <type>HEARTBEAT</type>
  <arg>6568,9412</arg>
  <arg>0,1</arg>
  <arg>4003351,0</arg>
  <severity>INFO</severity>
  <timestamp>Sun May 12 18:12:31 2019</timestamp>
</msg>
<msg id="91" tool="mc">
  <type>HEARTBEAT</type>
  <arg>6568,9412</arg>
  <arg>0,1</arg>
  <arg>3881958,0</arg>
  <severity>INFO</severity>
  <timestamp>Sun May 12 18:12:32 2019</timestamp>
</msg>
<msg id="92" tool="mc">
  <type>HEARTBEAT</type>
  <arg>6568,9412</arg>
  <arg>0,1</arg>
  <arg>4013816,0</arg>
  <severity>INFO</severity>
  <timestamp>Sun May 12 18:12:33 2019</timestamp>
</msg>
<msg id="93" tool="mc">
  <type>HEARTBEAT</type>
  <arg>6568,9412</arg>
  <arg>0,1</arg>
  <arg>3982268,0</arg>
  <severity>INFO</severity>
  <timestamp>Sun May 12 18:12:34 2019</timestamp>
</msg>
<msg id="94" tool="mc">
  <type>HEARTBEAT</type>
  <arg>6568,9412</arg>
  <arg>0,1</arg>
  <arg>3979569,0</arg>
  <severity>INFO</severity>
  <timestamp>Sun May 12 18:12:35 2019</timestamp>
</msg>
<msg id="95" tool="mc">
  <type>HEARTBEAT</type>
  <arg>6568,9412</arg>
  <arg>0,1</arg>
  <arg>3951799,0</arg>
  <severity>INFO</severity>
  <timestamp>Sun May 12 18:12:36 2019</timestamp>
</msg>
<msg id="96" tool="mc">
  <type>HEARTBEAT</type>
  <arg>6568,9412</arg>
  <arg>0,1</arg>
  <arg>4086869,0</arg>
  <severity>INFO</severity>
  <timestamp>Sun May 12 18:12:37 2019</timestamp>
</msg>
<msg id="97" tool="mc">
  <type>HEARTBEAT</type>
  <arg>6568,9412</arg>
  <arg>0,1</arg>
  <arg>4042039,0</arg>
  <severity>INFO</severity>
  <timestamp>Sun May 12 18:12:38 2019</timestamp>
</msg>
<msg id="98" tool="mc">
  <type>HEARTBEAT</type>
  <arg>6568,9412</arg>
  <arg>0,1</arg>
  <arg>4112291,0</arg>
  <severity>INFO</severity>
  <timestamp>Sun May 12 18:12:39 2019</timestamp>
</msg>
<msg id="99" tool="mc">
  <type>HEARTBEAT</type>
  <arg>6568,9412</arg>
  <arg>0,1</arg>
  <arg>4165444,0</arg>
  <severity>INFO</severity>
  <timestamp>Sun May 12 18:12:40 2019</timestamp>
</msg>
<msg id="100" tool="mc">
  <type>HEARTBEAT</type>
  <arg>6568,9412</arg>
  <arg>0,1</arg>
  <arg>4156574,0</arg>
  <severity>INFO</severity>
  <timestamp>Sun May 12 18:12:41 2019</timestamp>
</msg>
<msg id="101" tool="mc">
  <type>HEARTBEAT</type>
  <arg>6568,9412</arg>
  <arg>0,1</arg>
  <arg>4357576,0</arg>
  <severity>INFO</severity>
  <timestamp>Sun May 12 18:12:42 2019</timestamp>
</msg>
<msg id="102" tool="mc">
  <type>HEARTBEAT</type>
  <arg>6568,9412</arg>
  <arg>0,1</arg>
  <arg>4289802,0</arg>
  <severity>INFO</severity>
  <timestamp>Sun May 12 18:12:43 2019</timestamp>
</msg>
<msg id="103" tool="mc">
  <type>HEARTBEAT</type>
  <arg>6568,9412</arg>
  <arg>0,1</arg>
  <arg>4268502,0</arg>
  <severity>INFO</severity>
  <timestamp>Sun May 12 18:12:44 2019</timestamp>
</msg>
<msg id="104" tool="mc">
  <type>HEARTBEAT</type>
  <arg>6568,9412</arg>
  <arg>0,1</arg>
  <arg>4492040,0</arg>
  <severity>INFO</severity>
  <timestamp>Sun May 12 18:12:45 2019</timestamp>
</msg>
<msg id="105" tool="mc">
  <type>HEARTBEAT</type>
  <arg>6568,9412</arg>
  <arg>0,1</arg>
  <arg>4294738,0</arg>
  <severity>INFO</severity>
  <timestamp>Sun May 12 18:12:46 2019</timestamp>
</msg>
<msg id="106" tool="mc">
  <type>HEARTBEAT</type>
  <arg>6568,9412</arg>
  <arg>0,1</arg>
  <arg>4145497,0</arg>
  <severity>INFO</severity>
  <timestamp>Sun May 12 18:12:47 2019</timestamp>
</msg>
<msg id="107" tool="mc">
  <type>HEARTBEAT</type>
  <arg>6568,9412</arg>
  <arg>0,1</arg>
  <arg>4283384,0</arg>
  <severity>INFO</severity>
  <timestamp>Sun May 12 18:12:48 2019</timestamp>
</msg>
<msg id="108" tool="mc">
  <type>HEARTBEAT</type>
  <arg>6568,9412</arg>
  <arg>0,1</arg>
  <arg>4294713,0</arg>
  <severity>INFO</severity>
  <timestamp>Sun May 12 18:12:49 2019</timestamp>
</msg>
<msg id="109" tool="mc">
  <type>PROCESS_COMPLETE</type>
  <arg>C:\Users\parham\documents\visual studio 2017\Projects\histogram\x64\Release\histogram.exe</arg>
  <arg>0</arg>
  <severity>INFO</severity>
  <timestamp>Sun May 12 18:12:49 2019</timestamp>
</msg>
<msg id="110" tool="mc">
  <type>MODULE_UNLOAD</type>
  <arg>C:\Users\parham\documents\visual studio 2017\Projects\histogram\x64\Release\histogram.exe</arg>
  <severity>INFO</severity>
  <timestamp>Sun May 12 18:12:50 2019</timestamp>
</msg>
<msg id="111" tool="mc">
  <type>MODULE_UNLOAD</type>
  <arg>C:\WINDOWS\System32\KERNELBASE.dll</arg>
  <severity>INFO</severity>
  <timestamp>Sun May 12 18:12:50 2019</timestamp>
</msg>
<msg id="112" tool="mc">
  <type>MODULE_UNLOAD</type>
  <arg>C:\WINDOWS\System32\KERNEL32.DLL</arg>
  <severity>INFO</severity>
  <timestamp>Sun May 12 18:12:50 2019</timestamp>
</msg>
<msg id="113" tool="mc">
  <type>MODULE_UNLOAD</type>
  <arg>C:\WINDOWS\SYSTEM32\ntdll.dll</arg>
  <severity>INFO</severity>
  <timestamp>Sun May 12 18:12:50 2019</timestamp>
</msg>
<msg id="114" tool="mc">
  <type>MODULE_UNLOAD</type>
  <arg>C:\WINDOWS\SYSTEM32\VCRUNTIME140.dll</arg>
  <severity>INFO</severity>
  <timestamp>Sun May 12 18:12:50 2019</timestamp>
</msg>
<msg id="115" tool="mc">
  <type>MODULE_UNLOAD</type>
  <arg>C:\WINDOWS\SYSTEM32\VCOMP140.DLL</arg>
  <severity>INFO</severity>
  <timestamp>Sun May 12 18:12:50 2019</timestamp>
</msg>
<msg id="116" tool="mc">
  <type>ANALYSIS_COMPLETE</type>
  <arg>C:\Users\parham\documents\visual studio 2017\Projects\histogram\x64\Release\histogram.exe</arg>
  <severity>INFO</severity>
  <timestamp>Sun May 12 18:12:50 2019</timestamp>
</msg>
