<?xml version="1.0" encoding="utf-8" ?>
<!-- DO NOT EDIT THIS FILE -->

<log version='2.0' source='mc'>
	<!-- Successfully loaded CCRT at address 0x65e90000 - 0x65eff000 -->
	<!-- Successfully loaded MC at address 0x63fc0000 - 0x64c68000 -->
	<!-- Analysis started for C:\Users\parham\documents\visual studio 2017\Projects\histogram\x64\Release\histogram.exe, pid = 3272 -->
	<msg id='1' source='mc'>
		<type>EXEC_OF_INTEREST</type>
		<severity>INFO</severity>
		<timestamp>Sun May 12 18:11:09 2019</timestamp>
		<arg name='path'>C:\Users\parham\documents\visual studio 2017\Projects\histogram\x64\Release\histogram.exe</arg>
		<arg name='pid'>3272</arg>
	</msg>
	<!-- Command line: E:\Program Files (x86)\IntelSWTools\Inspector 2019\bin32\pin -xyzzy -mesgoff console -xyzzy -bridge_save_x87 0 -bridge_save_mxcsr 0 -follow_execv -error_file C:\Users\parham\documents\visual studio 2017\Projects\histogram\histogram\My Inspector Results - histogram\r000mi3\data.0\pin_error.log -logfile C:\Users\parham\documents\visual studio 2017\Projects\histogram\histogram\My Inspector Results - histogram\r000mi3\data.0\pin.log -xyzzy -region_max_inss 500 -p64 E:\Program Files (x86)\IntelSWTools\Inspector 2019\bin64\pin -t64 E:\Program Files (x86)\IntelSWTools\Inspector 2019\bin64\memchkr.dll -t E:\Program Files (x86)\IntelSWTools\Inspector 2019\bin32\memchkr.dll -no-analyze-stack -check-invalid-access -leak-check-on-exit -leak-check-on-demand -enable-memory-growth -leak-check-report-reachable -check-resource-leaks -freelist-vol 1000000 -leak-maximum 100000 -guard-zone-size 32 -stack-depth 16 -heartbeat 1 -mrte-mode auto -working-dir C:\Users\parham\documents\visual studio 2017\Projects\histogram\histogram\My Inspector Results - histogram\r000mi3\data.0 -log mc_histogram.log -result histogram - C:\Users\parham\documents\visual studio 2017\Projects\histogram\x64\Release\histogram.exe  -->
	<!-- mc's options are the following:  -->
	<!-- -help                              false -->
	<!-- -verbose                           false -->
	<!-- -xyzzy                             false -->
	<!-- -version                           false -->
	<!-- -help-all                          false -->
	<!-- -xyzzy-all                         false -->
	<!-- -report-all-instances              false -->
	<!-- -check-for-padded-structures       true -->
	<!-- -check-for-bitfields               true -->
	<!-- -analyze-stack                     false -->
	<!-- -access-checks                     false -->
	<!-- -check-uninit-read                 false -->
	<!-- -check-invalid-access              true -->
	<!-- -advanced-uninit-read              false -->
	<!-- -track-origins                     true -->
	<!-- -duplicate-uninits                 false -->
	<!-- -bss-initialized                   true -->
	<!-- -align-alloc-size                  false -->
	<!-- -report-uninit-read                false -->
	<!-- -ignore-system-libraries           false -->
	<!-- -gen-suppressions                  false -->
	<!-- -leak-check-on-exit                true -->
	<!-- -leak-check-on-demand              true -->
	<!-- -leak-check-uses-baseline          true -->
	<!-- -enable-memory-growth              true -->
	<!-- -leak-check-report-reachable       true -->
	<!-- -leak-check-full                   true -->
	<!-- -check-resource-leaks              true -->
	<!-- -trace-children                    false -->
	<!-- -enable-poke                       false -->
	<!-- -jit-mode-anyway                   false -->
	<!-- -disable-probe-mode-mismatches-64  true -->
	<!-- -aggressive-callstack-caching      false -->
	<!-- -suppress-breakpoints              false -->
	<!-- -monitor-memory                    false -->
	<!-- -freelist-vol                      1000000 -->
	<!-- -leak-maximum                      100000 -->
	<!-- -guard-zone-size                   32 -->
	<!-- -stack-depth                       16 -->
	<!-- -heartbeat                         1 -->
	<!-- -breakpoint-file                   (null) -->
	<!-- -config-file                       (null) -->
	<!-- -log                               mc_histogram.log -->
	<!-- -ignore-commands                   (null),  -->
	<!-- -ignore-modules                    (null),  -->
	<!-- -ignore-symbols                    (null),  -->
	<!-- -module-of-interest                (null),  -->
	<!-- -executable-of-interest            (null),  -->
	<!-- -working-dir                       C:\Users\parham\documents\visual studio 2017\Projects\histogram\histogram\My Inspector Results - histogram\r000mi3\data.0 -->
	<!-- -result                            histogram -->
	<!-- -exclude-module                    (null),  -->
	<!-- -include-module                    (null),  -->
	<!-- -only-exec-commands                (null),  -->
	<!-- -suppressions                      (null),  -->
	<!-- -debug                             none -->
	<!-- -shared-mem-name                   (null) -->
	<!-- -poke-function                     (null),  -->
	<!-- -analysis-mode                     (null) -->
	<!-- -disable-gatekeeping               false -->
	<!-- -ignore-os-allocators              false -->
	<!-- -mrte-mode                         auto -->
	<!-- probe mode: no -->
	<!-- invalid access: yes -->
	<!-- uninit read: no -->
	<!-- track origin: no -->
	<!-- Module loaded C:\Users\parham\documents\visual studio 2017\Projects\histogram\x64\Release\histogram.exe, address range [0x00007ff70fcd0000-0x00007ff70fcd7fff] -->
	<msg id='2' source='mc'>
		<type>MODULE_LOAD</type>
		<severity>INFO</severity>
		<timestamp>Sun May 12 18:11:09 2019</timestamp>
		<arg name='path'>C:\Users\parham\documents\visual studio 2017\Projects\histogram\x64\Release\histogram.exe</arg>
		<arg name='addr1'>0x7ff70fcd0000</arg>
		<arg name='addr2'>0x7ff70fcd7fff</arg>
	</msg>
	<!-- Module loaded C:\WINDOWS\System32\KERNELBASE.dll, address range [0x00007ffbaa540000-0x00007ffbaa7b2fff] -->
	<msg id='3' source='mc'>
		<type>MODULE_LOAD</type>
		<severity>INFO</severity>
		<timestamp>Sun May 12 18:11:09 2019</timestamp>
		<arg name='path'>C:\WINDOWS\System32\KERNELBASE.dll</arg>
		<arg name='addr1'>0x7ffbaa540000</arg>
		<arg name='addr2'>0x7ffbaa7b2fff</arg>
	</msg>
	<!-- Module loaded C:\WINDOWS\System32\KERNEL32.DLL, address range [0x00007ffbac1f0000-0x00007ffbac2a0fff] -->
	<msg id='4' source='mc'>
		<type>MODULE_LOAD</type>
		<severity>INFO</severity>
		<timestamp>Sun May 12 18:11:10 2019</timestamp>
		<arg name='path'>C:\WINDOWS\System32\KERNEL32.DLL</arg>
		<arg name='addr1'>0x7ffbac1f0000</arg>
		<arg name='addr2'>0x7ffbac2a0fff</arg>
	</msg>
	<!-- Module loaded C:\WINDOWS\SYSTEM32\ntdll.dll, address range [0x00007ffbae170000-0x00007ffbae350fff] -->
	<msg id='5' source='mc'>
		<type>MODULE_LOAD</type>
		<severity>INFO</severity>
		<timestamp>Sun May 12 18:11:10 2019</timestamp>
		<arg name='path'>C:\WINDOWS\SYSTEM32\ntdll.dll</arg>
		<arg name='addr1'>0x7ffbae170000</arg>
		<arg name='addr2'>0x7ffbae350fff</arg>
	</msg>
	<!-- DIAG: 1 -->
	<!-- DIAG: 2 -->
	<!-- DIAG: 3 -->
	<!-- DIAG: 4 -->
	<!-- Module loaded C:\WINDOWS\SYSTEM32\VCRUNTIME140.dll, address range [0x00007ffb9c120000-0x00007ffb9c135fff] -->
	<msg id='6' source='mc'>
		<type>MODULE_LOAD</type>
		<severity>INFO</severity>
		<timestamp>Sun May 12 18:11:11 2019</timestamp>
		<arg name='path'>C:\WINDOWS\SYSTEM32\VCRUNTIME140.dll</arg>
		<arg name='addr1'>0x7ffb9c120000</arg>
		<arg name='addr2'>0x7ffb9c135fff</arg>
	</msg>
	<!-- Module loaded C:\WINDOWS\SYSTEM32\VCOMP140.DLL, address range [0x00007ffb9e630000-0x00007ffb9e657fff] -->
	<msg id='7' source='mc'>
		<type>MODULE_LOAD</type>
		<severity>INFO</severity>
		<timestamp>Sun May 12 18:11:11 2019</timestamp>
		<arg name='path'>C:\WINDOWS\SYSTEM32\VCOMP140.DLL</arg>
		<arg name='addr1'>0x7ffb9e630000</arg>
		<arg name='addr2'>0x7ffb9e657fff</arg>
	</msg>
	<!-- Heartbeat, tids = 6568,9412,6256,3872, syscallStatus = 0,1,1,1, calls = 2488476,373,493,218 -->
	<msg id='8' display='false' source='mc'>
		<type>HEARTBEAT</type>
		<severity>INFO</severity>
		<timestamp>Sun May 12 18:11:12 2019</timestamp>
		<arg name='tids'>6568,9412,6256,3872</arg>
		<arg name='syscalls'>0,1,1,1</arg>
		<arg name='calls'>2488476,373,493,218</arg>
	</msg>
	<!-- Heartbeat, tids = 6568,9412,6256,3872, syscallStatus = 0,1,1,1, calls = 4399080,0,0,0 -->
	<msg id='9' display='false' source='mc'>
		<type>HEARTBEAT</type>
		<severity>INFO</severity>
		<timestamp>Sun May 12 18:11:13 2019</timestamp>
		<arg name='tids'>6568,9412,6256,3872</arg>
		<arg name='syscalls'>0,1,1,1</arg>
		<arg name='calls'>4399080,0,0,0</arg>
	</msg>
	<!-- Heartbeat, tids = 6568,9412,6256,3872, syscallStatus = 0,1,1,1, calls = 4442147,0,0,0 -->
	<msg id='10' display='false' source='mc'>
		<type>HEARTBEAT</type>
		<severity>INFO</severity>
		<timestamp>Sun May 12 18:11:14 2019</timestamp>
		<arg name='tids'>6568,9412,6256,3872</arg>
		<arg name='syscalls'>0,1,1,1</arg>
		<arg name='calls'>4442147,0,0,0</arg>
	</msg>
	<!-- Heartbeat, tids = 6568,9412,6256,3872, syscallStatus = 0,1,1,1, calls = 4354424,0,0,0 -->
	<msg id='11' display='false' source='mc'>
		<type>HEARTBEAT</type>
		<severity>INFO</severity>
		<timestamp>Sun May 12 18:11:15 2019</timestamp>
		<arg name='tids'>6568,9412,6256,3872</arg>
		<arg name='syscalls'>0,1,1,1</arg>
		<arg name='calls'>4354424,0,0,0</arg>
	</msg>
	<!-- Heartbeat, tids = 6568,9412,6256,3872, syscallStatus = 0,1,1,1, calls = 4336181,0,0,0 -->
	<msg id='12' display='false' source='mc'>
		<type>HEARTBEAT</type>
		<severity>INFO</severity>
		<timestamp>Sun May 12 18:11:16 2019</timestamp>
		<arg name='tids'>6568,9412,6256,3872</arg>
		<arg name='syscalls'>0,1,1,1</arg>
		<arg name='calls'>4336181,0,0,0</arg>
	</msg>
	<!-- Heartbeat, tids = 6568,9412,6256,3872, syscallStatus = 0,1,1,1, calls = 4169824,0,0,0 -->
	<msg id='13' display='false' source='mc'>
		<type>HEARTBEAT</type>
		<severity>INFO</severity>
		<timestamp>Sun May 12 18:11:17 2019</timestamp>
		<arg name='tids'>6568,9412,6256,3872</arg>
		<arg name='syscalls'>0,1,1,1</arg>
		<arg name='calls'>4169824,0,0,0</arg>
	</msg>
	<!-- Heartbeat, tids = 6568,9412,6256,3872, syscallStatus = 0,1,1,1, calls = 4334672,0,0,0 -->
	<msg id='14' display='false' source='mc'>
		<type>HEARTBEAT</type>
		<severity>INFO</severity>
		<timestamp>Sun May 12 18:11:18 2019</timestamp>
		<arg name='tids'>6568,9412,6256,3872</arg>
		<arg name='syscalls'>0,1,1,1</arg>
		<arg name='calls'>4334672,0,0,0</arg>
	</msg>
	<!-- Heartbeat, tids = 6568,9412,6256,3872, syscallStatus = 0,1,1,1, calls = 4295749,0,0,0 -->
	<msg id='15' display='false' source='mc'>
		<type>HEARTBEAT</type>
		<severity>INFO</severity>
		<timestamp>Sun May 12 18:11:19 2019</timestamp>
		<arg name='tids'>6568,9412,6256,3872</arg>
		<arg name='syscalls'>0,1,1,1</arg>
		<arg name='calls'>4295749,0,0,0</arg>
	</msg>
	<!-- Heartbeat, tids = 6568,9412,6256,3872, syscallStatus = 0,1,1,1, calls = 4267566,0,0,0 -->
	<msg id='16' display='false' source='mc'>
		<type>HEARTBEAT</type>
		<severity>INFO</severity>
		<timestamp>Sun May 12 18:11:20 2019</timestamp>
		<arg name='tids'>6568,9412,6256,3872</arg>
		<arg name='syscalls'>0,1,1,1</arg>
		<arg name='calls'>4267566,0,0,0</arg>
	</msg>
	<!-- Heartbeat, tids = 6568,9412,6256,3872, syscallStatus = 0,1,1,1, calls = 4123632,0,0,0 -->
	<msg id='17' display='false' source='mc'>
		<type>HEARTBEAT</type>
		<severity>INFO</severity>
		<timestamp>Sun May 12 18:11:21 2019</timestamp>
		<arg name='tids'>6568,9412,6256,3872</arg>
		<arg name='syscalls'>0,1,1,1</arg>
		<arg name='calls'>4123632,0,0,0</arg>
	</msg>
	<!-- Heartbeat, tids = 6568,9412,6256,3872, syscallStatus = 0,1,1,1, calls = 4318715,0,0,0 -->
	<msg id='18' display='false' source='mc'>
		<type>HEARTBEAT</type>
		<severity>INFO</severity>
		<timestamp>Sun May 12 18:11:22 2019</timestamp>
		<arg name='tids'>6568,9412,6256,3872</arg>
		<arg name='syscalls'>0,1,1,1</arg>
		<arg name='calls'>4318715,0,0,0</arg>
	</msg>
	<!-- Heartbeat, tids = 6568,9412,6256,3872, syscallStatus = 0,1,1,1, calls = 4297628,0,0,0 -->
	<msg id='19' display='false' source='mc'>
		<type>HEARTBEAT</type>
		<severity>INFO</severity>
		<timestamp>Sun May 12 18:11:23 2019</timestamp>
		<arg name='tids'>6568,9412,6256,3872</arg>
		<arg name='syscalls'>0,1,1,1</arg>
		<arg name='calls'>4297628,0,0,0</arg>
	</msg>
	<!-- Heartbeat, tids = 6568,9412,6256,3872, syscallStatus = 0,1,1,1, calls = 4314931,0,0,0 -->
	<msg id='20' display='false' source='mc'>
		<type>HEARTBEAT</type>
		<severity>INFO</severity>
		<timestamp>Sun May 12 18:11:24 2019</timestamp>
		<arg name='tids'>6568,9412,6256,3872</arg>
		<arg name='syscalls'>0,1,1,1</arg>
		<arg name='calls'>4314931,0,0,0</arg>
	</msg>
	<!-- Heartbeat, tids = 6568,9412,6256,3872, syscallStatus = 0,1,1,1, calls = 4313005,0,0,0 -->
	<msg id='21' display='false' source='mc'>
		<type>HEARTBEAT</type>
		<severity>INFO</severity>
		<timestamp>Sun May 12 18:11:25 2019</timestamp>
		<arg name='tids'>6568,9412,6256,3872</arg>
		<arg name='syscalls'>0,1,1,1</arg>
		<arg name='calls'>4313005,0,0,0</arg>
	</msg>
	<!-- Heartbeat, tids = 6568,9412,6256,3872, syscallStatus = 0,1,1,1, calls = 4251903,0,0,0 -->
	<msg id='22' display='false' source='mc'>
		<type>HEARTBEAT</type>
		<severity>INFO</severity>
		<timestamp>Sun May 12 18:11:26 2019</timestamp>
		<arg name='tids'>6568,9412,6256,3872</arg>
		<arg name='syscalls'>0,1,1,1</arg>
		<arg name='calls'>4251903,0,0,0</arg>
	</msg>
	<!-- Heartbeat, tids = 6568,9412,6256,3872, syscallStatus = 0,1,1,1, calls = 4272079,0,0,0 -->
	<msg id='23' display='false' source='mc'>
		<type>HEARTBEAT</type>
		<severity>INFO</severity>
		<timestamp>Sun May 12 18:11:27 2019</timestamp>
		<arg name='tids'>6568,9412,6256,3872</arg>
		<arg name='syscalls'>0,1,1,1</arg>
		<arg name='calls'>4272079,0,0,0</arg>
	</msg>
	<!-- Heartbeat, tids = 6568,9412,6256,3872, syscallStatus = 0,1,1,1, calls = 4324362,0,0,0 -->
	<msg id='24' display='false' source='mc'>
		<type>HEARTBEAT</type>
		<severity>INFO</severity>
		<timestamp>Sun May 12 18:11:28 2019</timestamp>
		<arg name='tids'>6568,9412,6256,3872</arg>
		<arg name='syscalls'>0,1,1,1</arg>
		<arg name='calls'>4324362,0,0,0</arg>
	</msg>
	<!-- Heartbeat, tids = 6568,9412,6256,3872, syscallStatus = 0,1,1,1, calls = 4285236,0,0,0 -->
	<msg id='25' display='false' source='mc'>
		<type>HEARTBEAT</type>
		<severity>INFO</severity>
		<timestamp>Sun May 12 18:11:29 2019</timestamp>
		<arg name='tids'>6568,9412,6256,3872</arg>
		<arg name='syscalls'>0,1,1,1</arg>
		<arg name='calls'>4285236,0,0,0</arg>
	</msg>
	<!-- Heartbeat, tids = 6568,9412,6256,3872, syscallStatus = 0,1,1,1, calls = 4321882,0,0,0 -->
	<msg id='26' display='false' source='mc'>
		<type>HEARTBEAT</type>
		<severity>INFO</severity>
		<timestamp>Sun May 12 18:11:30 2019</timestamp>
		<arg name='tids'>6568,9412,6256,3872</arg>
		<arg name='syscalls'>0,1,1,1</arg>
		<arg name='calls'>4321882,0,0,0</arg>
	</msg>
	<!-- Heartbeat, tids = 6568,9412,6256,3872, syscallStatus = 0,1,1,1, calls = 4178966,0,0,0 -->
	<msg id='27' display='false' source='mc'>
		<type>HEARTBEAT</type>
		<severity>INFO</severity>
		<timestamp>Sun May 12 18:11:31 2019</timestamp>
		<arg name='tids'>6568,9412,6256,3872</arg>
		<arg name='syscalls'>0,1,1,1</arg>
		<arg name='calls'>4178966,0,0,0</arg>
	</msg>
	<!-- Heartbeat, tids = 6568,9412,6256,3872, syscallStatus = 0,1,1,1, calls = 4309024,0,0,0 -->
	<msg id='28' display='false' source='mc'>
		<type>HEARTBEAT</type>
		<severity>INFO</severity>
		<timestamp>Sun May 12 18:11:32 2019</timestamp>
		<arg name='tids'>6568,9412,6256,3872</arg>
		<arg name='syscalls'>0,1,1,1</arg>
		<arg name='calls'>4309024,0,0,0</arg>
	</msg>
	<!-- Heartbeat, tids = 6568,9412,6256,3872, syscallStatus = 0,1,1,1, calls = 4365594,0,0,0 -->
	<msg id='29' display='false' source='mc'>
		<type>HEARTBEAT</type>
		<severity>INFO</severity>
		<timestamp>Sun May 12 18:11:33 2019</timestamp>
		<arg name='tids'>6568,9412,6256,3872</arg>
		<arg name='syscalls'>0,1,1,1</arg>
		<arg name='calls'>4365594,0,0,0</arg>
	</msg>
	<!-- Heartbeat, tids = 6568,9412,6256,3872, syscallStatus = 0,1,1,1, calls = 4356679,0,0,0 -->
	<msg id='30' display='false' source='mc'>
		<type>HEARTBEAT</type>
		<severity>INFO</severity>
		<timestamp>Sun May 12 18:11:34 2019</timestamp>
		<arg name='tids'>6568,9412,6256,3872</arg>
		<arg name='syscalls'>0,1,1,1</arg>
		<arg name='calls'>4356679,0,0,0</arg>
	</msg>
	<!-- Heartbeat, tids = 6568,9412,6256,3872, syscallStatus = 0,1,1,1, calls = 4332358,0,0,0 -->
	<msg id='31' display='false' source='mc'>
		<type>HEARTBEAT</type>
		<severity>INFO</severity>
		<timestamp>Sun May 12 18:11:35 2019</timestamp>
		<arg name='tids'>6568,9412,6256,3872</arg>
		<arg name='syscalls'>0,1,1,1</arg>
		<arg name='calls'>4332358,0,0,0</arg>
	</msg>
	<!-- Heartbeat, tids = 6568,9412,6256,3872, syscallStatus = 0,1,1,1, calls = 4202853,0,0,0 -->
	<msg id='32' display='false' source='mc'>
		<type>HEARTBEAT</type>
		<severity>INFO</severity>
		<timestamp>Sun May 12 18:11:36 2019</timestamp>
		<arg name='tids'>6568,9412,6256,3872</arg>
		<arg name='syscalls'>0,1,1,1</arg>
		<arg name='calls'>4202853,0,0,0</arg>
	</msg>
	<!-- Heartbeat, tids = 6568,9412,6256,3872, syscallStatus = 0,1,1,1, calls = 4183201,0,0,0 -->
	<msg id='33' display='false' source='mc'>
		<type>HEARTBEAT</type>
		<severity>INFO</severity>
		<timestamp>Sun May 12 18:11:37 2019</timestamp>
		<arg name='tids'>6568,9412,6256,3872</arg>
		<arg name='syscalls'>0,1,1,1</arg>
		<arg name='calls'>4183201,0,0,0</arg>
	</msg>
	<!-- Heartbeat, tids = 6568,9412,6256,3872, syscallStatus = 0,1,1,1, calls = 4361105,0,0,0 -->
	<msg id='34' display='false' source='mc'>
		<type>HEARTBEAT</type>
		<severity>INFO</severity>
		<timestamp>Sun May 12 18:11:38 2019</timestamp>
		<arg name='tids'>6568,9412,6256,3872</arg>
		<arg name='syscalls'>0,1,1,1</arg>
		<arg name='calls'>4361105,0,0,0</arg>
	</msg>
	<!-- Heartbeat, tids = 6568,9412,6256,3872, syscallStatus = 0,1,1,1, calls = 4273850,0,0,0 -->
	<msg id='35' display='false' source='mc'>
		<type>HEARTBEAT</type>
		<severity>INFO</severity>
		<timestamp>Sun May 12 18:11:39 2019</timestamp>
		<arg name='tids'>6568,9412,6256,3872</arg>
		<arg name='syscalls'>0,1,1,1</arg>
		<arg name='calls'>4273850,0,0,0</arg>
	</msg>
	<!-- Heartbeat, tids = 6568,9412,6256,3872, syscallStatus = 0,1,1,1, calls = 4215219,0,0,0 -->
	<msg id='36' display='false' source='mc'>
		<type>HEARTBEAT</type>
		<severity>INFO</severity>
		<timestamp>Sun May 12 18:11:40 2019</timestamp>
		<arg name='tids'>6568,9412,6256,3872</arg>
		<arg name='syscalls'>0,1,1,1</arg>
		<arg name='calls'>4215219,0,0,0</arg>
	</msg>
	<!-- Heartbeat, tids = 6568,9412,6256,3872, syscallStatus = 0,1,1,1, calls = 4262832,0,0,0 -->
	<msg id='37' display='false' source='mc'>
		<type>HEARTBEAT</type>
		<severity>INFO</severity>
		<timestamp>Sun May 12 18:11:41 2019</timestamp>
		<arg name='tids'>6568,9412,6256,3872</arg>
		<arg name='syscalls'>0,1,1,1</arg>
		<arg name='calls'>4262832,0,0,0</arg>
	</msg>
	<!-- Heartbeat, tids = 6568,9412,6256,3872, syscallStatus = 0,1,1,1, calls = 4268593,0,0,0 -->
	<msg id='38' display='false' source='mc'>
		<type>HEARTBEAT</type>
		<severity>INFO</severity>
		<timestamp>Sun May 12 18:11:42 2019</timestamp>
		<arg name='tids'>6568,9412,6256,3872</arg>
		<arg name='syscalls'>0,1,1,1</arg>
		<arg name='calls'>4268593,0,0,0</arg>
	</msg>
	<!-- Heartbeat, tids = 6568,9412,6256,3872, syscallStatus = 0,1,1,1, calls = 4264997,0,0,0 -->
	<msg id='39' display='false' source='mc'>
		<type>HEARTBEAT</type>
		<severity>INFO</severity>
		<timestamp>Sun May 12 18:11:43 2019</timestamp>
		<arg name='tids'>6568,9412,6256,3872</arg>
		<arg name='syscalls'>0,1,1,1</arg>
		<arg name='calls'>4264997,0,0,0</arg>
	</msg>
	<!-- Heartbeat, tids = 6568,9412,6256,3872, syscallStatus = 0,1,1,1, calls = 4441177,0,0,0 -->
	<msg id='40' display='false' source='mc'>
		<type>HEARTBEAT</type>
		<severity>INFO</severity>
		<timestamp>Sun May 12 18:11:44 2019</timestamp>
		<arg name='tids'>6568,9412,6256,3872</arg>
		<arg name='syscalls'>0,1,1,1</arg>
		<arg name='calls'>4441177,0,0,0</arg>
	</msg>
	<!-- Heartbeat, tids = 6568,9412,6256,3872, syscallStatus = 0,1,1,1, calls = 4492140,0,0,0 -->
	<msg id='41' display='false' source='mc'>
		<type>HEARTBEAT</type>
		<severity>INFO</severity>
		<timestamp>Sun May 12 18:11:45 2019</timestamp>
		<arg name='tids'>6568,9412,6256,3872</arg>
		<arg name='syscalls'>0,1,1,1</arg>
		<arg name='calls'>4492140,0,0,0</arg>
	</msg>
	<!-- Heartbeat, tids = 6568,9412,6256,3872, syscallStatus = 0,1,1,1, calls = 4563510,0,0,0 -->
	<msg id='42' display='false' source='mc'>
		<type>HEARTBEAT</type>
		<severity>INFO</severity>
		<timestamp>Sun May 12 18:11:46 2019</timestamp>
		<arg name='tids'>6568,9412,6256,3872</arg>
		<arg name='syscalls'>0,1,1,1</arg>
		<arg name='calls'>4563510,0,0,0</arg>
	</msg>
	<!-- Heartbeat, tids = 6568,9412,6256,3872, syscallStatus = 0,1,1,1, calls = 4377238,0,0,0 -->
	<msg id='43' display='false' source='mc'>
		<type>HEARTBEAT</type>
		<severity>INFO</severity>
		<timestamp>Sun May 12 18:11:47 2019</timestamp>
		<arg name='tids'>6568,9412,6256,3872</arg>
		<arg name='syscalls'>0,1,1,1</arg>
		<arg name='calls'>4377238,0,0,0</arg>
	</msg>
	<!-- Heartbeat, tids = 6568,9412,6256,3872, syscallStatus = 0,1,1,1, calls = 4432774,0,0,0 -->
	<msg id='44' display='false' source='mc'>
		<type>HEARTBEAT</type>
		<severity>INFO</severity>
		<timestamp>Sun May 12 18:11:48 2019</timestamp>
		<arg name='tids'>6568,9412,6256,3872</arg>
		<arg name='syscalls'>0,1,1,1</arg>
		<arg name='calls'>4432774,0,0,0</arg>
	</msg>
	<!-- Heartbeat, tids = 6568,9412,6256,3872, syscallStatus = 0,1,1,1, calls = 4387838,0,0,0 -->
	<msg id='45' display='false' source='mc'>
		<type>HEARTBEAT</type>
		<severity>INFO</severity>
		<timestamp>Sun May 12 18:11:49 2019</timestamp>
		<arg name='tids'>6568,9412,6256,3872</arg>
		<arg name='syscalls'>0,1,1,1</arg>
		<arg name='calls'>4387838,0,0,0</arg>
	</msg>
	<!-- Heartbeat, tids = 6568,9412,6256,3872, syscallStatus = 0,1,1,1, calls = 4516909,0,0,0 -->
	<msg id='46' display='false' source='mc'>
		<type>HEARTBEAT</type>
		<severity>INFO</severity>
		<timestamp>Sun May 12 18:11:50 2019</timestamp>
		<arg name='tids'>6568,9412,6256,3872</arg>
		<arg name='syscalls'>0,1,1,1</arg>
		<arg name='calls'>4516909,0,0,0</arg>
	</msg>
	<!-- Heartbeat, tids = 6568,9412,6256,3872, syscallStatus = 0,1,1,1, calls = 4431061,0,0,0 -->
	<msg id='47' display='false' source='mc'>
		<type>HEARTBEAT</type>
		<severity>INFO</severity>
		<timestamp>Sun May 12 18:11:51 2019</timestamp>
		<arg name='tids'>6568,9412,6256,3872</arg>
		<arg name='syscalls'>0,1,1,1</arg>
		<arg name='calls'>4431061,0,0,0</arg>
	</msg>
	<!-- Heartbeat, tids = 6568,9412,6256,3872, syscallStatus = 0,1,1,1, calls = 4419503,0,0,0 -->
	<msg id='48' display='false' source='mc'>
		<type>HEARTBEAT</type>
		<severity>INFO</severity>
		<timestamp>Sun May 12 18:11:52 2019</timestamp>
		<arg name='tids'>6568,9412,6256,3872</arg>
		<arg name='syscalls'>0,1,1,1</arg>
		<arg name='calls'>4419503,0,0,0</arg>
	</msg>
	<!-- Heartbeat, tids = 6568,9412,6256,3872, syscallStatus = 0,1,1,1, calls = 4374681,0,0,0 -->
	<msg id='49' display='false' source='mc'>
		<type>HEARTBEAT</type>
		<severity>INFO</severity>
		<timestamp>Sun May 12 18:11:53 2019</timestamp>
		<arg name='tids'>6568,9412,6256,3872</arg>
		<arg name='syscalls'>0,1,1,1</arg>
		<arg name='calls'>4374681,0,0,0</arg>
	</msg>
	<!-- Heartbeat, tids = 6568,9412,6256,3872, syscallStatus = 0,1,1,1, calls = 4518757,0,0,0 -->
	<msg id='50' display='false' source='mc'>
		<type>HEARTBEAT</type>
		<severity>INFO</severity>
		<timestamp>Sun May 12 18:11:54 2019</timestamp>
		<arg name='tids'>6568,9412,6256,3872</arg>
		<arg name='syscalls'>0,1,1,1</arg>
		<arg name='calls'>4518757,0,0,0</arg>
	</msg>
	<!-- Heartbeat, tids = 6568,9412,6256,3872, syscallStatus = 0,1,1,1, calls = 4478078,0,0,0 -->
	<msg id='51' display='false' source='mc'>
		<type>HEARTBEAT</type>
		<severity>INFO</severity>
		<timestamp>Sun May 12 18:11:55 2019</timestamp>
		<arg name='tids'>6568,9412,6256,3872</arg>
		<arg name='syscalls'>0,1,1,1</arg>
		<arg name='calls'>4478078,0,0,0</arg>
	</msg>
	<!-- Heartbeat, tids = 6568,9412,6256,3872, syscallStatus = 0,1,1,1, calls = 4337752,0,0,0 -->
	<msg id='52' display='false' source='mc'>
		<type>HEARTBEAT</type>
		<severity>INFO</severity>
		<timestamp>Sun May 12 18:11:56 2019</timestamp>
		<arg name='tids'>6568,9412,6256,3872</arg>
		<arg name='syscalls'>0,1,1,1</arg>
		<arg name='calls'>4337752,0,0,0</arg>
	</msg>
	<!-- Heartbeat, tids = 6568,9412,6256,3872, syscallStatus = 0,1,1,1, calls = 3915063,0,0,0 -->
	<msg id='53' display='false' source='mc'>
		<type>HEARTBEAT</type>
		<severity>INFO</severity>
		<timestamp>Sun May 12 18:11:57 2019</timestamp>
		<arg name='tids'>6568,9412,6256,3872</arg>
		<arg name='syscalls'>0,1,1,1</arg>
		<arg name='calls'>3915063,0,0,0</arg>
	</msg>
	<!-- Heartbeat, tids = 6568,9412,6256,3872, syscallStatus = 0,1,1,1, calls = 4157701,0,0,0 -->
	<msg id='54' display='false' source='mc'>
		<type>HEARTBEAT</type>
		<severity>INFO</severity>
		<timestamp>Sun May 12 18:11:58 2019</timestamp>
		<arg name='tids'>6568,9412,6256,3872</arg>
		<arg name='syscalls'>0,1,1,1</arg>
		<arg name='calls'>4157701,0,0,0</arg>
	</msg>
	<!-- Heartbeat, tids = 6568,9412,6256,3872, syscallStatus = 0,1,1,1, calls = 4218967,0,0,0 -->
	<msg id='55' display='false' source='mc'>
		<type>HEARTBEAT</type>
		<severity>INFO</severity>
		<timestamp>Sun May 12 18:11:59 2019</timestamp>
		<arg name='tids'>6568,9412,6256,3872</arg>
		<arg name='syscalls'>0,1,1,1</arg>
		<arg name='calls'>4218967,0,0,0</arg>
	</msg>
	<!-- Heartbeat, tids = 6568,9412,6256,3872, syscallStatus = 0,1,1,1, calls = 4189424,0,0,0 -->
	<msg id='56' display='false' source='mc'>
		<type>HEARTBEAT</type>
		<severity>INFO</severity>
		<timestamp>Sun May 12 18:12:00 2019</timestamp>
		<arg name='tids'>6568,9412,6256,3872</arg>
		<arg name='syscalls'>0,1,1,1</arg>
		<arg name='calls'>4189424,0,0,0</arg>
	</msg>
	<!-- Heartbeat, tids = 6568,9412,6256,3872, syscallStatus = 0,1,1,1, calls = 4174951,0,0,0 -->
	<msg id='57' display='false' source='mc'>
		<type>HEARTBEAT</type>
		<severity>INFO</severity>
		<timestamp>Sun May 12 18:12:01 2019</timestamp>
		<arg name='tids'>6568,9412,6256,3872</arg>
		<arg name='syscalls'>0,1,1,1</arg>
		<arg name='calls'>4174951,0,0,0</arg>
	</msg>
	<!-- Heartbeat, tids = 6568,9412,6256,3872, syscallStatus = 0,1,1,1, calls = 4342320,0,0,0 -->
	<msg id='58' display='false' source='mc'>
		<type>HEARTBEAT</type>
		<severity>INFO</severity>
		<timestamp>Sun May 12 18:12:02 2019</timestamp>
		<arg name='tids'>6568,9412,6256,3872</arg>
		<arg name='syscalls'>0,1,1,1</arg>
		<arg name='calls'>4342320,0,0,0</arg>
	</msg>
	<!-- Heartbeat, tids = 6568,9412,6256,3872, syscallStatus = 0,1,1,1, calls = 4109461,0,0,0 -->
	<msg id='59' display='false' source='mc'>
		<type>HEARTBEAT</type>
		<severity>INFO</severity>
		<timestamp>Sun May 12 18:12:03 2019</timestamp>
		<arg name='tids'>6568,9412,6256,3872</arg>
		<arg name='syscalls'>0,1,1,1</arg>
		<arg name='calls'>4109461,0,0,0</arg>
	</msg>
	<!-- Heartbeat, tids = 6568,9412,6256,3872, syscallStatus = 0,1,1,1, calls = 4005331,0,0,0 -->
	<msg id='60' display='false' source='mc'>
		<type>HEARTBEAT</type>
		<severity>INFO</severity>
		<timestamp>Sun May 12 18:12:04 2019</timestamp>
		<arg name='tids'>6568,9412,6256,3872</arg>
		<arg name='syscalls'>0,1,1,1</arg>
		<arg name='calls'>4005331,0,0,0</arg>
	</msg>
	<!-- Heartbeat, tids = 6568,9412,6256,3872, syscallStatus = 0,1,1,1, calls = 4093095,0,0,0 -->
	<msg id='61' display='false' source='mc'>
		<type>HEARTBEAT</type>
		<severity>INFO</severity>
		<timestamp>Sun May 12 18:12:05 2019</timestamp>
		<arg name='tids'>6568,9412,6256,3872</arg>
		<arg name='syscalls'>0,1,1,1</arg>
		<arg name='calls'>4093095,0,0,0</arg>
	</msg>
	<!-- Heartbeat, tids = 6568,9412,6256,3872, syscallStatus = 0,1,1,1, calls = 4154858,0,0,0 -->
	<msg id='62' display='false' source='mc'>
		<type>HEARTBEAT</type>
		<severity>INFO</severity>
		<timestamp>Sun May 12 18:12:06 2019</timestamp>
		<arg name='tids'>6568,9412,6256,3872</arg>
		<arg name='syscalls'>0,1,1,1</arg>
		<arg name='calls'>4154858,0,0,0</arg>
	</msg>
	<!-- Heartbeat, tids = 6568,9412,6256,3872, syscallStatus = 0,1,1,1, calls = 4223499,0,0,0 -->
	<msg id='63' display='false' source='mc'>
		<type>HEARTBEAT</type>
		<severity>INFO</severity>
		<timestamp>Sun May 12 18:12:07 2019</timestamp>
		<arg name='tids'>6568,9412,6256,3872</arg>
		<arg name='syscalls'>0,1,1,1</arg>
		<arg name='calls'>4223499,0,0,0</arg>
	</msg>
	<!-- Heartbeat, tids = 6568,9412,6256,3872, syscallStatus = 0,1,1,1, calls = 4367646,0,0,0 -->
	<msg id='64' display='false' source='mc'>
		<type>HEARTBEAT</type>
		<severity>INFO</severity>
		<timestamp>Sun May 12 18:12:08 2019</timestamp>
		<arg name='tids'>6568,9412,6256,3872</arg>
		<arg name='syscalls'>0,1,1,1</arg>
		<arg name='calls'>4367646,0,0,0</arg>
	</msg>
	<!-- Heartbeat, tids = 6568,9412,6256,3872, syscallStatus = 0,1,1,1, calls = 4171547,0,0,0 -->
	<msg id='65' display='false' source='mc'>
		<type>HEARTBEAT</type>
		<severity>INFO</severity>
		<timestamp>Sun May 12 18:12:09 2019</timestamp>
		<arg name='tids'>6568,9412,6256,3872</arg>
		<arg name='syscalls'>0,1,1,1</arg>
		<arg name='calls'>4171547,0,0,0</arg>
	</msg>
	<!-- Heartbeat, tids = 6568,9412,6256,3872, syscallStatus = 0,1,1,1, calls = 4395637,0,0,0 -->
	<msg id='66' display='false' source='mc'>
		<type>HEARTBEAT</type>
		<severity>INFO</severity>
		<timestamp>Sun May 12 18:12:10 2019</timestamp>
		<arg name='tids'>6568,9412,6256,3872</arg>
		<arg name='syscalls'>0,1,1,1</arg>
		<arg name='calls'>4395637,0,0,0</arg>
	</msg>
	<!-- DIAG: 5 -->
	<!-- DIAG: 6 -->
	<!-- Heartbeat, tids = 6568,9412, syscallStatus = 0,1, calls = 4416720,0 -->
	<msg id='67' display='false' source='mc'>
		<type>HEARTBEAT</type>
		<severity>INFO</severity>
		<timestamp>Sun May 12 18:12:11 2019</timestamp>
		<arg name='tids'>6568,9412</arg>
		<arg name='syscalls'>0,1</arg>
		<arg name='calls'>4416720,0</arg>
	</msg>
	<!-- Heartbeat, tids = 6568,9412, syscallStatus = 0,1, calls = 3711147,0 -->
	<msg id='68' display='false' source='mc'>
		<type>HEARTBEAT</type>
		<severity>INFO</severity>
		<timestamp>Sun May 12 18:12:12 2019</timestamp>
		<arg name='tids'>6568,9412</arg>
		<arg name='syscalls'>0,1</arg>
		<arg name='calls'>3711147,0</arg>
	</msg>
	<!-- Heartbeat, tids = 6568,9412, syscallStatus = 0,1, calls = 3918657,0 -->
	<msg id='69' display='false' source='mc'>
		<type>HEARTBEAT</type>
		<severity>INFO</severity>
		<timestamp>Sun May 12 18:12:13 2019</timestamp>
		<arg name='tids'>6568,9412</arg>
		<arg name='syscalls'>0,1</arg>
		<arg name='calls'>3918657,0</arg>
	</msg>
	<!-- Heartbeat, tids = 6568,9412, syscallStatus = 0,1, calls = 4440297,0 -->
	<msg id='70' display='false' source='mc'>
		<type>HEARTBEAT</type>
		<severity>INFO</severity>
		<timestamp>Sun May 12 18:12:14 2019</timestamp>
		<arg name='tids'>6568,9412</arg>
		<arg name='syscalls'>0,1</arg>
		<arg name='calls'>4440297,0</arg>
	</msg>
	<!-- Heartbeat, tids = 6568,9412, syscallStatus = 0,1, calls = 4266768,0 -->
	<msg id='71' display='false' source='mc'>
		<type>HEARTBEAT</type>
		<severity>INFO</severity>
		<timestamp>Sun May 12 18:12:15 2019</timestamp>
		<arg name='tids'>6568,9412</arg>
		<arg name='syscalls'>0,1</arg>
		<arg name='calls'>4266768,0</arg>
	</msg>
	<!-- Heartbeat, tids = 6568,9412, syscallStatus = 0,1, calls = 4280834,0 -->
	<msg id='72' display='false' source='mc'>
		<type>HEARTBEAT</type>
		<severity>INFO</severity>
		<timestamp>Sun May 12 18:12:16 2019</timestamp>
		<arg name='tids'>6568,9412</arg>
		<arg name='syscalls'>0,1</arg>
		<arg name='calls'>4280834,0</arg>
	</msg>
	<!-- Heartbeat, tids = 6568,9412, syscallStatus = 0,1, calls = 3763604,0 -->
	<msg id='73' display='false' source='mc'>
		<type>HEARTBEAT</type>
		<severity>INFO</severity>
		<timestamp>Sun May 12 18:12:17 2019</timestamp>
		<arg name='tids'>6568,9412</arg>
		<arg name='syscalls'>0,1</arg>
		<arg name='calls'>3763604,0</arg>
	</msg>
	<!-- Heartbeat, tids = 6568,9412, syscallStatus = 0,1, calls = 3818580,0 -->
	<msg id='74' display='false' source='mc'>
		<type>HEARTBEAT</type>
		<severity>INFO</severity>
		<timestamp>Sun May 12 18:12:18 2019</timestamp>
		<arg name='tids'>6568,9412</arg>
		<arg name='syscalls'>0,1</arg>
		<arg name='calls'>3818580,0</arg>
	</msg>
	<!-- Heartbeat, tids = 6568,9412, syscallStatus = 0,1, calls = 3665162,0 -->
	<msg id='75' display='false' source='mc'>
		<type>HEARTBEAT</type>
		<severity>INFO</severity>
		<timestamp>Sun May 12 18:12:19 2019</timestamp>
		<arg name='tids'>6568,9412</arg>
		<arg name='syscalls'>0,1</arg>
		<arg name='calls'>3665162,0</arg>
	</msg>
	<!-- Heartbeat, tids = 6568,9412, syscallStatus = 0,1, calls = 3394183,0 -->
	<msg id='76' display='false' source='mc'>
		<type>HEARTBEAT</type>
		<severity>INFO</severity>
		<timestamp>Sun May 12 18:12:20 2019</timestamp>
		<arg name='tids'>6568,9412</arg>
		<arg name='syscalls'>0,1</arg>
		<arg name='calls'>3394183,0</arg>
	</msg>
	<!-- Heartbeat, tids = 6568,9412, syscallStatus = 0,1, calls = 3646896,0 -->
	<msg id='77' display='false' source='mc'>
		<type>HEARTBEAT</type>
		<severity>INFO</severity>
		<timestamp>Sun May 12 18:12:21 2019</timestamp>
		<arg name='tids'>6568,9412</arg>
		<arg name='syscalls'>0,1</arg>
		<arg name='calls'>3646896,0</arg>
	</msg>
	<!-- Heartbeat, tids = 6568,9412, syscallStatus = 0,1, calls = 3809278,0 -->
	<msg id='78' display='false' source='mc'>
		<type>HEARTBEAT</type>
		<severity>INFO</severity>
		<timestamp>Sun May 12 18:12:22 2019</timestamp>
		<arg name='tids'>6568,9412</arg>
		<arg name='syscalls'>0,1</arg>
		<arg name='calls'>3809278,0</arg>
	</msg>
	<!-- Heartbeat, tids = 6568,9412, syscallStatus = 0,1, calls = 3981379,0 -->
	<msg id='79' display='false' source='mc'>
		<type>HEARTBEAT</type>
		<severity>INFO</severity>
		<timestamp>Sun May 12 18:12:23 2019</timestamp>
		<arg name='tids'>6568,9412</arg>
		<arg name='syscalls'>0,1</arg>
		<arg name='calls'>3981379,0</arg>
	</msg>
	<!-- Heartbeat, tids = 6568,9412, syscallStatus = 0,1, calls = 4066488,0 -->
	<msg id='80' display='false' source='mc'>
		<type>HEARTBEAT</type>
		<severity>INFO</severity>
		<timestamp>Sun May 12 18:12:24 2019</timestamp>
		<arg name='tids'>6568,9412</arg>
		<arg name='syscalls'>0,1</arg>
		<arg name='calls'>4066488,0</arg>
	</msg>
	<!-- Heartbeat, tids = 6568,9412, syscallStatus = 0,1, calls = 3990416,0 -->
	<msg id='81' display='false' source='mc'>
		<type>HEARTBEAT</type>
		<severity>INFO</severity>
		<timestamp>Sun May 12 18:12:25 2019</timestamp>
		<arg name='tids'>6568,9412</arg>
		<arg name='syscalls'>0,1</arg>
		<arg name='calls'>3990416,0</arg>
	</msg>
	<!-- Heartbeat, tids = 6568,9412, syscallStatus = 0,1, calls = 4239437,0 -->
	<msg id='82' display='false' source='mc'>
		<type>HEARTBEAT</type>
		<severity>INFO</severity>
		<timestamp>Sun May 12 18:12:26 2019</timestamp>
		<arg name='tids'>6568,9412</arg>
		<arg name='syscalls'>0,1</arg>
		<arg name='calls'>4239437,0</arg>
	</msg>
	<!-- Heartbeat, tids = 6568,9412, syscallStatus = 0,1, calls = 4142596,0 -->
	<msg id='83' display='false' source='mc'>
		<type>HEARTBEAT</type>
		<severity>INFO</severity>
		<timestamp>Sun May 12 18:12:27 2019</timestamp>
		<arg name='tids'>6568,9412</arg>
		<arg name='syscalls'>0,1</arg>
		<arg name='calls'>4142596,0</arg>
	</msg>
	<!-- Heartbeat, tids = 6568,9412, syscallStatus = 0,1, calls = 4150832,0 -->
	<msg id='84' display='false' source='mc'>
		<type>HEARTBEAT</type>
		<severity>INFO</severity>
		<timestamp>Sun May 12 18:12:28 2019</timestamp>
		<arg name='tids'>6568,9412</arg>
		<arg name='syscalls'>0,1</arg>
		<arg name='calls'>4150832,0</arg>
	</msg>
	<!-- Heartbeat, tids = 6568,9412, syscallStatus = 0,1, calls = 4181626,0 -->
	<msg id='85' display='false' source='mc'>
		<type>HEARTBEAT</type>
		<severity>INFO</severity>
		<timestamp>Sun May 12 18:12:29 2019</timestamp>
		<arg name='tids'>6568,9412</arg>
		<arg name='syscalls'>0,1</arg>
		<arg name='calls'>4181626,0</arg>
	</msg>
	<!-- Heartbeat, tids = 6568,9412, syscallStatus = 0,1, calls = 4188735,0 -->
	<msg id='86' display='false' source='mc'>
		<type>HEARTBEAT</type>
		<severity>INFO</severity>
		<timestamp>Sun May 12 18:12:30 2019</timestamp>
		<arg name='tids'>6568,9412</arg>
		<arg name='syscalls'>0,1</arg>
		<arg name='calls'>4188735,0</arg>
	</msg>
	<!-- Heartbeat, tids = 6568,9412, syscallStatus = 0,1, calls = 4003351,0 -->
	<msg id='87' display='false' source='mc'>
		<type>HEARTBEAT</type>
		<severity>INFO</severity>
		<timestamp>Sun May 12 18:12:31 2019</timestamp>
		<arg name='tids'>6568,9412</arg>
		<arg name='syscalls'>0,1</arg>
		<arg name='calls'>4003351,0</arg>
	</msg>
	<!-- Heartbeat, tids = 6568,9412, syscallStatus = 0,1, calls = 3881958,0 -->
	<msg id='88' display='false' source='mc'>
		<type>HEARTBEAT</type>
		<severity>INFO</severity>
		<timestamp>Sun May 12 18:12:32 2019</timestamp>
		<arg name='tids'>6568,9412</arg>
		<arg name='syscalls'>0,1</arg>
		<arg name='calls'>3881958,0</arg>
	</msg>
	<!-- Heartbeat, tids = 6568,9412, syscallStatus = 0,1, calls = 4013816,0 -->
	<msg id='89' display='false' source='mc'>
		<type>HEARTBEAT</type>
		<severity>INFO</severity>
		<timestamp>Sun May 12 18:12:33 2019</timestamp>
		<arg name='tids'>6568,9412</arg>
		<arg name='syscalls'>0,1</arg>
		<arg name='calls'>4013816,0</arg>
	</msg>
	<!-- Heartbeat, tids = 6568,9412, syscallStatus = 0,1, calls = 3982268,0 -->
	<msg id='90' display='false' source='mc'>
		<type>HEARTBEAT</type>
		<severity>INFO</severity>
		<timestamp>Sun May 12 18:12:34 2019</timestamp>
		<arg name='tids'>6568,9412</arg>
		<arg name='syscalls'>0,1</arg>
		<arg name='calls'>3982268,0</arg>
	</msg>
	<!-- Heartbeat, tids = 6568,9412, syscallStatus = 0,1, calls = 3979569,0 -->
	<msg id='91' display='false' source='mc'>
		<type>HEARTBEAT</type>
		<severity>INFO</severity>
		<timestamp>Sun May 12 18:12:35 2019</timestamp>
		<arg name='tids'>6568,9412</arg>
		<arg name='syscalls'>0,1</arg>
		<arg name='calls'>3979569,0</arg>
	</msg>
	<!-- Heartbeat, tids = 6568,9412, syscallStatus = 0,1, calls = 3951799,0 -->
	<msg id='92' display='false' source='mc'>
		<type>HEARTBEAT</type>
		<severity>INFO</severity>
		<timestamp>Sun May 12 18:12:36 2019</timestamp>
		<arg name='tids'>6568,9412</arg>
		<arg name='syscalls'>0,1</arg>
		<arg name='calls'>3951799,0</arg>
	</msg>
	<!-- Heartbeat, tids = 6568,9412, syscallStatus = 0,1, calls = 4086869,0 -->
	<msg id='93' display='false' source='mc'>
		<type>HEARTBEAT</type>
		<severity>INFO</severity>
		<timestamp>Sun May 12 18:12:37 2019</timestamp>
		<arg name='tids'>6568,9412</arg>
		<arg name='syscalls'>0,1</arg>
		<arg name='calls'>4086869,0</arg>
	</msg>
	<!-- Heartbeat, tids = 6568,9412, syscallStatus = 0,1, calls = 4042039,0 -->
	<msg id='94' display='false' source='mc'>
		<type>HEARTBEAT</type>
		<severity>INFO</severity>
		<timestamp>Sun May 12 18:12:38 2019</timestamp>
		<arg name='tids'>6568,9412</arg>
		<arg name='syscalls'>0,1</arg>
		<arg name='calls'>4042039,0</arg>
	</msg>
	<!-- Heartbeat, tids = 6568,9412, syscallStatus = 0,1, calls = 4112291,0 -->
	<msg id='95' display='false' source='mc'>
		<type>HEARTBEAT</type>
		<severity>INFO</severity>
		<timestamp>Sun May 12 18:12:39 2019</timestamp>
		<arg name='tids'>6568,9412</arg>
		<arg name='syscalls'>0,1</arg>
		<arg name='calls'>4112291,0</arg>
	</msg>
	<!-- Heartbeat, tids = 6568,9412, syscallStatus = 0,1, calls = 4165444,0 -->
	<msg id='96' display='false' source='mc'>
		<type>HEARTBEAT</type>
		<severity>INFO</severity>
		<timestamp>Sun May 12 18:12:40 2019</timestamp>
		<arg name='tids'>6568,9412</arg>
		<arg name='syscalls'>0,1</arg>
		<arg name='calls'>4165444,0</arg>
	</msg>
	<!-- Heartbeat, tids = 6568,9412, syscallStatus = 0,1, calls = 4156574,0 -->
	<msg id='97' display='false' source='mc'>
		<type>HEARTBEAT</type>
		<severity>INFO</severity>
		<timestamp>Sun May 12 18:12:41 2019</timestamp>
		<arg name='tids'>6568,9412</arg>
		<arg name='syscalls'>0,1</arg>
		<arg name='calls'>4156574,0</arg>
	</msg>
	<!-- Heartbeat, tids = 6568,9412, syscallStatus = 0,1, calls = 4357576,0 -->
	<msg id='98' display='false' source='mc'>
		<type>HEARTBEAT</type>
		<severity>INFO</severity>
		<timestamp>Sun May 12 18:12:42 2019</timestamp>
		<arg name='tids'>6568,9412</arg>
		<arg name='syscalls'>0,1</arg>
		<arg name='calls'>4357576,0</arg>
	</msg>
	<!-- Heartbeat, tids = 6568,9412, syscallStatus = 0,1, calls = 4289802,0 -->
	<msg id='99' display='false' source='mc'>
		<type>HEARTBEAT</type>
		<severity>INFO</severity>
		<timestamp>Sun May 12 18:12:43 2019</timestamp>
		<arg name='tids'>6568,9412</arg>
		<arg name='syscalls'>0,1</arg>
		<arg name='calls'>4289802,0</arg>
	</msg>
	<!-- Heartbeat, tids = 6568,9412, syscallStatus = 0,1, calls = 4268502,0 -->
	<msg id='100' display='false' source='mc'>
		<type>HEARTBEAT</type>
		<severity>INFO</severity>
		<timestamp>Sun May 12 18:12:44 2019</timestamp>
		<arg name='tids'>6568,9412</arg>
		<arg name='syscalls'>0,1</arg>
		<arg name='calls'>4268502,0</arg>
	</msg>
	<!-- Heartbeat, tids = 6568,9412, syscallStatus = 0,1, calls = 4492040,0 -->
	<msg id='101' display='false' source='mc'>
		<type>HEARTBEAT</type>
		<severity>INFO</severity>
		<timestamp>Sun May 12 18:12:45 2019</timestamp>
		<arg name='tids'>6568,9412</arg>
		<arg name='syscalls'>0,1</arg>
		<arg name='calls'>4492040,0</arg>
	</msg>
	<!-- Heartbeat, tids = 6568,9412, syscallStatus = 0,1, calls = 4294738,0 -->
	<msg id='102' display='false' source='mc'>
		<type>HEARTBEAT</type>
		<severity>INFO</severity>
		<timestamp>Sun May 12 18:12:46 2019</timestamp>
		<arg name='tids'>6568,9412</arg>
		<arg name='syscalls'>0,1</arg>
		<arg name='calls'>4294738,0</arg>
	</msg>
	<!-- Heartbeat, tids = 6568,9412, syscallStatus = 0,1, calls = 4145497,0 -->
	<msg id='103' display='false' source='mc'>
		<type>HEARTBEAT</type>
		<severity>INFO</severity>
		<timestamp>Sun May 12 18:12:47 2019</timestamp>
		<arg name='tids'>6568,9412</arg>
		<arg name='syscalls'>0,1</arg>
		<arg name='calls'>4145497,0</arg>
	</msg>
	<!-- Heartbeat, tids = 6568,9412, syscallStatus = 0,1, calls = 4283384,0 -->
	<msg id='104' display='false' source='mc'>
		<type>HEARTBEAT</type>
		<severity>INFO</severity>
		<timestamp>Sun May 12 18:12:48 2019</timestamp>
		<arg name='tids'>6568,9412</arg>
		<arg name='syscalls'>0,1</arg>
		<arg name='calls'>4283384,0</arg>
	</msg>
	<!-- Heartbeat, tids = 6568,9412, syscallStatus = 0,1, calls = 4294713,0 -->
	<msg id='105' display='false' source='mc'>
		<type>HEARTBEAT</type>
		<severity>INFO</severity>
		<timestamp>Sun May 12 18:12:49 2019</timestamp>
		<arg name='tids'>6568,9412</arg>
		<arg name='syscalls'>0,1</arg>
		<arg name='calls'>4294713,0</arg>
	</msg>
	<!-- DIAG: 7 -->
	<!-- DIAG: 8 -->
	<!-- DIAG: 9 -->
	<!-- Process C:\Users\parham\documents\visual studio 2017\Projects\histogram\x64\Release\histogram.exe exited with code 0. Leak analysis starting - this may take a while. -->
	<msg id='106' source='mc'>
		<type>PROCESS_COMPLETE</type>
		<severity>INFO</severity>
		<timestamp>Sun May 12 18:12:49 2019</timestamp>
		<arg name='path'>C:\Users\parham\documents\visual studio 2017\Projects\histogram\x64\Release\histogram.exe</arg>
		<arg name='code'>0</arg>
	</msg>
	<!-- DIAG: 10 -->
	<!-- Module unloaded C:\Users\parham\documents\visual studio 2017\Projects\histogram\x64\Release\histogram.exe -->
	<msg id='107' source='mc'>
		<type>MODULE_UNLOAD</type>
		<severity>INFO</severity>
		<timestamp>Sun May 12 18:12:50 2019</timestamp>
		<arg name='path'>C:\Users\parham\documents\visual studio 2017\Projects\histogram\x64\Release\histogram.exe</arg>
	</msg>
	<!-- Module unloaded C:\WINDOWS\System32\KERNELBASE.dll -->
	<msg id='108' source='mc'>
		<type>MODULE_UNLOAD</type>
		<severity>INFO</severity>
		<timestamp>Sun May 12 18:12:50 2019</timestamp>
		<arg name='path'>C:\WINDOWS\System32\KERNELBASE.dll</arg>
	</msg>
	<!-- Module unloaded C:\WINDOWS\System32\KERNEL32.DLL -->
	<msg id='109' source='mc'>
		<type>MODULE_UNLOAD</type>
		<severity>INFO</severity>
		<timestamp>Sun May 12 18:12:50 2019</timestamp>
		<arg name='path'>C:\WINDOWS\System32\KERNEL32.DLL</arg>
	</msg>
	<!-- Module unloaded C:\WINDOWS\SYSTEM32\ntdll.dll -->
	<msg id='110' source='mc'>
		<type>MODULE_UNLOAD</type>
		<severity>INFO</severity>
		<timestamp>Sun May 12 18:12:50 2019</timestamp>
		<arg name='path'>C:\WINDOWS\SYSTEM32\ntdll.dll</arg>
	</msg>
	<!-- Module unloaded C:\WINDOWS\SYSTEM32\VCRUNTIME140.dll -->
	<msg id='111' source='mc'>
		<type>MODULE_UNLOAD</type>
		<severity>INFO</severity>
		<timestamp>Sun May 12 18:12:50 2019</timestamp>
		<arg name='path'>C:\WINDOWS\SYSTEM32\VCRUNTIME140.dll</arg>
	</msg>
	<!-- Module unloaded C:\WINDOWS\SYSTEM32\VCOMP140.DLL -->
	<msg id='112' source='mc'>
		<type>MODULE_UNLOAD</type>
		<severity>INFO</severity>
		<timestamp>Sun May 12 18:12:50 2019</timestamp>
		<arg name='path'>C:\WINDOWS\SYSTEM32\VCOMP140.DLL</arg>
	</msg>
	<!-- DIAG: 11 -->
	<!-- DIAG: 12 -->
	<!-- DIAG: 13 -->
	<!-- DIAG: 14 -->
	<!-- DIAG: 15 -->
	<!-- DIAG: 16 -->
	<!-- DIAG: 17 -->
	<!-- Analysis completed for C:\Users\parham\documents\visual studio 2017\Projects\histogram\x64\Release\histogram.exe -->
	<msg id='113' source='mc'>
		<type>ANALYSIS_COMPLETE</type>
		<severity>INFO</severity>
		<timestamp>Sun May 12 18:12:50 2019</timestamp>
		<arg name='path'>C:\Users\parham\documents\visual studio 2017\Projects\histogram\x64\Release\histogram.exe</arg>
	</msg>