114 [9304] INFO perfrun.launcher <> - Launcher main begin
118 [9304] INFO perfrun.launcher <> - MessageCatalogInit finished
118 [9304] INFO perfrun.launcher <> - Launcher instance created
118 [9304] INFO perfrun.launcher <> - argc = 7; cmdline = E:\Program Files (x86)\IntelSWTools\VTune Amplifier 2019\bin64\amplxe-runss.exe --ui-output-format xml --ui-output-fd 1076 --option-file C:\Users\parham\documents\visual studio 2017\Projects\histogram\histogram\My Amplifier Results - histogram\r005hs\config\runsa.options 
162 [9304] INFO perfrun.launcher <> - New signal handler callback was added
174 [9304] INFO perfrun.launcher <> - plugin remoteplug has been added successfully
174 [9304] INFO perfrun.launcher <> - plugin system has been added successfully
174 [9304] INFO perfrun.launcher <> - plugin itt has been added successfully
174 [9304] INFO perfrun.launcher <> - plugin  has been added successfully
175 [9304] INFO perfrun.launcher <> - plugin gpu has been added successfully
175 [9304] INFO perfrun.launcher <> - plugin etw.kernel has been added successfully
175 [9304] INFO perfrun.launcher <> - plugin etw.dx has been added successfully
175 [9304] INFO perfrun.launcher <> - plugin etw.wsa has been added successfully
175 [9304] INFO perfrun.launcher <> - plugin mrte has been added successfully
175 [9304] INFO perfrun.launcher <> - plugin emon has been added successfully
175 [9304] INFO perfrun.launcher <> - plugin cuscol has been added successfully
175 [9304] INFO perfrun.launcher <> - plugin stdsrc has been added successfully
175 [9304] INFO perfrun.launcher <> - plugin sep has been added successfully
175 [9304] INFO perfrun.launcher <> - plugin vtsspp has been added successfully
175 [9304] INFO perfrun.launcher <> - plugin  has been added successfully
180 [9304] INFO perfrun.launcher <> - plugin tpss has been added successfully
180 [9304] INFO perfrun.launcher <> - plugin exprof has been added successfully
180 [9304] INFO perfrun.launcher <> - plugin  has been added successfully
180 [9304] INFO perfrun.launcher <> - plugin  has been added successfully
180 [9304] INFO perfrun.launcher <> - plugin  has been added successfully
180 [9304] INFO perfrun.launcher <> - plugin  has been added successfully
180 [9304] INFO perfrun.launcher <> - plugin  has been added successfully
180 [9304] INFO perfrun.launcher <> - plugin power has been added successfully
181 [9304] INFO perfrun.launcher <> - the option was added --interval: Specify an interval of data collection (for example, sampling) in milliseconds.
182 [9304] INFO perfrun.launcher <> - the option was added --follow-child: Profile process with or without children.
182 [9304] INFO perfrun.launcher <> - the option was added --gelding: BADMSG: perfrun1.launcher.plugin_manager::gelding
182 [9304] INFO perfrun.launcher <> - the option was added --time-source: Specify time source for measurement. Possible values: sys - wall clock time; tsc - time stamp counter; ext - time from an external source; auto - auto select accurate time source.
182 [9304] INFO perfrun.launcher <> - the option was added --stack: Enable or disable collection of stacks.
183 [9304] INFO perfrun.launcher <> - the option was added --stack-stitching: Enable or disable the stack stitching algorithm for Intel TBB-based applications.
183 [9304] INFO perfrun.launcher <> - the option was added --type: Specify type of data to be collected. For example, --type cpu:counters,waiting:nostack,io.
183 [9304] INFO perfrun.launcher <> - the option was added --mrte-mode: Specify Java/.NET/other managed runtime collection mode. Possible values: native - collect information only for native code; managed - collect information only for managed code; mixed - collect information for both managed and native code; auto - choose the mode based on binary type.
183 [9304] INFO perfrun.launcher <> - the option was added --mrte-mode-list: List supported Java/.NET/other managed runtime collection modes.
183 [9304] INFO perfrun.launcher <> - the option was added --mrte-type: Specify which managed runtimes to collect. Possible values: java - collect information for Java; dotnet - collect information for .NET; python - collect information for CPython. You can specify several values separated by comma.
184 [9304] INFO perfrun.launcher <> - the option was added --mrte-type-list: List supported Java/.NET/other managed runtime types.
184 [9304] INFO perfrun.launcher <> - the option was added --trace-strategy: Specify how to profile a process tree. <string> can be "<process>:trace:notrace" - profile the process but do not profile its children. Shorthand parameters: t - trace, nt - notrace. For example, "vtunedemo.exe:t:t".
184 [9304] INFO perfrun.launcher <> - the option was added --collector: BADMSG: perfrun1.launcher.plugin_manager::collector
184 [9304] INFO perfrun.launcher <> - the option was added --system-wide: Enable system-wide profiling. This mode may require additional permissions.
184 [9304] INFO perfrun.launcher <> - the option was added --kvm-guest: Enable KVM guest OS profiling.
184 [9304] INFO perfrun.launcher <> - the option was added --kvm-guest-kallsyms: Specify a local path to the /proc/kallsyms file copied from the guest OS for proper symbol resolution.
184 [9304] INFO perfrun.launcher <> - the option was added --kvm-guest-modules: Specify a local path to the /proc/modules file copied from the guest OS for proper symbol resolution.
184 [9304] INFO perfrun.launcher <> - the option was added --bandwidth-limits: Measure bandwidth limits
184 [9304] INFO perfrun.launcher <> - the option was added --bandwidth-strategy: Bandwidth limits determination specific properties (example: --bandwidth-strategy array-size=0,duration=500).
185 [9304] INFO perfrun.launcher <> - the option was added --bandwidth-config: List of benchmarks to run.
185 [9304] INFO perfrun.launcher <> - the option was added --system-collector-config: Specify subcollectors. Possible values: all, vdso, container, device-info, none.
185 [9304] INFO perfrun.launcher <> - the option was added --itt-config: Specify a sub-set of ITT API to collect.
185 [9304] INFO perfrun.launcher <> - the option was added --itt-debug: Set pseudo-breakpoint at ITT API collector's start to enable the debugger to attach early.
185 [9304] INFO perfrun.launcher <> - the option was added --gpu-config: Specify types of GPU data to be collected. Possible values: preset1, preset2.
185 [9304] INFO perfrun.launcher <> - the option was added --gpu-debug: Enable self-testing of the GPGPU profiling collector.
185 [9304] INFO perfrun.launcher <> - the option was added --etw-config: Enable advanced collection of GPU data.
186 [9304] INFO perfrun.launcher <> - the option was added --custom-collector: Allows to provide arbitrary command line to be run on collection steps.
186 [9304] INFO perfrun.launcher <> - the option was added --stdsrc-config: Specify Standard Sources category tag(s).
186 [9304] INFO perfrun.launcher <> - the option was added --event-info: BADMSG: perfrun1.stdsrc::event-info
186 [9304] INFO perfrun.launcher <> - the option was added --cpu-list: List supported CPUs.
186 [9304] INFO perfrun.launcher <> - the option was added --target-list: List available targets for performing sampling collection.
187 [9304] INFO perfrun.launcher <> - the option was added --event-value-list: Display event information.
187 [9304] INFO perfrun.launcher <> - the option was added --platform-value-list: Display details of supported platforms.
187 [9304] INFO perfrun.launcher <> - the option was added --uncore-event-list: List uncore events for which a sampling data collection can be performed on this platform.
187 [9304] INFO perfrun.launcher <> - the option was added --modifier-list: Specify the event name <string> for which the modifiers list is requested.
187 [9304] INFO perfrun.launcher <> - the option was added --pmu-list: List supported PMUs.
187 [9304] INFO perfrun.launcher <> - the option was added --os-mode-only: Enable sampling data collection for OS-mode processes only.
187 [9304] INFO perfrun.launcher <> - the option was added --user-mode-only: Enable sampling data collection for user-mode processes only.
188 [9304] INFO perfrun.launcher <> - the option was added --event-config: Perform data collection for the events with <string> configured using the format <event name1>":modifier1=val:modifier2=val/constraint1={:modifier3=val:modifier4=val}...,"<event name2>":... Specify the events(s) to monitor and embed the event names within double quotes("). [:modifier=val] specifies individual event modifiers along with the respective values for a given platform. Note that the modifiers can be generic to an event as well as specific to a constraint (or an event qualifier). The constraint specific special modifiers appear after [/constraint=]. The modifiers can be in decimal or hexadecimal format. Only specific modifiers accept the value as a string. Each event specification is delimited by a comma (,). For a list of supported modifiers and constraints, refer to the documentation.
188 [9304] INFO perfrun.launcher <> - the option was added --chipset-event-config: Perform data collection for the chipset events with <string> configured using the format "<event name1>"...,"<event name2>":... Specify the events(s) to monitor and embed the event names within double quotes(").
188 [9304] INFO perfrun.launcher <> - the option was added --uncore-event-config: Perform uncore data collection in ebc count mode for the events with <string> configured using the format "<event name1>"...,"<event name2>":... Specify the events(s) to monitor and embed the event names within double quotes(").
188 [9304] INFO perfrun.launcher <> - the option was added --count: Enable counting mode.
188 [9304] INFO perfrun.launcher <> - the option was added --count-emon: Enable counting mode and output the data in EMON format.
188 [9304] INFO perfrun.launcher <> - the option was added --event-based-counts: Enable event-based counting mode. During sampling data collection, event counts data is collected for the list of events specified in -event-config option.
188 [9304] INFO perfrun.launcher <> - the option was added --event-mux-tfactor: Specify the event multiplexing tfactor as <integer> to set the length of the interval between interrupts. The larger the tfactor value, the larger the period between interrupts. Currently this option is only available on Intel platforms codenamed Knights Corner.
189 [9304] INFO perfrun.launcher <> - the option was added --uncore-sampling-interval: Specify the uncore sampling interval as <integer>. This value set the uncore sampling interval for all the uncore events specified in -event-config option.
189 [9304] INFO perfrun.launcher <> - the option was added --full-pebs-capture: Capture full pebs information.
189 [9304] INFO perfrun.launcher <> - the option was added --last-branch-records: Capture Last Branch Records information.
189 [9304] INFO perfrun.launcher <> - the option was added --pmu-type: Specify the targeted PMU name as <string>.
189 [9304] INFO perfrun.launcher <> - the option was added --platform-type: Specify the targeted platform number as <number>.
189 [9304] INFO perfrun.launcher <> - the option was added --p-state-trigger: Specify the name of the trigger event for P-state data as <string>. The default trigger is CPU_CLK_UNHALTED.REF_TSC.
189 [9304] INFO perfrun.launcher <> - the option was added --bts-count: Specify the <integer> number of BTS records collected after each sample or context switch (VTSS++ only).
190 [9304] INFO perfrun.launcher <> - the option was added --cpu-mask: Specify which CPU(s) <string> to collect data on. For example, specify "2-8,10,12-14" to sample only CPUs 2 through 8, 10, and 12 through 14.
190 [9304] INFO perfrun.launcher <> - the option was added --event-mux-alg: Specify the event multiplexing algorithm. Possible values: sequence, timer, trigger.
190 [9304] INFO perfrun.launcher <> - the option was added --event-mux-timeslice: Specify the event multiplexing time slice value as <integer>. The time slice specifies the duration between cycles for each event multiplexing group. The default value is 50 milliseconds. This option is valid only for timer-based event multiplexing. Specify the event multiplexing time slice value as <integer>. The time slice specifies the duration between cycles for each event multiplexing group. The default value is 1 millisecond. This option is valid only for timer-based event multiplexing.
190 [9304] INFO perfrun.launcher <> - the option was added --event-mux-factor: Specify the event multiplexing factor as <integer>. It controls the switching of event multiplexing groups. The default factor is 50. This option is valid only for trigger-based event multiplexing. Specify the event multiplexing factor as <integer>. It controls the switching of event multiplexing groups. The default factor is 1. This option is valid only for trigger-based event multiplexing.
190 [9304] INFO perfrun.launcher <> - the option was added --event-mux-trigger: Specify the name of the trigger event for event multiplexing as <string>. This option is valid only for trigger-based event multiplexing. The default trigger is CPU_CLK_UNHALTED.CORE (or CPU_CLK_UNHALTED.THREAD). BADMSG: perfrun1.vtsspp::event-mux-trigger
190 [9304] INFO perfrun.launcher <> - the option was added --sample-after-multiplier: Specify the sample after multiplier as <double>. This multiplier modifies the sample after value for all the events specified in -event-config option. The values can range from 0.1 to 100.0.
190 [9304] INFO perfrun.launcher <> - the option was added --sys-config: BADMSG: perfrun1.vtsspp::sys-config
190 [9304] INFO perfrun.launcher <> - the option was added --pt-mode: BADMSG: perfrun1.vtsspp::pt-mode
191 [9304] INFO perfrun.launcher <> - the option was added --stackwalk: Specify stack unwinding method. Possible value: lbr - unwind stacks during collection. Specify stack unwinding method. Possible values: online - unwind stacks during collection; offline - unwind stacks after collection is finished; lbr - enable LBR-based call stack collection. Specify stack unwinding method. Possible values: online - unwind stacks during collection; offline - unwind stacks after collection is finished.
191 [9304] INFO perfrun.launcher <> - the option was added --filter-include: Filter data during collection. Possible values: contended=<on|off> - filter out uncontended events; contended_nostack=<time> - filter out stacks for contended events that take less than <time> microseconds; wait=<time> - ignore transitions and blocks with wait time less than <time> microseconds; wait_nostack=<time> - filter out stacks for waits that take less than <time> microseconds.
191 [9304] INFO perfrun.launcher <> - the option was added --debug-pin: Debug PIN tool and runtime.
191 [9304] INFO perfrun.launcher <> - the option was added --debug-exception: Disallow the application to set own abnormal termination handler.
191 [9304] INFO perfrun.launcher <> - the option was added --trace-type: Specify the trace file granularity. Possible values: per-thread - per-thread trace file generation; per-process - per-process trace file generation.
191 [9304] INFO perfrun.launcher <> - the option was added --instrumentation-type: Specify type of instrumentation.
191 [9304] INFO perfrun.launcher <> - the option was added --guard-pulse-event: Enable handling of PulseEvent API in order not to miss signals made by the API during Hotspots collection.
191 [9304] INFO perfrun.launcher <> - the option was added --memory-strategy: Specify a minimal memory object size to be traced and a hash table size for faster objects search; for example: --memory-strategy obj-size-min=1024,hash-table-size=4096.
191 [9304] INFO perfrun.launcher <> - the option was added --gpu-profiling-config: Specify a type of deep GPU profiling applied for all kernels and a comma-separated list of GPU kernel names and invocations in the following format: profiling_type[@kernel_name[:start_idx:step:stop_idx]], where profiling_type is one of following: none, bblatency, memlatency; kernel_name is the name of GPU kernel; start_idx is the number of the first invocation; and stop_idx is the number of the last invocation to be profiled.
191 [9304] INFO perfrun.launcher <> - the option was added --opencl-trace-mode: Specify OpenCL kernel tracing modes: 'default' to trace OpenCL kernels for Intel Graphics Driver only; 'epoch' for any non-Intel graphics, where OpenCL kernels will be traced and OpenCL profiling API timestamps will be interpreted as Unux Epoch time in nanoseconds; 'completion' to trace OpenCL kernels for any Graphics Driver and bind OpenCL profiling API timestamps to the timestamp of OpenCL completion callback.
192 [9304] INFO perfrun.launcher <> - the option was added --exprof-com-list: List available COM ports.
192 [9304] INFO perfrun.launcher <> - the option was added --exprof-dvc-list: List available DvC IDs.
192 [9304] INFO perfrun.launcher <> - the option was added --exprof-trace-channel: BADMSG: perfrun1.exprof::exprof-trace-channel
192 [9304] INFO perfrun.launcher <> - the option was added --exprof-event-config: Specify ExactProfiling Event Classes.
192 [9304] INFO perfrun.launcher <> - the option was added --pwr-config: BADMSG: perfrun1.vtsspp::pwr-config Specify power metrics configuration.
192 [9304] INFO perfrun.launcher <> - the option was added --socwatch-dir: Specify a directory where Intel SoC Watch collector is installed.
195 [9304] INFO perfrun.launcher <> - create msngr2::ICliToolContext
196 [9304] WARN perfrun.launcher <> - The same value is already set for this option. This value is ignored., at file: C:\BB\INNLphep2w6r\b\b\tmpvjigi0\vcs\perfrun1\launcher\src\configuration.cpp:808
196 [9304] INFO perfrun.launcher <> - create file finder object
196 [9304] INFO perfrun.launcher <> - create a result directory: pattern = C:\Users\parham\documents\visual studio 2017\Projects\histogram\histogram\My Amplifier Results - histogram\r005hs pid = 4294967295
202 [9304] INFO perfrun.launcher <> - create data directory = C:\Users\parham\documents\visual studio 2017\Projects\histogram\histogram\My Amplifier Results - histogram\r005hs\data.0
210 [9304] INFO perfrun.launcher <> - Creating the master collection flag
221 [9304] INFO perfrun.launcher <> - Done creating the master collection flag
221 [6732] INFO perfrun.launcher <> - plugin [remoteplug] was disabled because it doesn't support the given collection type.
222 [6732] INFO perfrun.sdk <> - Allocating TMU :C:\Users\parham\documents\visual studio 2017\Projects\histogram\histogram\My Amplifier Results - histogram\r005hs\data.0\systemcollector-16136-Parham.sc
228 [6732] INFO perfrun.launcher <> - plugin [] was disabled because it doesn't support the given collection type.
228 [6732] INFO perfrun.launcher <> - plugin [gpu] was disabled because it doesn't support the given collection type.
228 [6732] INFO perfrun.launcher <> - plugin [etw.kernel] was disabled because it doesn't support the given collection type.
228 [6732] INFO perfrun.launcher <> - plugin [etw.dx] was disabled because it doesn't support the given collection type.
228 [6732] INFO perfrun.launcher <> - plugin [etw.wsa] was disabled because it doesn't support the given collection type.
229 [6732] INFO perfrun.mrte <> - Getting  mrte profiling environment ...
254 [6732] INFO perfrun.mrte <> - INTEL_MRTE_DATA_DIR=C:\Users\parham\documents\visual studio 2017\Projects\histogram\histogram\My Amplifier Results - histogram\r005hs\data.0
255 [6732] INFO perfrun.mrte <> - INTEL_MRTE_HOST_NAME=Parham
255 [6732] INFO perfrun.mrte <> - JAVA_TOOL_OPTIONS=-agentlib:amplxe_samplingmrte_javaprof_1.0
255 [6732] INFO perfrun.mrte <> - COR_ENABLE_PROFILING=1
255 [6732] INFO perfrun.mrte <> - COR_PROFILER={AA5E4821-E3B1-479c-B7FF-5AD047D22CED}
255 [6732] INFO perfrun.mrte <> - COMPLUS_ProfAPI_ProfilerCompatibilitySetting=EnableV2Profiler
255 [6732] INFO perfrun.mrte <> - CORECLR_ENABLE_PROFILING=1
255 [6732] INFO perfrun.mrte <> - CORECLR_PROFILER={AA5E4821-E3B1-479c-B7FF-5AD047D22CED}
255 [6732] INFO perfrun.mrte <> - CORECLR_PROFILER_PATH=E:\Program Files (x86)\IntelSWTools\VTune Amplifier 2019\bin64/amplxe_samplingmrte_clrprof_1.0.dll
255 [6732] INFO perfrun.mrte <> - INTEL_MRTE_PROFILER_MODE=mixed
255 [6732] INFO perfrun.mrte <> - Data directory: C:\Users\parham\documents\visual studio 2017\Projects\histogram\histogram\My Amplifier Results - histogram\r005hs\data.0
255 [6732] INFO perfrun.mrte <> - Mrte plugin is initialized
255 [6732] INFO perfrun.launcher <> - plugin [emon] was disabled because it doesn't support the given collection type.
255 [6732] INFO perfrun.launcher <> - plugin [cuscol] was disabled because it doesn't support the given collection type.
255 [6732] INFO perfrun.launcher <> - plugin [stdsrc] was disabled because it doesn't support the given collection type.
256 [6732] INFO perfrun.sepdk <> - "E:\Program Files (x86)\IntelSWTools\VTune Amplifier 2019\bin64\sep.exe" -dry-run -ec CPU_CLK_UNHALTED.THREAD:sa=2600000,CPU_CLK_UNHALTED.REF_TSC:sa=2600000,INST_RETIRED.ANY:sa=2600000,CPU_CLK_UNHALTED.REF_XCLK:sa=100003,CPU_CLK_UNHALTED.ONE_THREAD_ACTIVE:sa=100003,UOPS_RETIRED.RETIRE_SLOTS:sa=2000003,FP_ARITH_INST_RETIRED.SCALAR_SINGLE:sa=2000003,FP_ARITH_INST_RETIRED.128B_PACKED_SINGLE:sa=2000003,FP_ARITH_INST_RETIRED.256B_PACKED_SINGLE:sa=2000003,FP_ARITH_INST_RETIRED.SCALAR_DOUBLE:sa=2000003,FP_ARITH_INST_RETIRED.128B_PACKED_DOUBLE:sa=2000003,FP_ARITH_INST_RETIRED.256B_PACKED_DOUBLE:sa=2000003,UOPS_EXECUTED.X87:sa=2000003,UOPS_EXECUTED.THREAD:sa=2000003 -experimental
344 [6732] INFO perfrun.launcher <> - plugin [vtsspp] was disabled because it doesn't support the given collection type.
344 [6732] INFO perfrun.launcher <> - plugin [] was disabled because it doesn't support the given collection type.
344 [6732] INFO perfrun.tpss <> - initialize tpss controller
344 [6732] INFO perfrun.launcher <> - plugin [tpss] was disabled because it doesn't support the given collection type.
345 [6732] INFO perfrun.launcher <> - plugin [exprof] was disabled because it doesn't support the given collection type.
345 [6732] INFO perfrun.launcher <> - plugin [] was disabled because it doesn't support the given collection type.
345 [6732] INFO perfrun.launcher <> - plugin [] was disabled because it doesn't support the given collection type.
345 [6732] INFO perfrun.launcher <> - plugin [] was disabled because it doesn't support the given collection type.
345 [6732] INFO perfrun.launcher <> - plugin [] was disabled because it doesn't support the given collection type.
345 [6732] INFO perfrun.launcher <> - plugin [] was disabled because it doesn't support the given collection type.
345 [6732] INFO perfrun.launcher <> - plugin [power] was disabled because it doesn't support the given collection type.
345 [9304] INFO perfrun.launcher <> - set environment variable: PATH = E:\Program Files (x86)\IntelSWTools\VTune Amplifier 2019\bin32\runtime;E:\Program Files (x86)\IntelSWTools\VTune Amplifier 2019\bin64\runtime;E:\Program Files (x86)\IntelSWTools\compilers_and_libraries_2019\windows\redist\intel64\compiler;;E:\Program Files (x86)\IntelSWTools\compilers_and_libraries_2019\windows\redist\intel64\compiler;E:\Program Files (x86)\IntelSWTools\compilers_and_libraries_2019\windows\redist\intel64\compiler;E:\Program Files (x86)\IntelSWTools\compilers_and_libraries_2019.2.190\windows\mpi\intel64\bin;C:\Program Files (x86)\Common Files\Intel\Shared Libraries\redist\intel64_win\mpirt;C:\Program Files (x86)\Common Files\Intel\Shared Libraries\redist\ia32_win\mpirt;C:\Program Files (x86)\Common Files\Intel\Shared Libraries\redist\intel64_win\compiler;C:\Program Files (x86)\Common Files\Intel\Shared Libraries\redist\ia32_win\compiler;C:\ProgramData\Oracle\Java\javapath;C:\Program Files (x86)\Intel\iCLS Client\;C:\Program Files\Intel\iCLS Client\;C:\Windows\system32;C:\Windows;C:\Windows\System32\Wbem;C:\Windows\System32\WindowsPowerShell\v1.0\;C:\Program Files (x86)\Intel\Intel(R) Management Engine Components\DAL;C:\Program Files\Intel\Intel(R) Management Engine Components\DAL;C:\Program Files (x86)\Intel\Intel(R) Management Engine Components\IPT;C:\Program Files\Intel\Intel(R) Management Engine Components\IPT;C:\Users\parham\.dnx\bin;C:\Program Files\Microsoft DNX\Dnvm\;C:\Program Files\Microsoft SQL Server\120\Tools\Binn\;C:\Program Files\Microsoft SQL Server\130\Tools\Binn\;C:\WINDOWS\system32;C:\WINDOWS;C:\WINDOWS\System32\Wbem;C:\WINDOWS\System32\WindowsPowerShell\v1.0\;C:\Program Files (x86)\MySQL\MySQL Fabric 1.5 & MySQL Utilities 1.5\;C:\Program Files (x86)\MySQL\MySQL Fabric 1.5 & MySQL Utilities 1.5\Doctrine extensions for PHP\;C:\Program Files (x86)\NVIDIA Corporation\PhysX\Common;C:\Program Files (x86)\BaseX\bin;C:\WINDOWS\system32;C:\WINDOWS;C:\WINDOWS\System32\Wbem;C:\WINDOWS\System32\WindowsPowerShell\v1.0\;C:\Program Files (x86)\Windows Kits\10\Windows Performance Toolkit\;C:\Program Files\dotnet\;C:\Program Files\Apache\maven\bin;C:\Program Files\gradle-4.2\bin;C:\Program Files\Java\jdk1.8.0_77\bin;C:\xampp\php;C:\composer;C:\jflex\bin;C:\Program Files\Java\jdk1.8.0_77\bin;D:\Program Files\MATLAB\R2017b\runtime\win64;D:\Program Files\MATLAB\R2017b\bin;C:\GnuWin32\bin;C:\Program Files\PuTTY\;C:\netcat-1.11;C:\WINDOWS\System32\OpenSSH\;C:\Program Files\Git\cmd;C:\Program Files\MiKTeX 2.9\miktex\bin\x64\;C:\Program Files\NVIDIA Corporation\NVIDIA NvDLISR;C:\Program Files\nodejs\;C:\Program Files\NVIDIA Corporation\Nsight Compute 2019.1\;%PYTHON_HOME%;C:\Users\parham\Anaconda2;C:\Users\parham\Anaconda2\Library\mingw-w64\bin;C:\Users\parham\Anaconda2\Library\usr\bin;C:\Users\parham\Anaconda2\Library\bin;C:\Users\parham\Anaconda2\Scripts;C:\Program Files\modeltech64_10.1c\win64;C:\modeltech64_10.1c\win64;C:\Users\parham\AppData\Local\Microsoft\WindowsApps;C:\Users\parham\AppData\Roaming\Composer\vendor\bin;C:\Users\parham\AppData\Local\Microsoft\WindowsApps;C:\Users\parham\AppData\Roaming\npm;E:\Program Files\JetBrains\PyCharm 2018.3.3\bin;C:\Program Files (x86)\Nmap
345 [9304] INFO perfrun.launcher <> - set environment variable: INTEL_LIBITTNOTIFY32 = E:\Program Files (x86)\IntelSWTools\VTune Amplifier 2019\bin32\runtime\ittnotify_collector.dll
346 [9304] INFO perfrun.launcher <> - set environment variable: INTEL_LIBITTNOTIFY64 = E:\Program Files (x86)\IntelSWTools\VTune Amplifier 2019\bin64\runtime\ittnotify_collector.dll
346 [9304] INFO perfrun.launcher <> - set environment variable: INTEL_ITTNOTIFY_GROUPS = 
346 [9304] INFO perfrun.launcher <> - set environment variable: INTEL_JIT_PROFILER32 = E:\Program Files (x86)\IntelSWTools\VTune Amplifier 2019\bin32\runtime\ittnotify_collector.dll
346 [9304] INFO perfrun.launcher <> - set environment variable: INTEL_JIT_PROFILER64 = E:\Program Files (x86)\IntelSWTools\VTune Amplifier 2019\bin64\runtime\ittnotify_collector.dll
347 [9304] INFO perfrun.launcher <> - set environment variable: VS_PROFILER = ittnotify_collector.dll
347 [9304] INFO perfrun.launcher <> - set environment variable: ENABLE_JITPROFILING = 1
347 [9304] INFO perfrun.launcher <> - set environment variable: CL_CONFIG_USE_VTUNE = True
347 [9304] INFO perfrun.launcher <> - set environment variable: __OCL_MIC_INTEL_LIBITTNOTIFY64 = /amplxe/results/libittnotify_collector.so
347 [9304] INFO perfrun.launcher <> - set environment variable: __OCL_MIC_INTEL_JIT_PROFILER64 = /amplxe/results/libittnotify_collector.so
347 [9304] INFO perfrun.launcher <> - set environment variable: KMP_FORKJOIN_FRAMES = 0
347 [9304] INFO perfrun.launcher <> - set environment variable: KMP_FORKJOIN_FRAMES_MODE = 0
348 [9304] INFO perfrun.launcher <> - set environment variable: INTEL_MRTE_DATA_DIR = C:\Users\parham\documents\visual studio 2017\Projects\histogram\histogram\My Amplifier Results - histogram\r005hs\data.0
348 [9304] INFO perfrun.launcher <> - set environment variable: INTEL_MRTE_HOST_NAME = Parham
348 [9304] INFO perfrun.launcher <> - set environment variable: JAVA_TOOL_OPTIONS = -agentlib:amplxe_samplingmrte_javaprof_1.0
348 [9304] INFO perfrun.launcher <> - set environment variable: COR_ENABLE_PROFILING = 1
348 [9304] INFO perfrun.launcher <> - set environment variable: COR_PROFILER = {AA5E4821-E3B1-479c-B7FF-5AD047D22CED}
348 [9304] INFO perfrun.launcher <> - set environment variable: COMPLUS_ProfAPI_ProfilerCompatibilitySetting = EnableV2Profiler
348 [9304] INFO perfrun.launcher <> - set environment variable: CORECLR_ENABLE_PROFILING = 1
348 [9304] INFO perfrun.launcher <> - set environment variable: CORECLR_PROFILER = {AA5E4821-E3B1-479c-B7FF-5AD047D22CED}
348 [9304] INFO perfrun.launcher <> - set environment variable: CORECLR_PROFILER_PATH = E:\Program Files (x86)\IntelSWTools\VTune Amplifier 2019\bin64/amplxe_samplingmrte_clrprof_1.0.dll
349 [9304] INFO perfrun.launcher <> - set environment variable: INTEL_MRTE_PROFILER_MODE = mixed
349 [9304] INFO perfrun.launcher <> - RpcServer: run RPC server to handle requests
364 [9304] INFO perfrun.sdk <> - IProcessUtil: the given executable 'C:\Users\parham\documents\visual studio 2017\Projects\histogram\x64\Release\histogram.exe' is valid.
364 [9304] INFO perfrun.launcher <> - Launcher: command line to start before modification = C:\Users\parham\documents\visual studio 2017\Projects\histogram\x64\Release\histogram.exe
364 [9304] INFO perfrun.launcher <> - Launcher: command line to start after modification = C:\Users\parham\documents\visual studio 2017\Projects\histogram\x64\Release\histogram.exe
364 [9304] INFO perfrun.launcher <> - ProcessCreator object was created
374 [9304] INFO perfrun.launcher <> - Launcher: the process was started in suspend mode
413 [6732] INFO perfrun.system <> - OpenCL gpu adapter vendor Id 32902
414 [6732] INFO perfrun.itt <> - start itt controller for pid #4924
415 [6732] INFO perfrun.sepdk <> - called: "E:\Program Files (x86)\IntelSWTools\VTune Amplifier 2019\bin64\sep.exe" -start -experimental -uem timer=10 -p-state trigger=CPU_CLK_UNHALTED.REF_TSC -out "C:\Users\parham\documents\visual studio 2017\Projects\histogram\histogram\My Amplifier Results - histogram\r005hs\data.0\sep1a4c.20190512T182449.661577" -ec INST_RETIRED.ANY:sa=2600000,CPU_CLK_UNHALTED.THREAD:sa=2600000,CPU_CLK_UNHALTED.REF_TSC:sa=2600000,CPU_CLK_UNHALTED.REF_XCLK:sa=100003,CPU_CLK_UNHALTED.ONE_THREAD_ACTIVE:sa=100003,UOPS_RETIRED.RETIRE_SLOTS:sa=2000003,FP_ARITH_INST_RETIRED.SCALAR_SINGLE:sa=2000003,FP_ARITH_INST_RETIRED.128B_PACKED_SINGLE:sa=2000003,FP_ARITH_INST_RETIRED.256B_PACKED_SINGLE:sa=2000003,FP_ARITH_INST_RETIRED.SCALAR_DOUBLE:sa=2000003,FP_ARITH_INST_RETIRED.128B_PACKED_DOUBLE:sa=2000003,FP_ARITH_INST_RETIRED.256B_PACKED_DOUBLE:sa=2000003,UOPS_EXECUTED.X87:sa=2000003,UOPS_EXECUTED.THREAD:sa=2000003, -d 0 -uem factor=10
924 [9304] INFO perfrun.launcher <> - Launcher: all plugins were started
924 [9304] INFO perfrun.launcher <> - DirectoryMonitor object was created
928 [9304] INFO perfrun.launcher <> - DirectoryMonitor: a callback was added
928 [9304] INFO perfrun.launcher <> - DirectoryMonitor was started with pingTime = 1000
928 [9304] INFO perfrun.launcher <> - DeadlineTimer is going to be constructed
929 [9304] INFO perfrun.launcher <> - DeadlineTimer: a callback was added
943 [9304] INFO perfrun.launcher <> - Launcher: resume the profiled application and  wait its termination or stop command
2314 [9304] INFO perfrun.launcher <> - Launcher: the profiled application was terminated  with exit code = 0
2325 [6732] INFO perfrun.itt <> - stop itt controller
2325 [6732] INFO perfrun.itt <> - detach itt controller
2325 [6732] INFO perfrun.sepdk <> - called: "E:\Program Files (x86)\IntelSWTools\VTune Amplifier 2019\bin64\sep.exe" -stop
3109 [6732] INFO perfrun.sepdk <> - Sampling successfully stopped.

3109 [6732] INFO perfrun.sdk <> - De-allocating TMU: C:\Users\parham\documents\visual studio 2017\Projects\histogram\histogram\My Amplifier Results - histogram\r005hs\data.0\systemcollector-16136-Parham.sc
3123 [6732] INFO perfrun.system <> - closed the system trace file: C:\Users\parham\documents\visual studio 2017\Projects\histogram\histogram\My Amplifier Results - histogram\r005hs\data.0\systemcollector-16136-Parham.sc
3123 [9304] INFO perfrun.launcher <> - Launcher: all plugins were stopped.
3123 [9304] INFO perfrun.launcher <> - DeadlineTimer is going to be destroyed
3123 [9304] INFO perfrun.launcher <> - DirectoryMonitor object was destroyed
3123 [9304] WARN perfrun.launcher <> - Stop command is ignored because it is received when collection is already stopped, at file: C:\BB\INNLphep2w6r\b\b\tmpvjigi0\vcs\perfrun1\launcher\src\command_handler.cpp:212
3126 [9304] INFO perfrun.launcher <> - Application exit code: 0
3126 [9304] INFO perfrun.launcher <> - Exit code: 0
